{"numTotalTestSuites":90,"numPassedTestSuites":90,"numFailedTestSuites":0,"numPendingTestSuites":0,"numTotalTests":230,"numPassedTests":230,"numFailedTests":0,"numPendingTests":0,"numTodoTests":0,"snapshot":{"added":0,"failure":false,"filesAdded":0,"filesRemoved":0,"filesRemovedList":[],"filesUnmatched":0,"filesUpdated":0,"matched":0,"total":0,"unchecked":0,"uncheckedKeysByFile":[],"unmatched":0,"updated":0,"didUpdate":false},"startTime":1787452522905,"success":true,"testResults":[{"assertionResults":[{"ancestorTitles":["i18n full-product artifact acquisition packet"],"fullName":"i18n full-product artifact acquisition packet keeps all five surfaces NOT_RUN and the unsigned packet HOLD without a manifest","status":"passed","title":"keeps all five surfaces NOT_RUN and the unsigned packet HOLD without a manifest","duration":7.023900000000026,"failureMessages":[],"meta":{},"tags":[]},{"ancestorTitles":["i18n full-product artifact acquisition packet"],"fullName":"i18n full-product artifact acquisition packet binds real artifact/evidence bytes and SHA-256 but never self-issues approval or HMAC","status":"passed","title":"binds real artifact/evidence bytes and SHA-256 but never self-issues approval or HMAC","duration":30.934399999999982,"failureMessages":[],"meta":{},"tags":[]},{"ancestorTitles":["i18n full-product artifact acquisition packet"],"fullName":"i18n full-product artifact acquisition packet rejects synthetic or unexecuted declarations as HOLD","status":"passed","title":"rejects synthetic or unexecuted declarations as HOLD","duration":29.537700000000086,"failureMessages":[],"meta":{},"tags":[]}],"startTime":1787452533321,"endTime":1787452533388.5376,"status":"passed","message":"","name":"C:/Users/gomd9/Downloads/nexysys_1/nexyfab.com/new/scripts/i18n/acquire-full-product-review-packet.test.ts"},{"assertionResults":[{"ancestorTitles":["commercial six-language catalog"],"fullName":"commercial six-language catalog covers every migrated commercial source pair without legacy binary branches","status":"passed","title":"covers every migrated commercial source pair without legacy binary branches","duration":2249.9358,"failureMessages":[],"meta":{},"tags":[]},{"ancestorTitles":["commercial six-language catalog"],"fullName":"commercial six-language catalog keeps the Studio route-local catalog complete so it does not import the full commercial catalog","status":"passed","title":"keeps the Studio route-local catalog complete so it does not import the full commercial catalog","duration":73.84900000000016,"failureMessages":[],"meta":{},"tags":[]}],"startTime":1787452525480,"endTime":1787452527803.849,"status":"passed","message":"","name":"C:/Users/gomd9/Downloads/nexysys_1/nexyfab.com/new/scripts/i18n/commercial-catalog.test.ts"},{"assertionResults":[{"ancestorTitles":["6언어 커버리지 래칫"],"fullName":"6언어 커버리지 래칫 ★새로 규칙을 어긴 파일이 없다 — 6언어를 다 넣거나 기준선을 갱신하라","status":"passed","title":"★새로 규칙을 어긴 파일이 없다 — 6언어를 다 넣거나 기준선을 갱신하라","duration":2.7802999999994427,"failureMessages":[],"meta":{},"tags":[]},{"ancestorTitles":["6언어 커버리지 래칫"],"fullName":"6언어 커버리지 래칫 고친 파일은 기준선에서 빠져야 한다 — 갚은 부채를 남겨 두면 래칫이 헐거워진다","status":"passed","title":"고친 파일은 기준선에서 빠져야 한다 — 갚은 부채를 남겨 두면 래칫이 헐거워진다","duration":0.5183999999999287,"failureMessages":[],"meta":{},"tags":[]},{"ancestorTitles":["6언어 커버리지 래칫"],"fullName":"6언어 커버리지 래칫 ★정책·법적 문서는 기준선에 들어올 수 없다 — 영어로 나가면 성격이 다르다","status":"passed","title":"★정책·법적 문서는 기준선에 들어올 수 없다 — 영어로 나가면 성격이 다르다","duration":0.26700000000073487,"failureMessages":[],"meta":{},"tags":[]},{"ancestorTitles":["6언어 커버리지 래칫"],"fullName":"6언어 커버리지 래칫 기준선 파일은 실재하는 경로만 담는다 — 지워진 파일이 남으면 래칫이 무의미해진다","status":"passed","title":"기준선 파일은 실재하는 경로만 담는다 — 지워진 파일이 남으면 래칫이 무의미해진다","duration":0.3436999999994441,"failureMessages":[],"meta":{},"tags":[]},{"ancestorTitles":["스캐너 사각지대"],"fullName":"스캐너 사각지대 ★`const KO:` 형태의 사전도 스캔한다 — 파트너 포털 17개가 여기 해당한다","status":"passed","title":"★`const KO:` 형태의 사전도 스캔한다 — 파트너 포털 17개가 여기 해당한다","duration":6.3060999999997875,"failureMessages":[],"meta":{},"tags":[]},{"ancestorTitles":["스캐너 사각지대"],"fullName":"스캐너 사각지대 파트너 구역은 부채 목록에 하나도 없다 — 17개 사전 전부 6/6","status":"passed","title":"파트너 구역은 부채 목록에 하나도 없다 — 17개 사전 전부 6/6","duration":0.2749000000003434,"failureMessages":[],"meta":{},"tags":[]},{"ancestorTitles":["site-wide language hardcoding guard"],"fullName":"site-wide language hardcoding guard does not use Korean/English-only locale branches anywhere in user-facing source","status":"passed","title":"does not use Korean/English-only locale branches anywhere in user-facing source","duration":11760.669400000002,"failureMessages":[],"meta":{},"tags":[]},{"ancestorTitles":["site-wide language hardcoding guard"],"fullName":"site-wide language hardcoding guard does not render direct Korean JSX outside explicit Korean dictionaries","status":"passed","title":"does not render direct Korean JSX outside explicit Korean dictionaries","duration":37052.917,"failureMessages":[],"meta":{},"tags":[]},{"ancestorTitles":["site-wide language hardcoding guard"],"fullName":"site-wide language hardcoding guard does not hide Korean UI copy inside URL-encoded literals","status":"passed","title":"does not hide Korean UI copy inside URL-encoded literals","duration":7834.570700000004,"failureMessages":[],"meta":{},"tags":[]}],"startTime":1787452530613,"endTime":1787452587272.5708,"status":"passed","message":"","name":"C:/Users/gomd9/Downloads/nexysys_1/nexyfab.com/new/scripts/i18n/lang-coverage.test.ts"},{"assertionResults":[{"ancestorTitles":["로케일 하드코딩 래칫"],"fullName":"로케일 하드코딩 래칫 ★새로 로케일을 박아 넣은 파일이 없다 — `@/lib/i18n/format` 을 쓰라","status":"passed","title":"★새로 로케일을 박아 넣은 파일이 없다 — `@/lib/i18n/format` 을 쓰라","duration":2.324700000000121,"failureMessages":[],"meta":{},"tags":[]},{"ancestorTitles":["로케일 하드코딩 래칫"],"fullName":"로케일 하드코딩 래칫 ★기존 파일에서 하드코딩이 늘지 않았다","status":"passed","title":"★기존 파일에서 하드코딩이 늘지 않았다","duration":0.45830000000023574,"failureMessages":[],"meta":{},"tags":[]},{"ancestorTitles":["로케일 하드코딩 래칫"],"fullName":"로케일 하드코딩 래칫 고친 파일은 기준선에서 줄어야 한다 — 갚은 부채를 남기면 래칫이 헐거워진다","status":"passed","title":"고친 파일은 기준선에서 줄어야 한다 — 갚은 부채를 남기면 래칫이 헐거워진다","duration":0.30989999999974316,"failureMessages":[],"meta":{},"tags":[]},{"ancestorTitles":["포맷 헬퍼"],"fullName":"포맷 헬퍼 ★언어마다 다른 결과를 낸다 — 같은 값이면 헬퍼가 로케일을 안 쓰는 것이다","status":"passed","title":"★언어마다 다른 결과를 낸다 — 같은 값이면 헬퍼가 로케일을 안 쓰는 것이다","duration":31.22499999999991,"failureMessages":[],"meta":{},"tags":[]},{"ancestorTitles":["포맷 헬퍼"],"fullName":"포맷 헬퍼 ★깨진 값은 빈 문자열이 아니라 null — 「날짜 없음」과 「값이 깨졌다」는 다르다","status":"passed","title":"★깨진 값은 빈 문자열이 아니라 null — 「날짜 없음」과 「값이 깨졌다」는 다르다","duration":0.41540000000031796,"failureMessages":[],"meta":{},"tags":[]},{"ancestorTitles":["포맷 헬퍼"],"fullName":"포맷 헬퍼 ★통화는 **표시 언어가 아니라 거래 통화**가 정한다","status":"passed","title":"★통화는 **표시 언어가 아니라 거래 통화**가 정한다","duration":0.8566000000000713,"failureMessages":[],"meta":{},"tags":[]}],"startTime":1787452535936,"endTime":1787452535971.8567,"status":"passed","message":"","name":"C:/Users/gomd9/Downloads/nexysys_1/nexyfab.com/new/scripts/i18n/locale-hardcode.test.ts"},{"assertionResults":[{"ancestorTitles":["채팅 API 오류 안내"],"fullName":"채팅 API 오류 안내 게스트 일일 한도를 한국어 행동 안내와 로그인 링크로 바꾼다","status":"passed","title":"게스트 일일 한도를 한국어 행동 안내와 로그인 링크로 바꾼다","duration":23.746599999999944,"failureMessages":[],"meta":{},"tags":[]},{"ancestorTitles":["채팅 API 오류 안내"],"fullName":"채팅 API 오류 안내 모든 지원 언어에 게스트 제한 안내와 해당 언어 로그인 경로가 있다","status":"passed","title":"모든 지원 언어에 게스트 제한 안내와 해당 언어 로그인 경로가 있다","duration":1.3894000000000233,"failureMessages":[],"meta":{},"tags":[]},{"ancestorTitles":["상용 제품 경로와 첫 요청 자동 라우팅"],"fullName":"상용 제품 경로와 첫 요청 자동 라우팅 모든 언어에 제품·기계와 공간·인프라 경로 문구가 있다","status":"passed","title":"모든 언어에 제품·기계와 공간·인프라 경로 문구가 있다","duration":0.7675000000001546,"failureMessages":[],"meta":{},"tags":[]},{"ancestorTitles":["상용 제품 경로와 첫 요청 자동 라우팅"],"fullName":"상용 제품 경로와 첫 요청 자동 라우팅 명확한 요청만 분야로 자동 라우팅하고 애매한 요청은 기본 경로에 남긴다","status":"passed","title":"명확한 요청만 분야로 자동 라우팅하고 애매한 요청은 기본 경로에 남긴다","duration":2.480199999999968,"failureMessages":[],"meta":{},"tags":[]},{"ancestorTitles":["existing assembly follow-up routing"],"fullName":"existing assembly follow-up routing routes clash repair wording to stateful assembly editing","status":"passed","title":"routes clash repair wording to stateful assembly editing","duration":0.6967999999999392,"failureMessages":[],"meta":{},"tags":[]},{"ancestorTitles":["저장 결과의 생성 증거는 누락 시 fail-closed"],"fullName":"저장 결과의 생성 증거는 누락 시 fail-closed gateErrors 누락을 통과가 아닌 not_run으로 분류한다","status":"passed","title":"gateErrors 누락을 통과가 아닌 not_run으로 분류한다","duration":0.35200000000008913,"failureMessages":[],"meta":{},"tags":[]},{"ancestorTitles":["저장 결과의 생성 증거는 누락 시 fail-closed"],"fullName":"저장 결과의 생성 증거는 누락 시 fail-closed intent/assembly 객체 없이 실제 STEP 또는 SCAD 문자열만 형상 증거로 인정한다","status":"passed","title":"intent/assembly 객체 없이 실제 STEP 또는 SCAD 문자열만 형상 증거로 인정한다","duration":0.3403000000000702,"failureMessages":[],"meta":{},"tags":[]},{"ancestorTitles":["정밀 CAD 원본 보호"],"fullName":"정밀 CAD 원본 보호 기존 NFAB 컨텍스트를 신규 형상으로 전체 재생성하지 않도록 차단한다","status":"passed","title":"기존 NFAB 컨텍스트를 신규 형상으로 전체 재생성하지 않도록 차단한다","duration":3.223600000000033,"failureMessages":[],"meta":{},"tags":[]},{"ancestorTitles":["★CHECK_LABELS_I18N(계산 검토항목명)이 6개 site 언어를 모두 갖는다"],"fullName":"★CHECK_LABELS_I18N(계산 검토항목명)이 6개 site 언어를 모두 갖는다 ★모든 항목이 6개 언어 전부에 값을 갖는다","status":"passed","title":"★모든 항목이 6개 언어 전부에 값을 갖는다","duration":0.5449000000000979,"failureMessages":[],"meta":{},"tags":[]},{"ancestorTitles":["★CHECK_LABELS_I18N(계산 검토항목명)이 6개 site 언어를 모두 갖는다"],"fullName":"★CHECK_LABELS_I18N(계산 검토항목명)이 6개 site 언어를 모두 갖는다 ★en 을 포함해 kr 이 아닌 모든 언어에서 한글이 남지 않는다 — 이게 실제 결함이었다","status":"passed","title":"★en 을 포함해 kr 이 아닌 모든 언어에서 한글이 남지 않는다 — 이게 실제 결함이었다","duration":0.3632999999999811,"failureMessages":[],"meta":{},"tags":[]},{"ancestorTitles":["★CHECK_LABELS_I18N(계산 검토항목명)이 6개 site 언어를 모두 갖는다"],"fullName":"★CHECK_LABELS_I18N(계산 검토항목명)이 6개 site 언어를 모두 갖는다 kr 값은 원본과 같다 — 번역 과정에서 원문이 바뀌지 않았는지","status":"passed","title":"kr 값은 원본과 같다 — 번역 과정에서 원문이 바뀌지 않았는지","duration":0.16540000000009059,"failureMessages":[],"meta":{},"tags":[]},{"ancestorTitles":["★FEATURE_KIND_I18N(3D 사양 카드 feature명)이 6개 site 언어를 모두 갖는다"],"fullName":"★FEATURE_KIND_I18N(3D 사양 카드 feature명)이 6개 site 언어를 모두 갖는다 ★모든 항목이 6개 언어 전부에 값을 갖는다","status":"passed","title":"★모든 항목이 6개 언어 전부에 값을 갖는다","duration":0.22050000000012915,"failureMessages":[],"meta":{},"tags":[]},{"ancestorTitles":["★FEATURE_KIND_I18N(3D 사양 카드 feature명)이 6개 site 언어를 모두 갖는다"],"fullName":"★FEATURE_KIND_I18N(3D 사양 카드 feature명)이 6개 site 언어를 모두 갖는다 ★en 을 포함해 kr 이 아닌 모든 언어에서 한글이 남지 않는다","status":"passed","title":"★en 을 포함해 kr 이 아닌 모든 언어에서 한글이 남지 않는다","duration":0.17499999999995453,"failureMessages":[],"meta":{},"tags":[]},{"ancestorTitles":["★FEATURE_KIND_I18N(3D 사양 카드 feature명)이 6개 site 언어를 모두 갖는다"],"fullName":"★FEATURE_KIND_I18N(3D 사양 카드 feature명)이 6개 site 언어를 모두 갖는다 kr 값은 원본과 같다","status":"passed","title":"kr 값은 원본과 같다","duration":0.1390000000001237,"failureMessages":[],"meta":{},"tags":[]},{"ancestorTitles":["CAD 결과 작업공간 회귀 방지"],"fullName":"CAD 결과 작업공간 회귀 방지 랜딩 경로에서 시작한 대화도 넓은 화면과 CAD 결과가 있으면 분할 3D를 표시한다","status":"passed","title":"랜딩 경로에서 시작한 대화도 넓은 화면과 CAD 결과가 있으면 분할 3D를 표시한다","duration":0.16809999999986758,"failureMessages":[],"meta":{},"tags":[]},{"ancestorTitles":["CAD 결과 작업공간 회귀 방지"],"fullName":"CAD 결과 작업공간 회귀 방지 CAD 상세 문구는 모든 언어에 있고 비한국어 번역에 한글이 새지 않는다","status":"passed","title":"CAD 상세 문구는 모든 언어에 있고 비한국어 번역에 한글이 새지 않는다","duration":0.34179999999992106,"failureMessages":[],"meta":{},"tags":[]},{"ancestorTitles":["ChatHero 사용자 노출 문구 전수 지역화"],"fullName":"ChatHero 사용자 노출 문구 전수 지역화 잔여 UI 사전과 도면 유형 사전이 6개 언어를 모두 제공한다","status":"passed","title":"잔여 UI 사전과 도면 유형 사전이 6개 언어를 모두 제공한다","duration":0.3125,"failureMessages":[],"meta":{},"tags":[]},{"ancestorTitles":["ChatHero 사용자 노출 문구 전수 지역화"],"fullName":"ChatHero 사용자 노출 문구 전수 지역화 비한국어 UI 사전에는 한글이 남지 않는다","status":"passed","title":"비한국어 UI 사전에는 한글이 남지 않는다","duration":0.25729999999998654,"failureMessages":[],"meta":{},"tags":[]},{"ancestorTitles":["ChatHero 사용자 노출 문구 전수 지역화"],"fullName":"ChatHero 사용자 노출 문구 전수 지역화 클라이언트가 실행형·대화형·제목 요청 모두에 현재 언어를 전달한다","status":"passed","title":"클라이언트가 실행형·대화형·제목 요청 모두에 현재 언어를 전달한다","duration":0.3731999999999971,"failureMessages":[],"meta":{},"tags":[]},{"ancestorTitles":["ChatHero 사용자 노출 문구 전수 지역화"],"fullName":"ChatHero 사용자 노출 문구 전수 지역화 production chat form controls retain stable autofill and accessibility identities","status":"passed","title":"production chat form controls retain stable autofill and accessibility identities","duration":0.34799999999995634,"failureMessages":[],"meta":{},"tags":[]},{"ancestorTitles":["ChatHero 사용자 노출 문구 전수 지역화"],"fullName":"ChatHero 사용자 노출 문구 전수 지역화 과거 사용자 노출 하드코딩이 렌더 경로에 남지 않는다","status":"passed","title":"과거 사용자 노출 하드코딩이 렌더 경로에 남지 않는다","duration":0.5999000000001615,"failureMessages":[],"meta":{},"tags":[]}],"startTime":1787452535468,"endTime":1787452535505.5999,"status":"passed","message":"","name":"C:/Users/gomd9/Downloads/nexysys_1/nexyfab.com/new/src/app/[lang]/ChatHero.i18n.test.ts"},{"assertionResults":[{"ancestorTitles":["admin i18n base contract"],"fullName":"admin i18n base contract provides every navigation key in all six locales","status":"passed","title":"provides every navigation key in all six locales","duration":5.693399999999997,"failureMessages":[],"meta":{},"tags":[]},{"ancestorTitles":["admin i18n base contract"],"fullName":"admin i18n base contract normalizes route aliases and preserves the Arabic locale","status":"passed","title":"normalizes route aliases and preserves the Arabic locale","duration":0.44450000000006185,"failureMessages":[],"meta":{},"tags":[]}],"startTime":1787452539209,"endTime":1787452539215.4446,"status":"passed","message":"","name":"C:/Users/gomd9/Downloads/nexysys_1/nexyfab.com/new/src/lib/i18n/adminTranslations.test.ts"},{"assertionResults":[{"ancestorTitles":["createCatalogLocalizer bare count placeholders"],"fullName":"createCatalogLocalizer bare count placeholders localizes numeric values while leaving units and identifiers unchanged","status":"passed","title":"localizes numeric values while leaving units and identifiers unchanged","duration":2.558499999999981,"failureMessages":[],"meta":{},"tags":[]},{"ancestorTitles":["createCatalogLocalizer bare count placeholders"],"fullName":"createCatalogLocalizer bare count placeholders applies the same numeric-only guard to flat locale catalogs","status":"passed","title":"applies the same numeric-only guard to flat locale catalogs","duration":0.6091000000000122,"failureMessages":[],"meta":{},"tags":[]}],"startTime":1787452540613,"endTime":1787452540616.6091,"status":"passed","message":"","name":"C:/Users/gomd9/Downloads/nexysys_1/nexyfab.com/new/src/lib/i18n/catalogLocalizer.test.ts"},{"assertionResults":[{"ancestorTitles":["manufacturing display vocabulary"],"fullName":"manufacturing display vocabulary localizes stable product and process values for every supported locale","status":"passed","title":"localizes stable product and process values for every supported locale","duration":2.507099999999923,"failureMessages":[],"meta":{},"tags":[]},{"ancestorTitles":["manufacturing display vocabulary"],"fullName":"manufacturing display vocabulary normalizes route aliases for region labels and preserves unknown identifiers","status":"passed","title":"normalizes route aliases for region labels and preserves unknown identifiers","duration":0.2866999999999962,"failureMessages":[],"meta":{},"tags":[]},{"ancestorTitles":["manufacturing display vocabulary"],"fullName":"manufacturing display vocabulary covers profile taxonomy labels in every route locale without changing identifiers","status":"passed","title":"covers profile taxonomy labels in every route locale without changing identifiers","duration":4.189499999999953,"failureMessages":[],"meta":{},"tags":[]}],"startTime":1787452538827,"endTime":1787452538834.1895,"status":"passed","message":"","name":"C:/Users/gomd9/Downloads/nexysys_1/nexyfab.com/new/src/lib/i18n/manufacturingTerms.test.ts"},{"assertionResults":[{"ancestorTitles":["locale normalization"],"fullName":"locale normalization maps stored ISO locales to canonical route locales","status":"passed","title":"maps stored ISO locales to canonical route locales","duration":2.3944999999999936,"failureMessages":[],"meta":{},"tags":[]},{"ancestorTitles":["locale normalization"],"fullName":"locale normalization normalizes regional and script locale values from browsers and OAuth providers","status":"passed","title":"normalizes regional and script locale values from browsers and OAuth providers","duration":0.5466000000000122,"failureMessages":[],"meta":{},"tags":[]},{"ancestorTitles":["locale normalization"],"fullName":"locale normalization canonicalizes legacy locale URL segments without touching other paths","status":"passed","title":"canonicalizes legacy locale URL segments without touching other paths","duration":0.5241999999999507,"failureMessages":[],"meta":{},"tags":[]},{"ancestorTitles":["locale normalization"],"fullName":"locale normalization keeps UI language and direction helpers compatible with legacy values","status":"passed","title":"keeps UI language and direction helpers compatible with legacy values","duration":0.5613999999999351,"failureMessages":[],"meta":{},"tags":[]}],"startTime":1787452541012,"endTime":1787452541015.5613,"status":"passed","message":"","name":"C:/Users/gomd9/Downloads/nexysys_1/nexyfab.com/new/src/lib/i18n/normalize.test.ts"},{"assertionResults":[{"ancestorTitles":["server locale resolution"],"fullName":"server locale resolution normalizes kr","status":"passed","title":"normalizes kr","duration":18.972800000000007,"failureMessages":[],"meta":{},"tags":[]},{"ancestorTitles":["server locale resolution"],"fullName":"server locale resolution normalizes ko","status":"passed","title":"normalizes ko","duration":0.3046999999999116,"failureMessages":[],"meta":{},"tags":[]},{"ancestorTitles":["server locale resolution"],"fullName":"server locale resolution normalizes ko-KR","status":"passed","title":"normalizes ko-KR","duration":0.19849999999996726,"failureMessages":[],"meta":{},"tags":[]},{"ancestorTitles":["server locale resolution"],"fullName":"server locale resolution normalizes cn","status":"passed","title":"normalizes cn","duration":0.1472999999999729,"failureMessages":[],"meta":{},"tags":[]},{"ancestorTitles":["server locale resolution"],"fullName":"server locale resolution normalizes zh","status":"passed","title":"normalizes zh","duration":0.1711999999999989,"failureMessages":[],"meta":{},"tags":[]},{"ancestorTitles":["server locale resolution"],"fullName":"server locale resolution normalizes zh-CN","status":"passed","title":"normalizes zh-CN","duration":0.15399999999999636,"failureMessages":[],"meta":{},"tags":[]},{"ancestorTitles":["server locale resolution"],"fullName":"server locale resolution normalizes en","status":"passed","title":"normalizes en","duration":0.14980000000002747,"failureMessages":[],"meta":{},"tags":[]},{"ancestorTitles":["server locale resolution"],"fullName":"server locale resolution normalizes jp","status":"passed","title":"normalizes jp","duration":0.19129999999995562,"failureMessages":[],"meta":{},"tags":[]},{"ancestorTitles":["server locale resolution"],"fullName":"server locale resolution normalizes ja-JP","status":"passed","title":"normalizes ja-JP","duration":0.1915000000000191,"failureMessages":[],"meta":{},"tags":[]},{"ancestorTitles":["server locale resolution"],"fullName":"server locale resolution normalizes es-ES","status":"passed","title":"normalizes es-ES","duration":0.22410000000002128,"failureMessages":[],"meta":{},"tags":[]},{"ancestorTitles":["server locale resolution"],"fullName":"server locale resolution normalizes ar-SA","status":"passed","title":"normalizes ar-SA","duration":0.15269999999998163,"failureMessages":[],"meta":{},"tags":[]},{"ancestorTitles":["server locale resolution"],"fullName":"server locale resolution uses the highest-priority supported Accept-Language value","status":"passed","title":"uses the highest-priority supported Accept-Language value","duration":1.3011000000000195,"failureMessages":[],"meta":{},"tags":[]},{"ancestorTitles":["server locale resolution"],"fullName":"server locale resolution prefers an explicit body locale over the header","status":"passed","title":"prefers an explicit body locale over the header","duration":0.24110000000007403,"failureMessages":[],"meta":{},"tags":[]},{"ancestorTitles":["server locale resolution"],"fullName":"server locale resolution provides localized API messages for every supported route locale","status":"passed","title":"provides localized API messages for every supported route locale","duration":0.3574999999999591,"failureMessages":[],"meta":{},"tags":[]}],"startTime":1787452536993,"endTime":1787452537015.3574,"status":"passed","message":"","name":"C:/Users/gomd9/Downloads/nexysys_1/nexyfab.com/new/src/lib/i18n/serverLocale.test.ts"},{"assertionResults":[{"ancestorTitles":["spatial exact clash job copy"],"fullName":"spatial exact clash job copy keeps active usage and cancellation copy in all six locale paths","status":"passed","title":"keeps active usage and cancellation copy in all six locale paths","duration":1.8868000000001075,"failureMessages":[],"meta":{},"tags":[]}],"startTime":1787452541323,"endTime":1787452541324.8867,"status":"passed","message":"","name":"C:/Users/gomd9/Downloads/nexysys_1/nexyfab.com/new/src/lib/i18n/spatialCadJobTranslations.test.ts"},{"assertionResults":[{"ancestorTitles":["SSO commercial UI contract"],"fullName":"SSO commercial UI contract does not entitle SSO through any advertised plan","status":"passed","title":"does not entitle SSO through any advertised plan","duration":1.994100000000003,"failureMessages":[],"meta":{},"tags":[]},{"ancestorTitles":["SSO commercial UI contract"],"fullName":"SSO commercial UI contract ships an explicit localized HOLD disclosure for all six routes","status":"passed","title":"ships an explicit localized HOLD disclosure for all six routes","duration":2.0825999999999567,"failureMessages":[],"meta":{},"tags":[]}],"startTime":1787452540143,"endTime":1787452540147.0825,"status":"passed","message":"","name":"C:/Users/gomd9/Downloads/nexysys_1/nexyfab.com/new/src/lib/i18n/ssoCommercialStatus.test.ts"},{"assertionResults":[{"ancestorTitles":["DashboardPage — lang gate matches the real route segment"],"fullName":"DashboardPage — lang gate matches the real route segment lang=kr (the real Korean route segment): renders the Korean dict","status":"passed","title":"lang=kr (the real Korean route segment): renders the Korean dict","duration":100.25510000000031,"failureMessages":[],"meta":{},"tags":[]},{"ancestorTitles":["DashboardPage — lang gate matches the real route segment"],"fullName":"DashboardPage — lang gate matches the real route segment lang=ko (legacy ISO form): also renders the Korean dict","status":"passed","title":"lang=ko (legacy ISO form): also renders the Korean dict","duration":28.639400000000023,"failureMessages":[],"meta":{},"tags":[]},{"ancestorTitles":["DashboardPage — lang gate matches the real route segment"],"fullName":"DashboardPage — lang gate matches the real route segment lang=en: renders the English dict, no leftover Korean","status":"passed","title":"lang=en: renders the English dict, no leftover Korean","duration":28.88709999999992,"failureMessages":[],"meta":{},"tags":[]}],"startTime":1787452532212,"endTime":1787452532369.8872,"status":"passed","message":"","name":"C:/Users/gomd9/Downloads/nexysys_1/nexyfab.com/new/src/app/[lang]/dashboard/page.i18n.test.tsx"},{"assertionResults":[{"ancestorTitles":["★AutoQuoteCard dict 가 6개 site 언어 모두 applyPrimary/applyAlt 를 갖는다"],"fullName":"★AutoQuoteCard dict 가 6개 site 언어 모두 applyPrimary/applyAlt 를 갖는다 ★모든 언어가 applyPrimary/applyAlt 를 갖는다","status":"passed","title":"★모든 언어가 applyPrimary/applyAlt 를 갖는다","duration":2.1222999999999956,"failureMessages":[],"meta":{},"tags":[]},{"ancestorTitles":["★AutoQuoteCard dict 가 6개 site 언어 모두 applyPrimary/applyAlt 를 갖는다"],"fullName":"★AutoQuoteCard dict 가 6개 site 언어 모두 applyPrimary/applyAlt 를 갖는다 ★ko 를 제외한 모든 언어에서 한글이 남지 않는다 — 이게 실제 결함이었다","status":"passed","title":"★ko 를 제외한 모든 언어에서 한글이 남지 않는다 — 이게 실제 결함이었다","duration":0.37599999999997635,"failureMessages":[],"meta":{},"tags":[]},{"ancestorTitles":["★AutoQuoteCard dict 가 6개 site 언어 모두 applyPrimary/applyAlt 를 갖는다"],"fullName":"★AutoQuoteCard dict 가 6개 site 언어 모두 applyPrimary/applyAlt 를 갖는다 ko 값은 원본과 같다","status":"passed","title":"ko 값은 원본과 같다","duration":0.30100000000004457,"failureMessages":[],"meta":{},"tags":[]}],"startTime":1787452541458,"endTime":1787452541461.301,"status":"passed","message":"","name":"C:/Users/gomd9/Downloads/nexysys_1/nexyfab.com/new/src/app/[lang]/quick-quote/AutoQuoteCard.i18n.test.tsx"},{"assertionResults":[{"ancestorTitles":["WorkflowStepper — step labels follow lang, not hardcoded to ko/en"],"fullName":"WorkflowStepper — step labels follow lang, not hardcoded to ko/en lang=ko: shows Korean labels","status":"passed","title":"lang=ko: shows Korean labels","duration":63.16500000000019,"failureMessages":[],"meta":{},"tags":[]},{"ancestorTitles":["WorkflowStepper — step labels follow lang, not hardcoded to ko/en"],"fullName":"WorkflowStepper — step labels follow lang, not hardcoded to ko/en lang=en: shows English labels","status":"passed","title":"lang=en: shows English labels","duration":8.960199999999986,"failureMessages":[],"meta":{},"tags":[]},{"ancestorTitles":["WorkflowStepper — step labels follow lang, not hardcoded to ko/en"],"fullName":"WorkflowStepper — step labels follow lang, not hardcoded to ko/en lang=ja: shows Japanese labels, not the bare English word","status":"passed","title":"lang=ja: shows Japanese labels, not the bare English word","duration":8.04020000000014,"failureMessages":[],"meta":{},"tags":[]},{"ancestorTitles":["WorkflowStepper — step labels follow lang, not hardcoded to ko/en"],"fullName":"WorkflowStepper — step labels follow lang, not hardcoded to ko/en lang=cn: shows Chinese labels, not the bare English word","status":"passed","title":"lang=cn: shows Chinese labels, not the bare English word","duration":7.010199999999941,"failureMessages":[],"meta":{},"tags":[]},{"ancestorTitles":["WorkflowStepper — step labels follow lang, not hardcoded to ko/en"],"fullName":"WorkflowStepper — step labels follow lang, not hardcoded to ko/en lang=es: shows Spanish labels, not the bare English word","status":"passed","title":"lang=es: shows Spanish labels, not the bare English word","duration":16.27469999999994,"failureMessages":[],"meta":{},"tags":[]},{"ancestorTitles":["WorkflowStepper — step labels follow lang, not hardcoded to ko/en"],"fullName":"WorkflowStepper — step labels follow lang, not hardcoded to ko/en lang=ar: shows Arabic labels, not the bare English word","status":"passed","title":"lang=ar: shows Arabic labels, not the bare English word","duration":5.7444000000000415,"failureMessages":[],"meta":{},"tags":[]}],"startTime":1787452534080,"endTime":1787452534188.7444,"status":"passed","message":"","name":"C:/Users/gomd9/Downloads/nexysys_1/nexyfab.com/new/src/app/[lang]/shape-generator/WorkflowStepper.i18n.test.tsx"},{"assertionResults":[{"ancestorTitles":["fmtKRW — currency unit suffix is language-branched"],"fullName":"fmtKRW — currency unit suffix is language-branched isKo=false (lang=ja): \"KRW\" suffix, no 원","status":"passed","title":"isKo=false (lang=ja): \"KRW\" suffix, no 원","duration":23.004099999999994,"failureMessages":[],"meta":{},"tags":[]},{"ancestorTitles":["fmtKRW — currency unit suffix is language-branched"],"fullName":"fmtKRW — currency unit suffix is language-branched isKo=false (lang=cn): \"KRW\" suffix, no 원","status":"passed","title":"isKo=false (lang=cn): \"KRW\" suffix, no 원","duration":0.43240000000002965,"failureMessages":[],"meta":{},"tags":[]},{"ancestorTitles":["fmtKRW — currency unit suffix is language-branched"],"fullName":"fmtKRW — currency unit suffix is language-branched isKo=false (lang=es): \"KRW\" suffix, no 원","status":"passed","title":"isKo=false (lang=es): \"KRW\" suffix, no 원","duration":0.33989999999994325,"failureMessages":[],"meta":{},"tags":[]},{"ancestorTitles":["fmtKRW — currency unit suffix is language-branched"],"fullName":"fmtKRW — currency unit suffix is language-branched isKo=false (lang=ar): \"KRW\" suffix, no 원","status":"passed","title":"isKo=false (lang=ar): \"KRW\" suffix, no 원","duration":0.29769999999996344,"failureMessages":[],"meta":{},"tags":[]},{"ancestorTitles":["fmtKRW — currency unit suffix is language-branched"],"fullName":"fmtKRW — currency unit suffix is language-branched isKo=false (lang=en): \"KRW\" suffix, no 원","status":"passed","title":"isKo=false (lang=en): \"KRW\" suffix, no 원","duration":0.3289999999999509,"failureMessages":[],"meta":{},"tags":[]},{"ancestorTitles":["fmtKRW — currency unit suffix is language-branched"],"fullName":"fmtKRW — currency unit suffix is language-branched isKo=true: keeps the original 원 suffix","status":"passed","title":"isKo=true: keeps the original 원 suffix","duration":0.24719999999990705,"failureMessages":[],"meta":{},"tags":[]},{"ancestorTitles":["fmtKRW — currency unit suffix is language-branched"],"fullName":"fmtKRW — currency unit suffix is language-branched zero/null price still branches on isKo (무료/Free), not currency-suffixed","status":"passed","title":"zero/null price still branches on isKo (무료/Free), not currency-suffixed","duration":0.25720000000001164,"failureMessages":[],"meta":{},"tags":[]},{"ancestorTitles":["fmtKRW — currency unit suffix is language-branched"],"fullName":"fmtKRW — currency unit suffix is language-branched localizes free labels for every supported locale","status":"passed","title":"localizes free labels for every supported locale","duration":0.3571000000000595,"failureMessages":[],"meta":{},"tags":[]}],"startTime":1787452536829,"endTime":1787452536854.3572,"status":"passed","message":"","name":"C:/Users/gomd9/Downloads/nexysys_1/nexyfab.com/new/src/app/[lang]/nexyfab/billing/page.i18n.test.tsx"},{"assertionResults":[{"ancestorTitles":["CodeCheckPanel — non-ko renders carry no leftover Korean"],"fullName":"CodeCheckPanel — non-ko renders carry no leftover Korean lang=en: group titles/field labels/units are English, not Korean","status":"passed","title":"lang=en: group titles/field labels/units are English, not Korean","duration":184.03049999999985,"failureMessages":[],"meta":{},"tags":[]},{"ancestorTitles":["CodeCheckPanel — non-ko renders carry no leftover Korean"],"fullName":"CodeCheckPanel — non-ko renders carry no leftover Korean lang=ja: group titles/field labels/units are English, not Korean","status":"passed","title":"lang=ja: group titles/field labels/units are English, not Korean","duration":71.45260000000007,"failureMessages":[],"meta":{},"tags":[]},{"ancestorTitles":["CodeCheckPanel — non-ko renders carry no leftover Korean"],"fullName":"CodeCheckPanel — non-ko renders carry no leftover Korean lang=cn: group titles/field labels/units are English, not Korean","status":"passed","title":"lang=cn: group titles/field labels/units are English, not Korean","duration":63.529399999999896,"failureMessages":[],"meta":{},"tags":[]},{"ancestorTitles":["CodeCheckPanel — non-ko renders carry no leftover Korean"],"fullName":"CodeCheckPanel — non-ko renders carry no leftover Korean lang=es: group titles/field labels/units are English, not Korean","status":"passed","title":"lang=es: group titles/field labels/units are English, not Korean","duration":52.2488000000003,"failureMessages":[],"meta":{},"tags":[]},{"ancestorTitles":["CodeCheckPanel — non-ko renders carry no leftover Korean"],"fullName":"CodeCheckPanel — non-ko renders carry no leftover Korean lang=ar: group titles/field labels/units are English, not Korean","status":"passed","title":"lang=ar: group titles/field labels/units are English, not Korean","duration":61.23510000000033,"failureMessages":[],"meta":{},"tags":[]},{"ancestorTitles":["CodeCheckPanel — non-ko renders carry no leftover Korean"],"fullName":"CodeCheckPanel — non-ko renders carry no leftover Korean lang=kr: group titles/field labels/units stay Korean (unchanged originals)","status":"passed","title":"lang=kr: group titles/field labels/units stay Korean (unchanged originals)","duration":61.67719999999963,"failureMessages":[],"meta":{},"tags":[]},{"ancestorTitles":["CodeCheckPanel — non-ko renders carry no leftover Korean"],"fullName":"CodeCheckPanel — non-ko renders carry no leftover Korean lang=en: select option labels are English (e.g. stair usage dropdown)","status":"passed","title":"lang=en: select option labels are English (e.g. stair usage dropdown)","duration":53.204699999999775,"failureMessages":[],"meta":{},"tags":[]},{"ancestorTitles":["CodeCheckPanel — non-ko renders carry no leftover Korean"],"fullName":"CodeCheckPanel — non-ko renders carry no leftover Korean lang=en: a rendered report shows the \"statute\" badge, not 법령","status":"passed","title":"lang=en: a rendered report shows the \"statute\" badge, not 법령","duration":201.3158000000003,"failureMessages":[],"meta":{},"tags":[]},{"ancestorTitles":["CodeCheckPanel — non-ko renders carry no leftover Korean"],"fullName":"CodeCheckPanel — non-ko renders carry no leftover Korean lang=kr: a rendered report shows the 법령 badge (unchanged)","status":"passed","title":"lang=kr: a rendered report shows the 법령 badge (unchanged)","duration":150.51459999999952,"failureMessages":[],"meta":{},"tags":[]}],"startTime":1787452526597,"endTime":1787452527496.5146,"status":"passed","message":"","name":"C:/Users/gomd9/Downloads/nexysys_1/nexyfab.com/new/src/app/[lang]/nexyfab/design/CodeCheckPanel.i18n.test.tsx"},{"assertionResults":[{"ancestorTitles":["DesignInner localization wiring"],"fullName":"DesignInner localization wiring does not keep executable ko/en ternary UI branches","status":"passed","title":"does not keep executable ko/en ternary UI branches","duration":1.8392000000000053,"failureMessages":[],"meta":{},"tags":[]},{"ancestorTitles":["DesignInner localization wiring"],"fullName":"DesignInner localization wiring normalizes kr/cn route aliases through the shared copy helper","status":"passed","title":"normalizes kr/cn route aliases through the shared copy helper","duration":0.44859999999994216,"failureMessages":[],"meta":{},"tags":[]}],"startTime":1787452541769,"endTime":1787452541771.4485,"status":"passed","message":"","name":"C:/Users/gomd9/Downloads/nexysys_1/nexyfab.com/new/src/app/[lang]/nexyfab/design/DesignInner.i18n.test.ts"},{"assertionResults":[{"ancestorTitles":["FabPanel — rate card labels are language-branched, not fixed Korean"],"fullName":"FabPanel — rate card labels are language-branched, not fixed Korean lang=en: rate card uses the six-language catalog, no leftover Korean","status":"passed","title":"lang=en: rate card uses the six-language catalog, no leftover Korean","duration":123.71270000000004,"failureMessages":[],"meta":{},"tags":[]},{"ancestorTitles":["FabPanel — rate card labels are language-branched, not fixed Korean"],"fullName":"FabPanel — rate card labels are language-branched, not fixed Korean lang=ja: rate card uses the six-language catalog, no leftover Korean","status":"passed","title":"lang=ja: rate card uses the six-language catalog, no leftover Korean","duration":50.893200000000434,"failureMessages":[],"meta":{},"tags":[]},{"ancestorTitles":["FabPanel — rate card labels are language-branched, not fixed Korean"],"fullName":"FabPanel — rate card labels are language-branched, not fixed Korean lang=cn: rate card uses the six-language catalog, no leftover Korean","status":"passed","title":"lang=cn: rate card uses the six-language catalog, no leftover Korean","duration":46.91139999999996,"failureMessages":[],"meta":{},"tags":[]},{"ancestorTitles":["FabPanel — rate card labels are language-branched, not fixed Korean"],"fullName":"FabPanel — rate card labels are language-branched, not fixed Korean lang=es: rate card uses the six-language catalog, no leftover Korean","status":"passed","title":"lang=es: rate card uses the six-language catalog, no leftover Korean","duration":30.128600000000006,"failureMessages":[],"meta":{},"tags":[]},{"ancestorTitles":["FabPanel — rate card labels are language-branched, not fixed Korean"],"fullName":"FabPanel — rate card labels are language-branched, not fixed Korean lang=ar: rate card uses the six-language catalog, no leftover Korean","status":"passed","title":"lang=ar: rate card uses the six-language catalog, no leftover Korean","duration":30.33120000000008,"failureMessages":[],"meta":{},"tags":[]},{"ancestorTitles":["FabPanel — rate card labels are language-branched, not fixed Korean"],"fullName":"FabPanel — rate card labels are language-branched, not fixed Korean lang=kr: rate card keeps original Korean labels","status":"passed","title":"lang=kr: rate card keeps original Korean labels","duration":29.563300000000254,"failureMessages":[],"meta":{},"tags":[]},{"ancestorTitles":["FabPanel — FF&E seat-count suffix is language-branched"],"fullName":"FabPanel — FF&E seat-count suffix is language-branched lang=en: seat suffix reads \"seats\", not 석","status":"passed","title":"lang=en: seat suffix reads \"seats\", not 석","duration":18.74499999999989,"failureMessages":[],"meta":{},"tags":[]},{"ancestorTitles":["FabPanel — FF&E seat-count suffix is language-branched"],"fullName":"FabPanel — FF&E seat-count suffix is language-branched lang=kr: seat suffix reads 석","status":"passed","title":"lang=kr: seat suffix reads 석","duration":25.904399999999896,"failureMessages":[],"meta":{},"tags":[]}],"startTime":1787452529729,"endTime":1787452530085.9043,"status":"passed","message":"","name":"C:/Users/gomd9/Downloads/nexysys_1/nexyfab.com/new/src/app/[lang]/nexyfab/design/FabPanel.i18n.test.tsx"},{"assertionResults":[{"ancestorTitles":["Precision CAD agent i18n"],"fullName":"Precision CAD agent i18n covers every supported locale for controls, status, artifacts, and exact-promotion truth","status":"passed","title":"covers every supported locale for controls, status, artifacts, and exact-promotion truth","duration":3.4419000000000324,"failureMessages":[],"meta":{},"tags":[]}],"startTime":1787452540451,"endTime":1787452540454.442,"status":"passed","message":"","name":"C:/Users/gomd9/Downloads/nexysys_1/nexyfab.com/new/src/app/[lang]/nexyfab/design/PrecisionCadAgentPanel.i18n.test.ts"},{"assertionResults":[{"ancestorTitles":["levelLabel — DFM issue badge label is language-branched"],"fullName":"levelLabel — DFM issue badge label is language-branched isKo=true: Korean labels","status":"passed","title":"isKo=true: Korean labels","duration":6.7929000000000315,"failureMessages":[],"meta":{},"tags":[]},{"ancestorTitles":["levelLabel — DFM issue badge label is language-branched"],"fullName":"levelLabel — DFM issue badge label is language-branched isKo=false: English labels, no leaked Korean","status":"passed","title":"isKo=false: English labels, no leaked Korean","duration":10.912699999999859,"failureMessages":[],"meta":{},"tags":[]}],"startTime":1787452538356,"endTime":1787452538373.9126,"status":"passed","message":"","name":"C:/Users/gomd9/Downloads/nexysys_1/nexyfab.com/new/src/app/[lang]/nexyfab/dfm/page.i18n.test.ts"},{"assertionResults":[{"ancestorTitles":["fmtKRW — currency unit suffix is language-branched"],"fullName":"fmtKRW — currency unit suffix is language-branched isKo=false (lang=ja): \"KRW\" suffix, no 원","status":"passed","title":"isKo=false (lang=ja): \"KRW\" suffix, no 원","duration":24.74219999999991,"failureMessages":[],"meta":{},"tags":[]},{"ancestorTitles":["fmtKRW — currency unit suffix is language-branched"],"fullName":"fmtKRW — currency unit suffix is language-branched isKo=false (lang=cn): \"KRW\" suffix, no 원","status":"passed","title":"isKo=false (lang=cn): \"KRW\" suffix, no 원","duration":0.44859999999994216,"failureMessages":[],"meta":{},"tags":[]},{"ancestorTitles":["fmtKRW — currency unit suffix is language-branched"],"fullName":"fmtKRW — currency unit suffix is language-branched isKo=false (lang=es): \"KRW\" suffix, no 원","status":"passed","title":"isKo=false (lang=es): \"KRW\" suffix, no 원","duration":0.34170000000005984,"failureMessages":[],"meta":{},"tags":[]},{"ancestorTitles":["fmtKRW — currency unit suffix is language-branched"],"fullName":"fmtKRW — currency unit suffix is language-branched isKo=false (lang=ar): \"KRW\" suffix, no 원","status":"passed","title":"isKo=false (lang=ar): \"KRW\" suffix, no 원","duration":0.32550000000003365,"failureMessages":[],"meta":{},"tags":[]},{"ancestorTitles":["fmtKRW — currency unit suffix is language-branched"],"fullName":"fmtKRW — currency unit suffix is language-branched isKo=false (lang=en): \"KRW\" suffix, no 원","status":"passed","title":"isKo=false (lang=en): \"KRW\" suffix, no 원","duration":0.4370999999999867,"failureMessages":[],"meta":{},"tags":[]},{"ancestorTitles":["fmtKRW — currency unit suffix is language-branched"],"fullName":"fmtKRW — currency unit suffix is language-branched isKo=true: keeps the original 원 suffix","status":"passed","title":"isKo=true: keeps the original 원 suffix","duration":0.3005999999999176,"failureMessages":[],"meta":{},"tags":[]},{"ancestorTitles":["getDemoOrders — demo part/manufacturer names are language-branched"],"fullName":"getDemoOrders — demo part/manufacturer names are language-branched isKo=true: returns the original Korean names unchanged","status":"passed","title":"isKo=true: returns the original Korean names unchanged","duration":1.1322999999999865,"failureMessages":[],"meta":{},"tags":[]},{"ancestorTitles":["getDemoOrders — demo part/manufacturer names are language-branched"],"fullName":"getDemoOrders — demo part/manufacturer names are language-branched isKo=false: returns English names, no Korean (Hangul) leakage","status":"passed","title":"isKo=false: returns English names, no Korean (Hangul) leakage","duration":0.9762999999999238,"failureMessages":[],"meta":{},"tags":[]},{"ancestorTitles":["getDemoOrders — demo part/manufacturer names are language-branched"],"fullName":"getDemoOrders — demo part/manufacturer names are language-branched isKo=false: every other order field is unchanged from the ko dataset","status":"passed","title":"isKo=false: every other order field is unchanged from the ko dataset","duration":0.5201000000000704,"failureMessages":[],"meta":{},"tags":[]},{"ancestorTitles":["getDemoOrders — demo part/manufacturer names are language-branched"],"fullName":"getDemoOrders — demo part/manufacturer names are language-branched localizes product names for every supported non-English locale","status":"passed","title":"localizes product names for every supported non-English locale","duration":0.44889999999998054,"failureMessages":[],"meta":{},"tags":[]}],"startTime":1787452537728,"endTime":1787452537758.449,"status":"passed","message":"","name":"C:/Users/gomd9/Downloads/nexysys_1/nexyfab.com/new/src/app/[lang]/nexyfab/orders/page.i18n.test.tsx"},{"assertionResults":[{"ancestorTitles":["formatQuoteAmount — currency unit suffix is language-branched"],"fullName":"formatQuoteAmount — currency unit suffix is language-branched isKo=false (lang=ja): \"KRW\" suffix, no 원","status":"passed","title":"isKo=false (lang=ja): \"KRW\" suffix, no 원","duration":25.62609999999995,"failureMessages":[],"meta":{},"tags":[]},{"ancestorTitles":["formatQuoteAmount — currency unit suffix is language-branched"],"fullName":"formatQuoteAmount — currency unit suffix is language-branched isKo=false (lang=cn): \"KRW\" suffix, no 원","status":"passed","title":"isKo=false (lang=cn): \"KRW\" suffix, no 원","duration":0.7548999999999069,"failureMessages":[],"meta":{},"tags":[]},{"ancestorTitles":["formatQuoteAmount — currency unit suffix is language-branched"],"fullName":"formatQuoteAmount — currency unit suffix is language-branched isKo=false (lang=es): \"KRW\" suffix, no 원","status":"passed","title":"isKo=false (lang=es): \"KRW\" suffix, no 원","duration":0.6221999999997934,"failureMessages":[],"meta":{},"tags":[]},{"ancestorTitles":["formatQuoteAmount — currency unit suffix is language-branched"],"fullName":"formatQuoteAmount — currency unit suffix is language-branched isKo=false (lang=ar): \"KRW\" suffix, no 원","status":"passed","title":"isKo=false (lang=ar): \"KRW\" suffix, no 원","duration":0.5059000000001106,"failureMessages":[],"meta":{},"tags":[]},{"ancestorTitles":["formatQuoteAmount — currency unit suffix is language-branched"],"fullName":"formatQuoteAmount — currency unit suffix is language-branched isKo=false (lang=en): \"KRW\" suffix, no 원","status":"passed","title":"isKo=false (lang=en): \"KRW\" suffix, no 원","duration":0.5453999999999724,"failureMessages":[],"meta":{},"tags":[]},{"ancestorTitles":["formatQuoteAmount — currency unit suffix is language-branched"],"fullName":"formatQuoteAmount — currency unit suffix is language-branched isKo=true: keeps the original 원 suffix","status":"passed","title":"isKo=true: keeps the original 원 suffix","duration":0.43879999999990105,"failureMessages":[],"meta":{},"tags":[]},{"ancestorTitles":["QuoteAcceptSection — quote amount currency unit is language-branched"],"fullName":"QuoteAcceptSection — quote amount currency unit is language-branched lang=en (isKo=false): quote amount shows a \"KRW\" suffix, not the Korean word 원","status":"passed","title":"lang=en (isKo=false): quote amount shows a \"KRW\" suffix, not the Korean word 원","duration":116.2548999999999,"failureMessages":[],"meta":{},"tags":[]},{"ancestorTitles":["QuoteAcceptSection — quote amount currency unit is language-branched"],"fullName":"QuoteAcceptSection — quote amount currency unit is language-branched lang=ja (isKo=false): quote amount shows a \"KRW\" suffix, not the Korean word 원","status":"passed","title":"lang=ja (isKo=false): quote amount shows a \"KRW\" suffix, not the Korean word 원","duration":27.094500000000153,"failureMessages":[],"meta":{},"tags":[]},{"ancestorTitles":["QuoteAcceptSection — quote amount currency unit is language-branched"],"fullName":"QuoteAcceptSection — quote amount currency unit is language-branched lang=cn (isKo=false): quote amount shows a \"KRW\" suffix, not the Korean word 원","status":"passed","title":"lang=cn (isKo=false): quote amount shows a \"KRW\" suffix, not the Korean word 원","duration":33.940599999999904,"failureMessages":[],"meta":{},"tags":[]},{"ancestorTitles":["QuoteAcceptSection — quote amount currency unit is language-branched"],"fullName":"QuoteAcceptSection — quote amount currency unit is language-branched lang=es (isKo=false): quote amount shows a \"KRW\" suffix, not the Korean word 원","status":"passed","title":"lang=es (isKo=false): quote amount shows a \"KRW\" suffix, not the Korean word 원","duration":43.66600000000017,"failureMessages":[],"meta":{},"tags":[]},{"ancestorTitles":["QuoteAcceptSection — quote amount currency unit is language-branched"],"fullName":"QuoteAcceptSection — quote amount currency unit is language-branched lang=ar (isKo=false): quote amount shows a \"KRW\" suffix, not the Korean word 원","status":"passed","title":"lang=ar (isKo=false): quote amount shows a \"KRW\" suffix, not the Korean word 원","duration":31.801699999999983,"failureMessages":[],"meta":{},"tags":[]},{"ancestorTitles":["QuoteAcceptSection — quote amount currency unit is language-branched"],"fullName":"QuoteAcceptSection — quote amount currency unit is language-branched lang=kr (isKo=true): quote amount keeps the original 원 suffix","status":"passed","title":"lang=kr (isKo=true): quote amount keeps the original 원 suffix","duration":28.672799999999825,"failureMessages":[],"meta":{},"tags":[]},{"ancestorTitles":["QuoteAcceptSection — post-accept order link preserves the real route locale"],"fullName":"QuoteAcceptSection — post-accept order link preserves the real route locale lang=en: \"view order progress\" link uses the real lang segment, not a hardcoded kr/en split","status":"passed","title":"lang=en: \"view order progress\" link uses the real lang segment, not a hardcoded kr/en split","duration":110.82450000000063,"failureMessages":[],"meta":{},"tags":[]},{"ancestorTitles":["QuoteAcceptSection — post-accept order link preserves the real route locale"],"fullName":"QuoteAcceptSection — post-accept order link preserves the real route locale lang=ja: \"view order progress\" link uses the real lang segment, not a hardcoded kr/en split","status":"passed","title":"lang=ja: \"view order progress\" link uses the real lang segment, not a hardcoded kr/en split","duration":107.44909999999982,"failureMessages":[],"meta":{},"tags":[]},{"ancestorTitles":["QuoteAcceptSection — post-accept order link preserves the real route locale"],"fullName":"QuoteAcceptSection — post-accept order link preserves the real route locale lang=cn: \"view order progress\" link uses the real lang segment, not a hardcoded kr/en split","status":"passed","title":"lang=cn: \"view order progress\" link uses the real lang segment, not a hardcoded kr/en split","duration":74.04330000000027,"failureMessages":[],"meta":{},"tags":[]},{"ancestorTitles":["QuoteAcceptSection — post-accept order link preserves the real route locale"],"fullName":"QuoteAcceptSection — post-accept order link preserves the real route locale lang=es: \"view order progress\" link uses the real lang segment, not a hardcoded kr/en split","status":"passed","title":"lang=es: \"view order progress\" link uses the real lang segment, not a hardcoded kr/en split","duration":54.53719999999976,"failureMessages":[],"meta":{},"tags":[]},{"ancestorTitles":["QuoteAcceptSection — post-accept order link preserves the real route locale"],"fullName":"QuoteAcceptSection — post-accept order link preserves the real route locale lang=ar: \"view order progress\" link uses the real lang segment, not a hardcoded kr/en split","status":"passed","title":"lang=ar: \"view order progress\" link uses the real lang segment, not a hardcoded kr/en split","duration":70.06840000000011,"failureMessages":[],"meta":{},"tags":[]},{"ancestorTitles":["QuoteAcceptSection — post-accept order link preserves the real route locale"],"fullName":"QuoteAcceptSection — post-accept order link preserves the real route locale lang=kr: \"view order progress\" link uses the real lang segment, not a hardcoded kr/en split","status":"passed","title":"lang=kr: \"view order progress\" link uses the real lang segment, not a hardcoded kr/en split","duration":72.83079999999973,"failureMessages":[],"meta":{},"tags":[]}],"startTime":1787452526897,"endTime":1787452527697.8308,"status":"passed","message":"","name":"C:/Users/gomd9/Downloads/nexysys_1/nexyfab.com/new/src/app/[lang]/nexyfab/rfq/page.i18n.test.tsx"},{"assertionResults":[{"ancestorTitles":["FloatingAiPrompt six-language and RTL surface"],"fullName":"FloatingAiPrompt six-language and RTL surface renders localized prompt copy for every supported language","status":"passed","title":"renders localized prompt copy for every supported language","duration":227.43779999999992,"failureMessages":[],"meta":{},"tags":[]},{"ancestorTitles":["FloatingAiPrompt six-language and RTL surface"],"fullName":"FloatingAiPrompt six-language and RTL surface uses RTL direction and logical edge placement for Arabic","status":"passed","title":"uses RTL direction and logical edge placement for Arabic","duration":15.4679000000001,"failureMessages":[],"meta":{},"tags":[]}],"startTime":1787452529783,"endTime":1787452530025.468,"status":"passed","message":"","name":"C:/Users/gomd9/Downloads/nexysys_1/nexyfab.com/new/src/app/[lang]/shape-generator/ai/FloatingAiPrompt.i18n.test.tsx"},{"assertionResults":[{"ancestorTitles":["useVoiceInput locale routing"],"fullName":"useVoiceInput locale routing selects a speech locale for every supported UI language, including Arabic","status":"passed","title":"selects a speech locale for every supported UI language, including Arabic","duration":31.81380000000013,"failureMessages":[],"meta":{},"tags":[]},{"ancestorTitles":["useVoiceInput locale routing"],"fullName":"useVoiceInput locale routing keeps an explicit recognition locale override intact","status":"passed","title":"keeps an explicit recognition locale override intact","duration":1.719400000000178,"failureMessages":[],"meta":{},"tags":[]}],"startTime":1787452537262,"endTime":1787452537295.7195,"status":"passed","message":"","name":"C:/Users/gomd9/Downloads/nexysys_1/nexyfab.com/new/src/app/[lang]/shape-generator/ai/useVoiceInput.i18n.test.ts"},{"assertionResults":[{"ancestorTitles":["TopoPanel — origin label follows lang, not hardcoded English"],"fullName":"TopoPanel — origin label follows lang, not hardcoded English lang=en: shows \"Origin:\" prefix","status":"passed","title":"lang=en: shows \"Origin:\" prefix","duration":107.19270000000006,"failureMessages":[],"meta":{},"tags":[]},{"ancestorTitles":["TopoPanel — origin label follows lang, not hardcoded English"],"fullName":"TopoPanel — origin label follows lang, not hardcoded English lang=kr: shows the Korean label, not the English word \"Origin\"","status":"passed","title":"lang=kr: shows the Korean label, not the English word \"Origin\"","duration":15.459300000000212,"failureMessages":[],"meta":{},"tags":[]},{"ancestorTitles":["TopoPanel — origin label follows lang, not hardcoded English"],"fullName":"TopoPanel — origin label follows lang, not hardcoded English lang=ja: origin label is not the bare English word","status":"passed","title":"lang=ja: origin label is not the bare English word","duration":12.807099999999991,"failureMessages":[],"meta":{},"tags":[]},{"ancestorTitles":["TopoPanel — origin label follows lang, not hardcoded English"],"fullName":"TopoPanel — origin label follows lang, not hardcoded English lang=cn: origin label is not the bare English word","status":"passed","title":"lang=cn: origin label is not the bare English word","duration":14.834699999999884,"failureMessages":[],"meta":{},"tags":[]},{"ancestorTitles":["TopoPanel — origin label follows lang, not hardcoded English"],"fullName":"TopoPanel — origin label follows lang, not hardcoded English lang=es: origin label is not the bare English word","status":"passed","title":"lang=es: origin label is not the bare English word","duration":12.396200000000135,"failureMessages":[],"meta":{},"tags":[]},{"ancestorTitles":["TopoPanel — origin label follows lang, not hardcoded English"],"fullName":"TopoPanel — origin label follows lang, not hardcoded English lang=ar: origin label is not the bare English word","status":"passed","title":"lang=ar: origin label is not the bare English word","duration":11.540700000000015,"failureMessages":[],"meta":{},"tags":[]}],"startTime":1787452532032,"endTime":1787452532206.5408,"status":"passed","message":"","name":"C:/Users/gomd9/Downloads/nexysys_1/nexyfab.com/new/src/app/[lang]/shape-generator/topology/TopoPanel.i18n.test.tsx"},{"assertionResults":[{"ancestorTitles":["MultiViewport empty state (6-lang dict)"],"fullName":"MultiViewport empty state (6-lang dict) renders the localized hint for /ko/shape-generator","status":"passed","title":"renders the localized hint for /ko/shape-generator","duration":36.934400000000096,"failureMessages":[],"meta":{},"tags":[]},{"ancestorTitles":["MultiViewport empty state (6-lang dict)"],"fullName":"MultiViewport empty state (6-lang dict) renders the localized hint for /en/shape-generator","status":"passed","title":"renders the localized hint for /en/shape-generator","duration":3.7863000000002103,"failureMessages":[],"meta":{},"tags":[]},{"ancestorTitles":["MultiViewport empty state (6-lang dict)"],"fullName":"MultiViewport empty state (6-lang dict) renders the localized hint for /ja/shape-generator","status":"passed","title":"renders the localized hint for /ja/shape-generator","duration":4.281299999999646,"failureMessages":[],"meta":{},"tags":[]},{"ancestorTitles":["MultiViewport empty state (6-lang dict)"],"fullName":"MultiViewport empty state (6-lang dict) renders the localized hint for /zh/shape-generator","status":"passed","title":"renders the localized hint for /zh/shape-generator","duration":3.1244000000001506,"failureMessages":[],"meta":{},"tags":[]},{"ancestorTitles":["MultiViewport empty state (6-lang dict)"],"fullName":"MultiViewport empty state (6-lang dict) renders the localized hint for /es/shape-generator","status":"passed","title":"renders the localized hint for /es/shape-generator","duration":3.253600000000006,"failureMessages":[],"meta":{},"tags":[]},{"ancestorTitles":["MultiViewport empty state (6-lang dict)"],"fullName":"MultiViewport empty state (6-lang dict) renders the localized hint for /ar/shape-generator","status":"passed","title":"renders the localized hint for /ar/shape-generator","duration":2.0716999999999643,"failureMessages":[],"meta":{},"tags":[]},{"ancestorTitles":["MultiViewport empty state (6-lang dict)"],"fullName":"MultiViewport empty state (6-lang dict) falls back to English for an unmapped route segment","status":"passed","title":"falls back to English for an unmapped route segment","duration":2.4780000000000655,"failureMessages":[],"meta":{},"tags":[]},{"ancestorTitles":["MultiViewport empty state (6-lang dict)"],"fullName":"MultiViewport empty state (6-lang dict) cn alias maps to the zh string (route segment normalisation)","status":"passed","title":"cn alias maps to the zh string (route segment normalisation)","duration":2.334900000000289,"failureMessages":[],"meta":{},"tags":[]}],"startTime":1787452536088,"endTime":1787452536146.335,"status":"passed","message":"","name":"C:/Users/gomd9/Downloads/nexysys_1/nexyfab.com/new/src/app/[lang]/shape-generator/__tests__/multiViewportI18n.test.tsx"},{"assertionResults":[{"ancestorTitles":["shapeDict i18n completeness"],"fullName":"shapeDict i18n completeness exposes all six language blocks","status":"passed","title":"exposes all six language blocks","duration":1.8227000000000544,"failureMessages":[],"meta":{},"tags":[]},{"ancestorTitles":["shapeDict i18n completeness"],"fullName":"shapeDict i18n completeness every key resolves to a non-empty string in all six languages (backfill safety net)","status":"passed","title":"every key resolves to a non-empty string in all six languages (backfill safety net)","duration":1.9621999999999389,"failureMessages":[],"meta":{},"tags":[]},{"ancestorTitles":["shapeDict i18n completeness"],"fullName":"shapeDict i18n completeness rib feature labels are really translated (not English fallback) in ja/cn/es/ar","status":"passed","title":"rib feature labels are really translated (not English fallback) in ja/cn/es/ar","duration":0.5873000000000275,"failureMessages":[],"meta":{},"tags":[]}],"startTime":1787452539787,"endTime":1787452539791.5874,"status":"passed","message":"","name":"C:/Users/gomd9/Downloads/nexysys_1/nexyfab.com/new/src/app/[lang]/shape-generator/__tests__/shapeDictI18n.test.ts"},{"assertionResults":[{"ancestorTitles":["ShapePreview sketch-plane selector (6-lang dict)"],"fullName":"ShapePreview sketch-plane selector (6-lang dict) renders the localized \"Sketch Plane\" heading for /ko/shape-generator","status":"passed","title":"renders the localized \"Sketch Plane\" heading for /ko/shape-generator","duration":98.14210000000003,"failureMessages":[],"meta":{},"tags":[]},{"ancestorTitles":["ShapePreview sketch-plane selector (6-lang dict)"],"fullName":"ShapePreview sketch-plane selector (6-lang dict) renders the localized \"Sketch Plane\" heading for /en/shape-generator","status":"passed","title":"renders the localized \"Sketch Plane\" heading for /en/shape-generator","duration":21.28389999999945,"failureMessages":[],"meta":{},"tags":[]},{"ancestorTitles":["ShapePreview sketch-plane selector (6-lang dict)"],"fullName":"ShapePreview sketch-plane selector (6-lang dict) renders the localized \"Sketch Plane\" heading for /ja/shape-generator","status":"passed","title":"renders the localized \"Sketch Plane\" heading for /ja/shape-generator","duration":21.397899999999936,"failureMessages":[],"meta":{},"tags":[]},{"ancestorTitles":["ShapePreview sketch-plane selector (6-lang dict)"],"fullName":"ShapePreview sketch-plane selector (6-lang dict) renders the localized \"Sketch Plane\" heading for /zh/shape-generator","status":"passed","title":"renders the localized \"Sketch Plane\" heading for /zh/shape-generator","duration":18.05919999999969,"failureMessages":[],"meta":{},"tags":[]},{"ancestorTitles":["ShapePreview sketch-plane selector (6-lang dict)"],"fullName":"ShapePreview sketch-plane selector (6-lang dict) renders the localized \"Sketch Plane\" heading for /es/shape-generator","status":"passed","title":"renders the localized \"Sketch Plane\" heading for /es/shape-generator","duration":19.665799999999763,"failureMessages":[],"meta":{},"tags":[]},{"ancestorTitles":["ShapePreview sketch-plane selector (6-lang dict)"],"fullName":"ShapePreview sketch-plane selector (6-lang dict) renders the localized \"Sketch Plane\" heading for /ar/shape-generator","status":"passed","title":"renders the localized \"Sketch Plane\" heading for /ar/shape-generator","duration":17.40850000000046,"failureMessages":[],"meta":{},"tags":[]},{"ancestorTitles":["ShapePreview sketch-plane selector (6-lang dict)"],"fullName":"ShapePreview sketch-plane selector (6-lang dict) cn alias maps to the zh string (route segment normalisation)","status":"passed","title":"cn alias maps to the zh string (route segment normalisation)","duration":15.736100000000079,"failureMessages":[],"meta":{},"tags":[]}],"startTime":1787452533373,"endTime":1787452533585.736,"status":"passed","message":"","name":"C:/Users/gomd9/Downloads/nexysys_1/nexyfab.com/new/src/app/[lang]/shape-generator/__tests__/shapePreviewI18n.test.tsx"},{"assertionResults":[{"ancestorTitles":["pickRefGeomDict (6-lang dict selector)"],"fullName":"pickRefGeomDict (6-lang dict selector) returns the English dict when lang is undefined","status":"passed","title":"returns the English dict when lang is undefined","duration":1.8051000000000386,"failureMessages":[],"meta":{},"tags":[]},{"ancestorTitles":["pickRefGeomDict (6-lang dict selector)"],"fullName":"pickRefGeomDict (6-lang dict selector) returns the English dict for unknown lang codes","status":"passed","title":"returns the English dict for unknown lang codes","duration":0.2722999999999729,"failureMessages":[],"meta":{},"tags":[]},{"ancestorTitles":["pickRefGeomDict (6-lang dict selector)"],"fullName":"pickRefGeomDict (6-lang dict selector) returns each canonical lang for the 6 supported codes","status":"passed","title":"returns each canonical lang for the 6 supported codes","duration":0.6138999999999442,"failureMessages":[],"meta":{},"tags":[]},{"ancestorTitles":["pickRefGeomDict (6-lang dict selector)"],"fullName":"pickRefGeomDict (6-lang dict selector) aliases kr → ko and cn → zh","status":"passed","title":"aliases kr → ko and cn → zh","duration":0.2706999999999198,"failureMessages":[],"meta":{},"tags":[]},{"ancestorTitles":["Korean canonical strings (spec §13.4)"],"fullName":"Korean canonical strings (spec §13.4) top-level group label is \"참조 형상\"","status":"passed","title":"top-level group label is \"참조 형상\"","duration":0.16980000000000928,"failureMessages":[],"meta":{},"tags":[]},{"ancestorTitles":["Korean canonical strings (spec §13.4)"],"fullName":"Korean canonical strings (spec §13.4) kind labels follow the spec §13.4 canon","status":"passed","title":"kind labels follow the spec §13.4 canon","duration":0.268100000000004,"failureMessages":[],"meta":{},"tags":[]},{"ancestorTitles":["Korean canonical strings (spec §13.4)"],"fullName":"Korean canonical strings (spec §13.4) plane methods follow the spec §13.4 list","status":"passed","title":"plane methods follow the spec §13.4 list","duration":0.3969999999999345,"failureMessages":[],"meta":{},"tags":[]},{"ancestorTitles":["Korean canonical strings (spec §13.4)"],"fullName":"Korean canonical strings (spec §13.4) PlaneRef kind labels follow the project policy (참조/표준/면/직접 입력)","status":"passed","title":"PlaneRef kind labels follow the project policy (참조/표준/면/직접 입력)","duration":0.23910000000000764,"failureMessages":[],"meta":{},"tags":[]},{"ancestorTitles":["Korean canonical strings (spec §13.4)"],"fullName":"Korean canonical strings (spec §13.4) dialog button labels are localised","status":"passed","title":"dialog button labels are localised","duration":0.22840000000007876,"failureMessages":[],"meta":{},"tags":[]},{"ancestorTitles":["Method-label helpers translate every method"],"fullName":"Method-label helpers translate every method plane methods all map to a non-empty Korean label","status":"passed","title":"plane methods all map to a non-empty Korean label","duration":0.5887000000000171,"failureMessages":[],"meta":{},"tags":[]},{"ancestorTitles":["Method-label helpers translate every method"],"fullName":"Method-label helpers translate every method axis methods all map to a non-empty Korean label","status":"passed","title":"axis methods all map to a non-empty Korean label","duration":0.3027000000000726,"failureMessages":[],"meta":{},"tags":[]},{"ancestorTitles":["Method-label helpers translate every method"],"fullName":"Method-label helpers translate every method point methods all map to a non-empty Korean label","status":"passed","title":"point methods all map to a non-empty Korean label","duration":0.21100000000001273,"failureMessages":[],"meta":{},"tags":[]},{"ancestorTitles":["Method-label helpers translate every method"],"fullName":"Method-label helpers translate every method csys methods all map to a non-empty Korean label","status":"passed","title":"csys methods all map to a non-empty Korean label","duration":0.16030000000000655,"failureMessages":[],"meta":{},"tags":[]},{"ancestorTitles":["Method-label helpers translate every method"],"fullName":"Method-label helpers translate every method English labels match the existing UI (regression check)","status":"passed","title":"English labels match the existing UI (regression check)","duration":0.20590000000004238,"failureMessages":[],"meta":{},"tags":[]},{"ancestorTitles":["errorCodeLabel (spec §7.4)"],"fullName":"errorCodeLabel (spec §7.4) translates each error code","status":"passed","title":"translates each error code","duration":0.16169999999999618,"failureMessages":[],"meta":{},"tags":[]}],"startTime":1787452539551,"endTime":1787452539558.1616,"status":"passed","message":"","name":"C:/Users/gomd9/Downloads/nexysys_1/nexyfab.com/new/src/app/[lang]/shape-generator/referenceGeometry/__tests__/i18n.test.ts"},{"assertionResults":[{"ancestorTitles":["pickSheetMetalDict — 6-lang dict selector"],"fullName":"pickSheetMetalDict — 6-lang dict selector returns the English dict when lang is undefined","status":"passed","title":"returns the English dict when lang is undefined","duration":1.8787999999999556,"failureMessages":[],"meta":{},"tags":[]},{"ancestorTitles":["pickSheetMetalDict — 6-lang dict selector"],"fullName":"pickSheetMetalDict — 6-lang dict selector returns the English dict for unknown lang codes","status":"passed","title":"returns the English dict for unknown lang codes","duration":0.22500000000002274,"failureMessages":[],"meta":{},"tags":[]},{"ancestorTitles":["pickSheetMetalDict — 6-lang dict selector"],"fullName":"pickSheetMetalDict — 6-lang dict selector returns each canonical lang for the 6 supported codes","status":"passed","title":"returns each canonical lang for the 6 supported codes","duration":0.6710000000000491,"failureMessages":[],"meta":{},"tags":[]},{"ancestorTitles":["pickSheetMetalDict — 6-lang dict selector"],"fullName":"pickSheetMetalDict — 6-lang dict selector aliases kr→ko, cn→zh, jp→ja (route segment normalisation)","status":"passed","title":"aliases kr→ko, cn→zh, jp→ja (route segment normalisation)","duration":0.2598000000000411,"failureMessages":[],"meta":{},"tags":[]},{"ancestorTitles":["Korean canonical strings (spec §6.6)"],"fullName":"Korean canonical strings (spec §6.6) bend line = 절곡선","status":"passed","title":"bend line = 절곡선","duration":0.18470000000002074,"failureMessages":[],"meta":{},"tags":[]},{"ancestorTitles":["Korean canonical strings (spec §6.6)"],"fullName":"Korean canonical strings (spec §6.6) flat pattern = 전개도","status":"passed","title":"flat pattern = 전개도","duration":0.14029999999991105,"failureMessages":[],"meta":{},"tags":[]},{"ancestorTitles":["Korean canonical strings (spec §6.6)"],"fullName":"Korean canonical strings (spec §6.6) K-factor = K-팩터","status":"passed","title":"K-factor = K-팩터","duration":0.19029999999997926,"failureMessages":[],"meta":{},"tags":[]},{"ancestorTitles":["Korean canonical strings (spec §6.6)"],"fullName":"Korean canonical strings (spec §6.6) bend allowance = 절곡 허용량","status":"passed","title":"bend allowance = 절곡 허용량","duration":0.18509999999992033,"failureMessages":[],"meta":{},"tags":[]},{"ancestorTitles":["Korean canonical strings (spec §6.6)"],"fullName":"Korean canonical strings (spec §6.6) outline = 외곽선","status":"passed","title":"outline = 외곽선","duration":0.18259999999997945,"failureMessages":[],"meta":{},"tags":[]},{"ancestorTitles":["Korean canonical strings (spec §6.6)"],"fullName":"Korean canonical strings (spec §6.6) auto-drawing button = 자동 도면 생성","status":"passed","title":"auto-drawing button = 자동 도면 생성","duration":0.14859999999998763,"failureMessages":[],"meta":{},"tags":[]},{"ancestorTitles":["Korean canonical strings (spec §6.6)"],"fullName":"Korean canonical strings (spec §6.6) springback = 스프링백","status":"passed","title":"springback = 스프링백","duration":0.09519999999997708,"failureMessages":[],"meta":{},"tags":[]},{"ancestorTitles":["All 6 langs populate every key (no missing strings)"],"fullName":"All 6 langs populate every key (no missing strings) ko has every key populated","status":"passed","title":"ko has every key populated","duration":2.484100000000012,"failureMessages":[],"meta":{},"tags":[]},{"ancestorTitles":["All 6 langs populate every key (no missing strings)"],"fullName":"All 6 langs populate every key (no missing strings) en has every key populated","status":"passed","title":"en has every key populated","duration":2.3392000000000053,"failureMessages":[],"meta":{},"tags":[]},{"ancestorTitles":["All 6 langs populate every key (no missing strings)"],"fullName":"All 6 langs populate every key (no missing strings) ja has every key populated","status":"passed","title":"ja has every key populated","duration":2.287800000000061,"failureMessages":[],"meta":{},"tags":[]},{"ancestorTitles":["All 6 langs populate every key (no missing strings)"],"fullName":"All 6 langs populate every key (no missing strings) zh has every key populated","status":"passed","title":"zh has every key populated","duration":2.2409000000000106,"failureMessages":[],"meta":{},"tags":[]},{"ancestorTitles":["All 6 langs populate every key (no missing strings)"],"fullName":"All 6 langs populate every key (no missing strings) es has every key populated","status":"passed","title":"es has every key populated","duration":1.8839000000000397,"failureMessages":[],"meta":{},"tags":[]},{"ancestorTitles":["All 6 langs populate every key (no missing strings)"],"fullName":"All 6 langs populate every key (no missing strings) ar has every key populated","status":"passed","title":"ar has every key populated","duration":1.789600000000064,"failureMessages":[],"meta":{},"tags":[]},{"ancestorTitles":["Per-language native translations of the canonical terms"],"fullName":"Per-language native translations of the canonical terms Japanese: bend line = 曲げ線","status":"passed","title":"Japanese: bend line = 曲げ線","duration":0.16550000000006548,"failureMessages":[],"meta":{},"tags":[]},{"ancestorTitles":["Per-language native translations of the canonical terms"],"fullName":"Per-language native translations of the canonical terms Chinese: bend line = 折弯线","status":"passed","title":"Chinese: bend line = 折弯线","duration":0.1292999999999438,"failureMessages":[],"meta":{},"tags":[]},{"ancestorTitles":["Per-language native translations of the canonical terms"],"fullName":"Per-language native translations of the canonical terms Spanish: bend line = Línea de doblado","status":"passed","title":"Spanish: bend line = Línea de doblado","duration":0.11669999999992342,"failureMessages":[],"meta":{},"tags":[]},{"ancestorTitles":["Per-language native translations of the canonical terms"],"fullName":"Per-language native translations of the canonical terms Arabic: bend line = خط الانثناء","status":"passed","title":"Arabic: bend line = خط الانثناء","duration":0.09400000000005093,"failureMessages":[],"meta":{},"tags":[]},{"ancestorTitles":["Per-language native translations of the canonical terms"],"fullName":"Per-language native translations of the canonical terms Japanese: flat pattern = 展開図","status":"passed","title":"Japanese: flat pattern = 展開図","duration":0.08530000000007476,"failureMessages":[],"meta":{},"tags":[]},{"ancestorTitles":["Per-language native translations of the canonical terms"],"fullName":"Per-language native translations of the canonical terms Chinese: flat pattern = 展开图","status":"passed","title":"Chinese: flat pattern = 展开图","duration":0.08339999999998327,"failureMessages":[],"meta":{},"tags":[]},{"ancestorTitles":["Per-language native translations of the canonical terms"],"fullName":"Per-language native translations of the canonical terms Auto-drawing translates per spec table (each lang non-empty)","status":"passed","title":"Auto-drawing translates per spec table (each lang non-empty)","duration":0.3028000000000475,"failureMessages":[],"meta":{},"tags":[]},{"ancestorTitles":["English regression check — common labels"],"fullName":"English regression check — common labels Auto-drawing English label is the canonical button text","status":"passed","title":"Auto-drawing English label is the canonical button text","duration":0.094600000000014,"failureMessages":[],"meta":{},"tags":[]},{"ancestorTitles":["English regression check — common labels"],"fullName":"English regression check — common labels K-factor table column headers are Material / R/t / K","status":"passed","title":"K-factor table column headers are Material / R/t / K","duration":0.12750000000005457,"failureMessages":[],"meta":{},"tags":[]},{"ancestorTitles":["English regression check — common labels"],"fullName":"English regression check — common labels Deferred-worker note references the K-factor table fallback","status":"passed","title":"Deferred-worker note references the K-factor table fallback","duration":0.10770000000002256,"failureMessages":[],"meta":{},"tags":[]},{"ancestorTitles":["English regression check — common labels"],"fullName":"English regression check — common labels Material labels match the existing sheetMetalTables.ts catalog","status":"passed","title":"Material labels match the existing sheetMetalTables.ts catalog","duration":0.14229999999997744,"failureMessages":[],"meta":{},"tags":[]}],"startTime":1787452538639,"endTime":1787452538658.1423,"status":"passed","message":"","name":"C:/Users/gomd9/Downloads/nexysys_1/nexyfab.com/new/src/app/[lang]/shape-generator/features/sheetmetal/__tests__/sheetMetalI18n.test.ts"},{"assertionResults":[{"ancestorTitles":["pickThreadsDict (6-lang dict selector)"],"fullName":"pickThreadsDict (6-lang dict selector) returns the English dict when lang is undefined","status":"passed","title":"returns the English dict when lang is undefined","duration":1.5844000000000733,"failureMessages":[],"meta":{},"tags":[]},{"ancestorTitles":["pickThreadsDict (6-lang dict selector)"],"fullName":"pickThreadsDict (6-lang dict selector) returns the English dict for unknown lang codes","status":"passed","title":"returns the English dict for unknown lang codes","duration":0.19490000000007512,"failureMessages":[],"meta":{},"tags":[]},{"ancestorTitles":["pickThreadsDict (6-lang dict selector)"],"fullName":"pickThreadsDict (6-lang dict selector) returns each canonical lang for the 6 supported codes","status":"passed","title":"returns each canonical lang for the 6 supported codes","duration":0.7142999999999802,"failureMessages":[],"meta":{},"tags":[]},{"ancestorTitles":["pickThreadsDict (6-lang dict selector)"],"fullName":"pickThreadsDict (6-lang dict selector) aliases kr→ko, cn→zh, jp→ja (route segment normalisation)","status":"passed","title":"aliases kr→ko, cn→zh, jp→ja (route segment normalisation)","duration":0.30120000000010805,"failureMessages":[],"meta":{},"tags":[]},{"ancestorTitles":["Korean canonical strings (spec §10.5)"],"fullName":"Korean canonical strings (spec §10.5) thread = 나사산","status":"passed","title":"thread = 나사산","duration":0.15420000000005984,"failureMessages":[],"meta":{},"tags":[]},{"ancestorTitles":["Korean canonical strings (spec §10.5)"],"fullName":"Korean canonical strings (spec §10.5) male/external = 수나사, female/internal = 암나사","status":"passed","title":"male/external = 수나사, female/internal = 암나사","duration":0.15760000000000218,"failureMessages":[],"meta":{},"tags":[]},{"ancestorTitles":["Korean canonical strings (spec §10.5)"],"fullName":"Korean canonical strings (spec §10.5) right-hand = 오른나사, left-hand = 왼나사","status":"passed","title":"right-hand = 오른나사, left-hand = 왼나사","duration":0.21929999999997563,"failureMessages":[],"meta":{},"tags":[]},{"ancestorTitles":["Korean canonical strings (spec §10.5)"],"fullName":"Korean canonical strings (spec §10.5) pitch = 피치, tap drill = 탭 드릴","status":"passed","title":"pitch = 피치, tap drill = 탭 드릴","duration":0.1775000000000091,"failureMessages":[],"meta":{},"tags":[]},{"ancestorTitles":["Korean canonical strings (spec §10.5)"],"fullName":"Korean canonical strings (spec §10.5) save = 저장, cancel = 취소, delete = 삭제","status":"passed","title":"save = 저장, cancel = 취소, delete = 삭제","duration":0.2017999999999347,"failureMessages":[],"meta":{},"tags":[]},{"ancestorTitles":["Series-label translator"],"fullName":"Series-label translator returns a non-empty label for every series in every lang","status":"passed","title":"returns a non-empty label for every series in every lang","duration":1.6632999999999356,"failureMessages":[],"meta":{},"tags":[]},{"ancestorTitles":["Series-label translator"],"fullName":"Series-label translator ISO M coarse/fine labels are distinct (no collision)","status":"passed","title":"ISO M coarse/fine labels are distinct (no collision)","duration":0.8123000000000502,"failureMessages":[],"meta":{},"tags":[]},{"ancestorTitles":["All 6 langs populate every key (no missing strings)"],"fullName":"All 6 langs populate every key (no missing strings) ko has every key populated","status":"passed","title":"ko has every key populated","duration":2.3588999999999487,"failureMessages":[],"meta":{},"tags":[]},{"ancestorTitles":["All 6 langs populate every key (no missing strings)"],"fullName":"All 6 langs populate every key (no missing strings) en has every key populated","status":"passed","title":"en has every key populated","duration":2.2591999999999643,"failureMessages":[],"meta":{},"tags":[]},{"ancestorTitles":["All 6 langs populate every key (no missing strings)"],"fullName":"All 6 langs populate every key (no missing strings) ja has every key populated","status":"passed","title":"ja has every key populated","duration":2.478399999999965,"failureMessages":[],"meta":{},"tags":[]},{"ancestorTitles":["All 6 langs populate every key (no missing strings)"],"fullName":"All 6 langs populate every key (no missing strings) zh has every key populated","status":"passed","title":"zh has every key populated","duration":2.8366999999999507,"failureMessages":[],"meta":{},"tags":[]},{"ancestorTitles":["All 6 langs populate every key (no missing strings)"],"fullName":"All 6 langs populate every key (no missing strings) es has every key populated","status":"passed","title":"es has every key populated","duration":1.8345000000000482,"failureMessages":[],"meta":{},"tags":[]},{"ancestorTitles":["All 6 langs populate every key (no missing strings)"],"fullName":"All 6 langs populate every key (no missing strings) ar has every key populated","status":"passed","title":"ar has every key populated","duration":1.9366999999999734,"failureMessages":[],"meta":{},"tags":[]},{"ancestorTitles":["English regression check — common labels"],"fullName":"English regression check — common labels Add Thread is the canonical button label","status":"passed","title":"Add Thread is the canonical button label","duration":0.17060000000003583,"failureMessages":[],"meta":{},"tags":[]},{"ancestorTitles":["English regression check — common labels"],"fullName":"English regression check — common labels badge labels are the lowercase 1-word forms used in §10.1 mock","status":"passed","title":"badge labels are the lowercase 1-word forms used in §10.1 mock","duration":0.1856000000000222,"failureMessages":[],"meta":{},"tags":[]},{"ancestorTitles":["English regression check — common labels"],"fullName":"English regression check — common labels cancel/save match SolidWorks-style modal language","status":"passed","title":"cancel/save match SolidWorks-style modal language","duration":0.14390000000003056,"failureMessages":[],"meta":{},"tags":[]}],"startTime":1787452537856,"endTime":1787452537877.1855,"status":"passed","message":"","name":"C:/Users/gomd9/Downloads/nexysys_1/nexyfab.com/new/src/app/[lang]/shape-generator/features/threads/__tests__/i18n.test.ts"}]}