{"numTotalTestSuites":17,"numPassedTestSuites":17,"numFailedTestSuites":0,"numPendingTestSuites":0,"numTotalTests":40,"numPassedTests":40,"numFailedTests":0,"numPendingTests":0,"numTodoTests":0,"snapshot":{"added":0,"failure":false,"filesAdded":0,"filesRemoved":0,"filesRemovedList":[],"filesUnmatched":0,"filesUpdated":0,"matched":0,"total":0,"unchecked":0,"uncheckedKeysByFile":[],"unmatched":0,"updated":0,"didUpdate":false},"startTime":1787755823281,"success":true,"testResults":[{"assertionResults":[{"ancestorTitles":["commercial six-language catalog"],"fullName":"commercial six-language catalog covers every migrated commercial source pair without legacy binary branches","status":"passed","title":"covers every migrated commercial source pair without legacy binary branches","duration":2158.7299999999996,"failureMessages":[],"meta":{},"tags":[]},{"ancestorTitles":["commercial six-language catalog"],"fullName":"commercial six-language catalog keeps the Studio route-local catalog complete so it does not import the full commercial catalog","status":"passed","title":"keeps the Studio route-local catalog complete so it does not import the full commercial catalog","duration":56.39929999999913,"failureMessages":[],"meta":{},"tags":[]}],"startTime":1787755833607,"endTime":1787755835822.3994,"status":"passed","message":"","name":"C:/Users/gomd9/Downloads/nexysys_1/nexyfab.com/worktrees/platform/scripts/i18n/commercial-catalog.test.ts"},{"assertionResults":[{"ancestorTitles":["6언어 커버리지 래칫"],"fullName":"6언어 커버리지 래칫 ★새로 규칙을 어긴 파일이 없다 — 6언어를 다 넣거나 기준선을 갱신하라","status":"passed","title":"★새로 규칙을 어긴 파일이 없다 — 6언어를 다 넣거나 기준선을 갱신하라","duration":2.677299999999377,"failureMessages":[],"meta":{},"tags":[]},{"ancestorTitles":["6언어 커버리지 래칫"],"fullName":"6언어 커버리지 래칫 고친 파일은 기준선에서 빠져야 한다 — 갚은 부채를 남겨 두면 래칫이 헐거워진다","status":"passed","title":"고친 파일은 기준선에서 빠져야 한다 — 갚은 부채를 남겨 두면 래칫이 헐거워진다","duration":0.2782000000006519,"failureMessages":[],"meta":{},"tags":[]},{"ancestorTitles":["6언어 커버리지 래칫"],"fullName":"6언어 커버리지 래칫 ★정책·법적 문서는 기준선에 들어올 수 없다 — 영어로 나가면 성격이 다르다","status":"passed","title":"★정책·법적 문서는 기준선에 들어올 수 없다 — 영어로 나가면 성격이 다르다","duration":0.24239999999917927,"failureMessages":[],"meta":{},"tags":[]},{"ancestorTitles":["6언어 커버리지 래칫"],"fullName":"6언어 커버리지 래칫 기준선 파일은 실재하는 경로만 담는다 — 지워진 파일이 남으면 래칫이 무의미해진다","status":"passed","title":"기준선 파일은 실재하는 경로만 담는다 — 지워진 파일이 남으면 래칫이 무의미해진다","duration":0.34979999999995925,"failureMessages":[],"meta":{},"tags":[]},{"ancestorTitles":["스캐너 사각지대"],"fullName":"스캐너 사각지대 ★`const KO:` 형태의 사전도 스캔한다 — 파트너 포털 17개가 여기 해당한다","status":"passed","title":"★`const KO:` 형태의 사전도 스캔한다 — 파트너 포털 17개가 여기 해당한다","duration":15.61069999999745,"failureMessages":[],"meta":{},"tags":[]},{"ancestorTitles":["스캐너 사각지대"],"fullName":"스캐너 사각지대 파트너 구역은 부채 목록에 하나도 없다 — 17개 사전 전부 6/6","status":"passed","title":"파트너 구역은 부채 목록에 하나도 없다 — 17개 사전 전부 6/6","duration":0.2621999999973923,"failureMessages":[],"meta":{},"tags":[]},{"ancestorTitles":["site-wide language hardcoding guard"],"fullName":"site-wide language hardcoding guard does not use Korean/English-only locale branches anywhere in user-facing source","status":"passed","title":"does not use Korean/English-only locale branches anywhere in user-facing source","duration":10545.544000000002,"failureMessages":[],"meta":{},"tags":[]},{"ancestorTitles":["site-wide language hardcoding guard"],"fullName":"site-wide language hardcoding guard does not render direct Korean JSX outside explicit Korean dictionaries","status":"passed","title":"does not render direct Korean JSX outside explicit Korean dictionaries","duration":24910.761499999997,"failureMessages":[],"meta":{},"tags":[]},{"ancestorTitles":["site-wide language hardcoding guard"],"fullName":"site-wide language hardcoding guard does not hide Korean UI copy inside URL-encoded literals","status":"passed","title":"does not hide Korean UI copy inside URL-encoded literals","duration":8912.574200000003,"failureMessages":[],"meta":{},"tags":[]}],"startTime":1787755840509,"endTime":1787755884898.5742,"status":"passed","message":"","name":"C:/Users/gomd9/Downloads/nexysys_1/nexyfab.com/worktrees/platform/scripts/i18n/lang-coverage.test.ts"},{"assertionResults":[{"ancestorTitles":["로케일 하드코딩 래칫"],"fullName":"로케일 하드코딩 래칫 ★새로 로케일을 박아 넣은 파일이 없다 — `@/lib/i18n/format` 을 쓰라","status":"passed","title":"★새로 로케일을 박아 넣은 파일이 없다 — `@/lib/i18n/format` 을 쓰라","duration":2.087100000000646,"failureMessages":[],"meta":{},"tags":[]},{"ancestorTitles":["로케일 하드코딩 래칫"],"fullName":"로케일 하드코딩 래칫 ★기존 파일에서 하드코딩이 늘지 않았다","status":"passed","title":"★기존 파일에서 하드코딩이 늘지 않았다","duration":0.3670000000001892,"failureMessages":[],"meta":{},"tags":[]},{"ancestorTitles":["로케일 하드코딩 래칫"],"fullName":"로케일 하드코딩 래칫 고친 파일은 기준선에서 줄어야 한다 — 갚은 부채를 남기면 래칫이 헐거워진다","status":"passed","title":"고친 파일은 기준선에서 줄어야 한다 — 갚은 부채를 남기면 래칫이 헐거워진다","duration":0.23650000000088767,"failureMessages":[],"meta":{},"tags":[]},{"ancestorTitles":["포맷 헬퍼"],"fullName":"포맷 헬퍼 ★언어마다 다른 결과를 낸다 — 같은 값이면 헬퍼가 로케일을 안 쓰는 것이다","status":"passed","title":"★언어마다 다른 결과를 낸다 — 같은 값이면 헬퍼가 로케일을 안 쓰는 것이다","duration":24.314300000000003,"failureMessages":[],"meta":{},"tags":[]},{"ancestorTitles":["포맷 헬퍼"],"fullName":"포맷 헬퍼 ★깨진 값은 빈 문자열이 아니라 null — 「날짜 없음」과 「값이 깨졌다」는 다르다","status":"passed","title":"★깨진 값은 빈 문자열이 아니라 null — 「날짜 없음」과 「값이 깨졌다」는 다르다","duration":0.47479999999995925,"failureMessages":[],"meta":{},"tags":[]},{"ancestorTitles":["포맷 헬퍼"],"fullName":"포맷 헬퍼 ★통화는 **표시 언어가 아니라 거래 통화**가 정한다","status":"passed","title":"★통화는 **표시 언어가 아니라 거래 통화**가 정한다","duration":0.8171999999995023,"failureMessages":[],"meta":{},"tags":[]}],"startTime":1787755836630,"endTime":1787755836658.8171,"status":"passed","message":"","name":"C:/Users/gomd9/Downloads/nexysys_1/nexyfab.com/worktrees/platform/scripts/i18n/locale-hardcode.test.ts"},{"assertionResults":[{"ancestorTitles":["admin i18n base contract"],"fullName":"admin i18n base contract provides every navigation key in all six locales","status":"passed","title":"provides every navigation key in all six locales","duration":6.021399999999858,"failureMessages":[],"meta":{},"tags":[]},{"ancestorTitles":["admin i18n base contract"],"fullName":"admin i18n base contract normalizes route aliases and preserves the Arabic locale","status":"passed","title":"normalizes route aliases and preserves the Arabic locale","duration":0.4534000000001015,"failureMessages":[],"meta":{},"tags":[]}],"startTime":1787755834633,"endTime":1787755834639.4534,"status":"passed","message":"","name":"C:/Users/gomd9/Downloads/nexysys_1/nexyfab.com/worktrees/platform/src/lib/i18n/adminTranslations.test.ts"},{"assertionResults":[{"ancestorTitles":["manufacturing display vocabulary"],"fullName":"manufacturing display vocabulary localizes stable product and process values for every supported locale","status":"passed","title":"localizes stable product and process values for every supported locale","duration":3.5020000000000664,"failureMessages":[],"meta":{},"tags":[]},{"ancestorTitles":["manufacturing display vocabulary"],"fullName":"manufacturing display vocabulary normalizes route aliases for region labels and preserves unknown identifiers","status":"passed","title":"normalizes route aliases for region labels and preserves unknown identifiers","duration":0.42070000000001073,"failureMessages":[],"meta":{},"tags":[]},{"ancestorTitles":["manufacturing display vocabulary"],"fullName":"manufacturing display vocabulary covers profile taxonomy labels in every route locale without changing identifiers","status":"passed","title":"covers profile taxonomy labels in every route locale without changing identifiers","duration":7.067800000000034,"failureMessages":[],"meta":{},"tags":[]}],"startTime":1787755833363,"endTime":1787755833374.0679,"status":"passed","message":"","name":"C:/Users/gomd9/Downloads/nexysys_1/nexyfab.com/worktrees/platform/src/lib/i18n/manufacturingTerms.test.ts"},{"assertionResults":[{"ancestorTitles":["locale normalization"],"fullName":"locale normalization maps stored ISO locales to canonical route locales","status":"passed","title":"maps stored ISO locales to canonical route locales","duration":1.8998000000000275,"failureMessages":[],"meta":{},"tags":[]},{"ancestorTitles":["locale normalization"],"fullName":"locale normalization normalizes regional and script locale values from browsers and OAuth providers","status":"passed","title":"normalizes regional and script locale values from browsers and OAuth providers","duration":0.4107999999999947,"failureMessages":[],"meta":{},"tags":[]},{"ancestorTitles":["locale normalization"],"fullName":"locale normalization canonicalizes legacy locale URL segments without touching other paths","status":"passed","title":"canonicalizes legacy locale URL segments without touching other paths","duration":0.36959999999999127,"failureMessages":[],"meta":{},"tags":[]},{"ancestorTitles":["locale normalization"],"fullName":"locale normalization keeps UI language and direction helpers compatible with legacy values","status":"passed","title":"keeps UI language and direction helpers compatible with legacy values","duration":0.46460000000001855,"failureMessages":[],"meta":{},"tags":[]}],"startTime":1787755835335,"endTime":1787755835338.4646,"status":"passed","message":"","name":"C:/Users/gomd9/Downloads/nexysys_1/nexyfab.com/worktrees/platform/src/lib/i18n/normalize.test.ts"},{"assertionResults":[{"ancestorTitles":["server locale resolution"],"fullName":"server locale resolution normalizes kr","status":"passed","title":"normalizes kr","duration":24.446500000000015,"failureMessages":[],"meta":{},"tags":[]},{"ancestorTitles":["server locale resolution"],"fullName":"server locale resolution normalizes ko","status":"passed","title":"normalizes ko","duration":0.30940000000009604,"failureMessages":[],"meta":{},"tags":[]},{"ancestorTitles":["server locale resolution"],"fullName":"server locale resolution normalizes ko-KR","status":"passed","title":"normalizes ko-KR","duration":0.24120000000039,"failureMessages":[],"meta":{},"tags":[]},{"ancestorTitles":["server locale resolution"],"fullName":"server locale resolution normalizes cn","status":"passed","title":"normalizes cn","duration":0.19329999999899883,"failureMessages":[],"meta":{},"tags":[]},{"ancestorTitles":["server locale resolution"],"fullName":"server locale resolution normalizes zh","status":"passed","title":"normalizes zh","duration":0.25419999999940046,"failureMessages":[],"meta":{},"tags":[]},{"ancestorTitles":["server locale resolution"],"fullName":"server locale resolution normalizes zh-CN","status":"passed","title":"normalizes zh-CN","duration":0.20560000000114087,"failureMessages":[],"meta":{},"tags":[]},{"ancestorTitles":["server locale resolution"],"fullName":"server locale resolution normalizes en","status":"passed","title":"normalizes en","duration":0.2062999999998283,"failureMessages":[],"meta":{},"tags":[]},{"ancestorTitles":["server locale resolution"],"fullName":"server locale resolution normalizes jp","status":"passed","title":"normalizes jp","duration":0.2150999999994383,"failureMessages":[],"meta":{},"tags":[]},{"ancestorTitles":["server locale resolution"],"fullName":"server locale resolution normalizes ja-JP","status":"passed","title":"normalizes ja-JP","duration":0.2721000000001368,"failureMessages":[],"meta":{},"tags":[]},{"ancestorTitles":["server locale resolution"],"fullName":"server locale resolution normalizes es-ES","status":"passed","title":"normalizes es-ES","duration":0.3191999999999098,"failureMessages":[],"meta":{},"tags":[]},{"ancestorTitles":["server locale resolution"],"fullName":"server locale resolution normalizes ar-SA","status":"passed","title":"normalizes ar-SA","duration":0.21700000000055297,"failureMessages":[],"meta":{},"tags":[]},{"ancestorTitles":["server locale resolution"],"fullName":"server locale resolution uses the highest-priority supported Accept-Language value","status":"passed","title":"uses the highest-priority supported Accept-Language value","duration":1.5864999999994325,"failureMessages":[],"meta":{},"tags":[]},{"ancestorTitles":["server locale resolution"],"fullName":"server locale resolution prefers an explicit body locale over the header","status":"passed","title":"prefers an explicit body locale over the header","duration":0.19250000000101863,"failureMessages":[],"meta":{},"tags":[]},{"ancestorTitles":["server locale resolution"],"fullName":"server locale resolution provides localized API messages for every supported route locale","status":"passed","title":"provides localized API messages for every supported route locale","duration":0.4426999999996042,"failureMessages":[],"meta":{},"tags":[]}],"startTime":1787755832410,"endTime":1787755832439.5864,"status":"passed","message":"","name":"C:/Users/gomd9/Downloads/nexysys_1/nexyfab.com/worktrees/platform/src/lib/i18n/serverLocale.test.ts"}]}