{"numTotalTestSuites":129,"numPassedTestSuites":129,"numFailedTestSuites":0,"numPendingTestSuites":0,"numTotalTests":330,"numPassedTests":330,"numFailedTests":0,"numPendingTests":0,"numTodoTests":0,"snapshot":{"added":0,"failure":false,"filesAdded":0,"filesRemoved":0,"filesRemovedList":[],"filesUnmatched":0,"filesUpdated":0,"matched":0,"total":0,"unchecked":0,"uncheckedKeysByFile":[],"unmatched":0,"updated":0,"didUpdate":false},"startTime":1787755886539,"success":true,"testResults":[{"assertionResults":[{"ancestorTitles":["i18n full-product artifact acquisition packet"],"fullName":"i18n full-product artifact acquisition packet keeps all five surfaces NOT_RUN and the unsigned packet HOLD without a manifest","status":"passed","title":"keeps all five surfaces NOT_RUN and the unsigned packet HOLD without a manifest","duration":5.911600000000021,"failureMessages":[],"meta":{},"tags":[]},{"ancestorTitles":["i18n full-product artifact acquisition packet"],"fullName":"i18n full-product artifact acquisition packet binds real artifact/evidence bytes and SHA-256 but never self-issues approval or HMAC","status":"passed","title":"binds real artifact/evidence bytes and SHA-256 but never self-issues approval or HMAC","duration":28.044199999999933,"failureMessages":[],"meta":{},"tags":[]},{"ancestorTitles":["i18n full-product artifact acquisition packet"],"fullName":"i18n full-product artifact acquisition packet rejects synthetic or unexecuted declarations as HOLD","status":"passed","title":"rejects synthetic or unexecuted declarations as HOLD","duration":17.940599999999904,"failureMessages":[],"meta":{},"tags":[]}],"startTime":1787755895666,"endTime":1787755895717.9407,"status":"passed","message":"","name":"C:/Users/gomd9/Downloads/nexysys_1/nexyfab.com/worktrees/platform/scripts/i18n/acquire-full-product-review-packet.test.ts"},{"assertionResults":[{"ancestorTitles":["commercial six-language catalog"],"fullName":"commercial six-language catalog covers every migrated commercial source pair without legacy binary branches","status":"passed","title":"covers every migrated commercial source pair without legacy binary branches","duration":1710.7637999999997,"failureMessages":[],"meta":{},"tags":[]},{"ancestorTitles":["commercial six-language catalog"],"fullName":"commercial six-language catalog keeps the Studio route-local catalog complete so it does not import the full commercial catalog","status":"passed","title":"keeps the Studio route-local catalog complete so it does not import the full commercial catalog","duration":48.816499999999905,"failureMessages":[],"meta":{},"tags":[]}],"startTime":1787755916785,"endTime":1787755918544.8164,"status":"passed","message":"","name":"C:/Users/gomd9/Downloads/nexysys_1/nexyfab.com/worktrees/platform/scripts/i18n/commercial-catalog.test.ts"},{"assertionResults":[{"ancestorTitles":["6언어 커버리지 래칫"],"fullName":"6언어 커버리지 래칫 ★새로 규칙을 어긴 파일이 없다 — 6언어를 다 넣거나 기준선을 갱신하라","status":"passed","title":"★새로 규칙을 어긴 파일이 없다 — 6언어를 다 넣거나 기준선을 갱신하라","duration":5.460499999999229,"failureMessages":[],"meta":{},"tags":[]},{"ancestorTitles":["6언어 커버리지 래칫"],"fullName":"6언어 커버리지 래칫 고친 파일은 기준선에서 빠져야 한다 — 갚은 부채를 남겨 두면 래칫이 헐거워진다","status":"passed","title":"고친 파일은 기준선에서 빠져야 한다 — 갚은 부채를 남겨 두면 래칫이 헐거워진다","duration":0.5448000000014872,"failureMessages":[],"meta":{},"tags":[]},{"ancestorTitles":["6언어 커버리지 래칫"],"fullName":"6언어 커버리지 래칫 ★정책·법적 문서는 기준선에 들어올 수 없다 — 영어로 나가면 성격이 다르다","status":"passed","title":"★정책·법적 문서는 기준선에 들어올 수 없다 — 영어로 나가면 성격이 다르다","duration":0.29349999999976717,"failureMessages":[],"meta":{},"tags":[]},{"ancestorTitles":["6언어 커버리지 래칫"],"fullName":"6언어 커버리지 래칫 기준선 파일은 실재하는 경로만 담는다 — 지워진 파일이 남으면 래칫이 무의미해진다","status":"passed","title":"기준선 파일은 실재하는 경로만 담는다 — 지워진 파일이 남으면 래칫이 무의미해진다","duration":0.3808000000008178,"failureMessages":[],"meta":{},"tags":[]},{"ancestorTitles":["스캐너 사각지대"],"fullName":"스캐너 사각지대 ★`const KO:` 형태의 사전도 스캔한다 — 파트너 포털 17개가 여기 해당한다","status":"passed","title":"★`const KO:` 형태의 사전도 스캔한다 — 파트너 포털 17개가 여기 해당한다","duration":7.8686000000016065,"failureMessages":[],"meta":{},"tags":[]},{"ancestorTitles":["스캐너 사각지대"],"fullName":"스캐너 사각지대 파트너 구역은 부채 목록에 하나도 없다 — 17개 사전 전부 6/6","status":"passed","title":"파트너 구역은 부채 목록에 하나도 없다 — 17개 사전 전부 6/6","duration":0.22739999999976135,"failureMessages":[],"meta":{},"tags":[]},{"ancestorTitles":["site-wide language hardcoding guard"],"fullName":"site-wide language hardcoding guard does not use Korean/English-only locale branches anywhere in user-facing source","status":"passed","title":"does not use Korean/English-only locale branches anywhere in user-facing source","duration":10678.1873,"failureMessages":[],"meta":{},"tags":[]},{"ancestorTitles":["site-wide language hardcoding guard"],"fullName":"site-wide language hardcoding guard does not render direct Korean JSX outside explicit Korean dictionaries","status":"passed","title":"does not render direct Korean JSX outside explicit Korean dictionaries","duration":23910.8602,"failureMessages":[],"meta":{},"tags":[]},{"ancestorTitles":["site-wide language hardcoding guard"],"fullName":"site-wide language hardcoding guard does not hide Korean UI copy inside URL-encoded literals","status":"passed","title":"does not hide Korean UI copy inside URL-encoded literals","duration":8713.400200000004,"failureMessages":[],"meta":{},"tags":[]}],"startTime":1787755895681,"endTime":1787755938999.4001,"status":"passed","message":"","name":"C:/Users/gomd9/Downloads/nexysys_1/nexyfab.com/worktrees/platform/scripts/i18n/lang-coverage.test.ts"},{"assertionResults":[{"ancestorTitles":["로케일 하드코딩 래칫"],"fullName":"로케일 하드코딩 래칫 ★새로 로케일을 박아 넣은 파일이 없다 — `@/lib/i18n/format` 을 쓰라","status":"passed","title":"★새로 로케일을 박아 넣은 파일이 없다 — `@/lib/i18n/format` 을 쓰라","duration":1.6589999999996508,"failureMessages":[],"meta":{},"tags":[]},{"ancestorTitles":["로케일 하드코딩 래칫"],"fullName":"로케일 하드코딩 래칫 ★기존 파일에서 하드코딩이 늘지 않았다","status":"passed","title":"★기존 파일에서 하드코딩이 늘지 않았다","duration":0.2481999999999971,"failureMessages":[],"meta":{},"tags":[]},{"ancestorTitles":["로케일 하드코딩 래칫"],"fullName":"로케일 하드코딩 래칫 고친 파일은 기준선에서 줄어야 한다 — 갚은 부채를 남기면 래칫이 헐거워진다","status":"passed","title":"고친 파일은 기준선에서 줄어야 한다 — 갚은 부채를 남기면 래칫이 헐거워진다","duration":0.26680000000033033,"failureMessages":[],"meta":{},"tags":[]},{"ancestorTitles":["포맷 헬퍼"],"fullName":"포맷 헬퍼 ★언어마다 다른 결과를 낸다 — 같은 값이면 헬퍼가 로케일을 안 쓰는 것이다","status":"passed","title":"★언어마다 다른 결과를 낸다 — 같은 값이면 헬퍼가 로케일을 안 쓰는 것이다","duration":20.104599999999664,"failureMessages":[],"meta":{},"tags":[]},{"ancestorTitles":["포맷 헬퍼"],"fullName":"포맷 헬퍼 ★깨진 값은 빈 문자열이 아니라 null — 「날짜 없음」과 「값이 깨졌다」는 다르다","status":"passed","title":"★깨진 값은 빈 문자열이 아니라 null — 「날짜 없음」과 「값이 깨졌다」는 다르다","duration":0.3179999999993015,"failureMessages":[],"meta":{},"tags":[]},{"ancestorTitles":["포맷 헬퍼"],"fullName":"포맷 헬퍼 ★통화는 **표시 언어가 아니라 거래 통화**가 정한다","status":"passed","title":"★통화는 **표시 언어가 아니라 거래 통화**가 정한다","duration":0.610700000000179,"failureMessages":[],"meta":{},"tags":[]}],"startTime":1787755894392,"endTime":1787755894415.6106,"status":"passed","message":"","name":"C:/Users/gomd9/Downloads/nexysys_1/nexyfab.com/worktrees/platform/scripts/i18n/locale-hardcode.test.ts"},{"assertionResults":[{"ancestorTitles":["unified chat-first design entry"],"fullName":"unified chat-first design entry fills starter and follow-up prompts without executing them","status":"passed","title":"fills starter and follow-up prompts without executing them","duration":1.815599999999904,"failureMessages":[],"meta":{},"tags":[]},{"ancestorTitles":["unified chat-first design entry"],"fullName":"unified chat-first design entry uses one attachment control and exposes a reviewable execution lane","status":"passed","title":"uses one attachment control and exposes a reviewable execution lane","duration":1.076100000000224,"failureMessages":[],"meta":{},"tags":[]},{"ancestorTitles":["unified chat-first design entry"],"fullName":"unified chat-first design entry exposes the governed model selector and carries its stable ID through chat and CAD requests","status":"passed","title":"exposes the governed model selector and carries its stable ID through chat and CAD requests","duration":0.40650000000005093,"failureMessages":[],"meta":{},"tags":[]},{"ancestorTitles":["채팅 API 오류 안내"],"fullName":"채팅 API 오류 안내 게스트 일일 한도를 한국어 행동 안내와 로그인 링크로 바꾼다","status":"passed","title":"게스트 일일 한도를 한국어 행동 안내와 로그인 링크로 바꾼다","duration":17.4058,"failureMessages":[],"meta":{},"tags":[]},{"ancestorTitles":["채팅 API 오류 안내"],"fullName":"채팅 API 오류 안내 모든 지원 언어에 게스트 제한 안내와 해당 언어 로그인 경로가 있다","status":"passed","title":"모든 지원 언어에 게스트 제한 안내와 해당 언어 로그인 경로가 있다","duration":1.2086999999996806,"failureMessages":[],"meta":{},"tags":[]},{"ancestorTitles":["상용 제품 경로와 첫 요청 자동 라우팅"],"fullName":"상용 제품 경로와 첫 요청 자동 라우팅 모든 언어에 제품·기계와 공간·인프라 경로 문구가 있다","status":"passed","title":"모든 언어에 제품·기계와 공간·인프라 경로 문구가 있다","duration":0.4374000000002525,"failureMessages":[],"meta":{},"tags":[]},{"ancestorTitles":["상용 제품 경로와 첫 요청 자동 라우팅"],"fullName":"상용 제품 경로와 첫 요청 자동 라우팅 명확한 요청만 분야로 자동 라우팅하고 애매한 요청은 기본 경로에 남긴다","status":"passed","title":"명확한 요청만 분야로 자동 라우팅하고 애매한 요청은 기본 경로에 남긴다","duration":1.5644000000002052,"failureMessages":[],"meta":{},"tags":[]},{"ancestorTitles":["existing assembly follow-up routing"],"fullName":"existing assembly follow-up routing routes clash repair wording to stateful assembly editing","status":"passed","title":"routes clash repair wording to stateful assembly editing","duration":0.4936000000002423,"failureMessages":[],"meta":{},"tags":[]},{"ancestorTitles":["저장 결과의 생성 증거는 누락 시 fail-closed"],"fullName":"저장 결과의 생성 증거는 누락 시 fail-closed gateErrors 누락을 통과가 아닌 not_run으로 분류한다","status":"passed","title":"gateErrors 누락을 통과가 아닌 not_run으로 분류한다","duration":0.20000000000027285,"failureMessages":[],"meta":{},"tags":[]},{"ancestorTitles":["저장 결과의 생성 증거는 누락 시 fail-closed"],"fullName":"저장 결과의 생성 증거는 누락 시 fail-closed intent/assembly 객체 없이 실제 STEP 또는 SCAD 문자열만 형상 증거로 인정한다","status":"passed","title":"intent/assembly 객체 없이 실제 STEP 또는 SCAD 문자열만 형상 증거로 인정한다","duration":0.31979999999975917,"failureMessages":[],"meta":{},"tags":[]},{"ancestorTitles":["정밀 CAD 원본 보호"],"fullName":"정밀 CAD 원본 보호 기존 NFAB 컨텍스트를 신규 형상으로 전체 재생성하지 않도록 차단한다","status":"passed","title":"기존 NFAB 컨텍스트를 신규 형상으로 전체 재생성하지 않도록 차단한다","duration":2.8092999999998938,"failureMessages":[],"meta":{},"tags":[]},{"ancestorTitles":["★CHECK_LABELS_I18N(계산 검토항목명)이 6개 site 언어를 모두 갖는다"],"fullName":"★CHECK_LABELS_I18N(계산 검토항목명)이 6개 site 언어를 모두 갖는다 ★모든 항목이 6개 언어 전부에 값을 갖는다","status":"passed","title":"★모든 항목이 6개 언어 전부에 값을 갖는다","duration":0.4258999999997286,"failureMessages":[],"meta":{},"tags":[]},{"ancestorTitles":["★CHECK_LABELS_I18N(계산 검토항목명)이 6개 site 언어를 모두 갖는다"],"fullName":"★CHECK_LABELS_I18N(계산 검토항목명)이 6개 site 언어를 모두 갖는다 ★en 을 포함해 kr 이 아닌 모든 언어에서 한글이 남지 않는다 — 이게 실제 결함이었다","status":"passed","title":"★en 을 포함해 kr 이 아닌 모든 언어에서 한글이 남지 않는다 — 이게 실제 결함이었다","duration":0.3249999999998181,"failureMessages":[],"meta":{},"tags":[]},{"ancestorTitles":["★CHECK_LABELS_I18N(계산 검토항목명)이 6개 site 언어를 모두 갖는다"],"fullName":"★CHECK_LABELS_I18N(계산 검토항목명)이 6개 site 언어를 모두 갖는다 kr 값은 원본과 같다 — 번역 과정에서 원문이 바뀌지 않았는지","status":"passed","title":"kr 값은 원본과 같다 — 번역 과정에서 원문이 바뀌지 않았는지","duration":0.18469999999979336,"failureMessages":[],"meta":{},"tags":[]},{"ancestorTitles":["★FEATURE_KIND_I18N(3D 사양 카드 feature명)이 6개 site 언어를 모두 갖는다"],"fullName":"★FEATURE_KIND_I18N(3D 사양 카드 feature명)이 6개 site 언어를 모두 갖는다 ★모든 항목이 6개 언어 전부에 값을 갖는다","status":"passed","title":"★모든 항목이 6개 언어 전부에 값을 갖는다","duration":0.2266999999997097,"failureMessages":[],"meta":{},"tags":[]},{"ancestorTitles":["★FEATURE_KIND_I18N(3D 사양 카드 feature명)이 6개 site 언어를 모두 갖는다"],"fullName":"★FEATURE_KIND_I18N(3D 사양 카드 feature명)이 6개 site 언어를 모두 갖는다 ★en 을 포함해 kr 이 아닌 모든 언어에서 한글이 남지 않는다","status":"passed","title":"★en 을 포함해 kr 이 아닌 모든 언어에서 한글이 남지 않는다","duration":0.1908000000003085,"failureMessages":[],"meta":{},"tags":[]},{"ancestorTitles":["★FEATURE_KIND_I18N(3D 사양 카드 feature명)이 6개 site 언어를 모두 갖는다"],"fullName":"★FEATURE_KIND_I18N(3D 사양 카드 feature명)이 6개 site 언어를 모두 갖는다 kr 값은 원본과 같다","status":"passed","title":"kr 값은 원본과 같다","duration":0.151299999999992,"failureMessages":[],"meta":{},"tags":[]},{"ancestorTitles":["CAD 결과 작업공간 회귀 방지"],"fullName":"CAD 결과 작업공간 회귀 방지 랜딩 경로에서 시작한 대화도 넓은 화면과 CAD 결과가 있으면 분할 3D를 표시한다","status":"passed","title":"랜딩 경로에서 시작한 대화도 넓은 화면과 CAD 결과가 있으면 분할 3D를 표시한다","duration":0.22519999999985885,"failureMessages":[],"meta":{},"tags":[]},{"ancestorTitles":["CAD 결과 작업공간 회귀 방지"],"fullName":"CAD 결과 작업공간 회귀 방지 CAD 상세 문구는 모든 언어에 있고 비한국어 번역에 한글이 새지 않는다","status":"passed","title":"CAD 상세 문구는 모든 언어에 있고 비한국어 번역에 한글이 새지 않는다","duration":0.36619999999993524,"failureMessages":[],"meta":{},"tags":[]},{"ancestorTitles":["ChatHero 사용자 노출 문구 전수 지역화"],"fullName":"ChatHero 사용자 노출 문구 전수 지역화 잔여 UI 사전과 도면 유형 사전이 6개 언어를 모두 제공한다","status":"passed","title":"잔여 UI 사전과 도면 유형 사전이 6개 언어를 모두 제공한다","duration":0.37969999999995707,"failureMessages":[],"meta":{},"tags":[]},{"ancestorTitles":["ChatHero 사용자 노출 문구 전수 지역화"],"fullName":"ChatHero 사용자 노출 문구 전수 지역화 비한국어 UI 사전에는 한글이 남지 않는다","status":"passed","title":"비한국어 UI 사전에는 한글이 남지 않는다","duration":0.24129999999968277,"failureMessages":[],"meta":{},"tags":[]},{"ancestorTitles":["ChatHero 사용자 노출 문구 전수 지역화"],"fullName":"ChatHero 사용자 노출 문구 전수 지역화 클라이언트가 실행형·대화형·제목 요청 모두에 현재 언어를 전달한다","status":"passed","title":"클라이언트가 실행형·대화형·제목 요청 모두에 현재 언어를 전달한다","duration":0.3318999999996777,"failureMessages":[],"meta":{},"tags":[]},{"ancestorTitles":["ChatHero 사용자 노출 문구 전수 지역화"],"fullName":"ChatHero 사용자 노출 문구 전수 지역화 production chat form controls retain stable autofill and accessibility identities","status":"passed","title":"production chat form controls retain stable autofill and accessibility identities","duration":0.30349999999998545,"failureMessages":[],"meta":{},"tags":[]},{"ancestorTitles":["ChatHero 사용자 노출 문구 전수 지역화"],"fullName":"ChatHero 사용자 노출 문구 전수 지역화 과거 사용자 노출 하드코딩이 렌더 경로에 남지 않는다","status":"passed","title":"과거 사용자 노출 하드코딩이 렌더 경로에 남지 않는다","duration":0.595299999999952,"failureMessages":[],"meta":{},"tags":[]}],"startTime":1787755890102,"endTime":1787755890134.5952,"status":"passed","message":"","name":"C:/Users/gomd9/Downloads/nexysys_1/nexyfab.com/worktrees/platform/src/app/[lang]/ChatHero.i18n.test.ts"},{"assertionResults":[{"ancestorTitles":["home dictionary locale isolation"],"fullName":"home dictionary locale isolation en contains no leaked Korean copy","status":"passed","title":"en contains no leaked Korean copy","duration":2.1732999999999265,"failureMessages":[],"meta":{},"tags":[]},{"ancestorTitles":["home dictionary locale isolation"],"fullName":"home dictionary locale isolation ja contains no leaked Korean copy","status":"passed","title":"ja contains no leaked Korean copy","duration":0.36419999999998254,"failureMessages":[],"meta":{},"tags":[]},{"ancestorTitles":["home dictionary locale isolation"],"fullName":"home dictionary locale isolation cn contains no leaked Korean copy","status":"passed","title":"cn contains no leaked Korean copy","duration":0.24540000000001783,"failureMessages":[],"meta":{},"tags":[]},{"ancestorTitles":["home dictionary locale isolation"],"fullName":"home dictionary locale isolation es contains no leaked Korean copy","status":"passed","title":"es contains no leaked Korean copy","duration":0.2419000000001006,"failureMessages":[],"meta":{},"tags":[]},{"ancestorTitles":["home dictionary locale isolation"],"fullName":"home dictionary locale isolation ar contains no leaked Korean copy","status":"passed","title":"ar contains no leaked Korean copy","duration":0.23030000000005657,"failureMessages":[],"meta":{},"tags":[]}],"startTime":1787755924343,"endTime":1787755924346.242,"status":"passed","message":"","name":"C:/Users/gomd9/Downloads/nexysys_1/nexyfab.com/worktrees/platform/src/app/[lang]/homeDict.i18n.test.ts"},{"assertionResults":[{"ancestorTitles":["AI Design workspace six-language copy"],"fullName":"AI Design workspace six-language copy provides complete, nonempty ko copy","status":"passed","title":"provides complete, nonempty ko copy","duration":2.247100000000046,"failureMessages":[],"meta":{},"tags":[]},{"ancestorTitles":["AI Design workspace six-language copy"],"fullName":"AI Design workspace six-language copy provides complete, nonempty en copy","status":"passed","title":"provides complete, nonempty en copy","duration":0.31350000000009004,"failureMessages":[],"meta":{},"tags":[]},{"ancestorTitles":["AI Design workspace six-language copy"],"fullName":"AI Design workspace six-language copy provides complete, nonempty ja copy","status":"passed","title":"provides complete, nonempty ja copy","duration":0.2839999999999918,"failureMessages":[],"meta":{},"tags":[]},{"ancestorTitles":["AI Design workspace six-language copy"],"fullName":"AI Design workspace six-language copy provides complete, nonempty zh copy","status":"passed","title":"provides complete, nonempty zh copy","duration":0.20819999999991978,"failureMessages":[],"meta":{},"tags":[]},{"ancestorTitles":["AI Design workspace six-language copy"],"fullName":"AI Design workspace six-language copy provides complete, nonempty es copy","status":"passed","title":"provides complete, nonempty es copy","duration":0.31310000000007676,"failureMessages":[],"meta":{},"tags":[]},{"ancestorTitles":["AI Design workspace six-language copy"],"fullName":"AI Design workspace six-language copy provides complete, nonempty ar copy","status":"passed","title":"provides complete, nonempty ar copy","duration":0.290300000000002,"failureMessages":[],"meta":{},"tags":[]},{"ancestorTitles":["AI Design workspace six-language copy"],"fullName":"AI Design workspace six-language copy normalizes route aliases and fails unknown locales back to English","status":"passed","title":"normalizes route aliases and fails unknown locales back to English","duration":0.27359999999998763,"failureMessages":[],"meta":{},"tags":[]}],"startTime":1787755920829,"endTime":1787755920833.313,"status":"passed","message":"","name":"C:/Users/gomd9/Downloads/nexysys_1/nexyfab.com/worktrees/platform/src/lib/ai/aiDesignWorkspaceI18n.test.ts"},{"assertionResults":[{"ancestorTitles":["codegen model catalog i18n"],"fullName":"codegen model catalog i18n provides a localized note for every selectable model and product locale","status":"passed","title":"provides a localized note for every selectable model and product locale","duration":4.973599999999919,"failureMessages":[],"meta":{},"tags":[]},{"ancestorTitles":["codegen model catalog i18n"],"fullName":"codegen model catalog i18n normalizes route aliases and keeps English as the unknown-locale fallback","status":"passed","title":"normalizes route aliases and keeps English as the unknown-locale fallback","duration":0.35559999999998126,"failureMessages":[],"meta":{},"tags":[]}],"startTime":1787755923505,"endTime":1787755923510.3557,"status":"passed","message":"","name":"C:/Users/gomd9/Downloads/nexysys_1/nexyfab.com/worktrees/platform/src/lib/ai/codegenModelI18n.test.ts"},{"assertionResults":[{"ancestorTitles":["admin i18n base contract"],"fullName":"admin i18n base contract provides every navigation key in all six locales","status":"passed","title":"provides every navigation key in all six locales","duration":5.925399999999968,"failureMessages":[],"meta":{},"tags":[]},{"ancestorTitles":["admin i18n base contract"],"fullName":"admin i18n base contract normalizes route aliases and preserves the Arabic locale","status":"passed","title":"normalizes route aliases and preserves the Arabic locale","duration":0.4490000000000691,"failureMessages":[],"meta":{},"tags":[]}],"startTime":1787755920465,"endTime":1787755920471.449,"status":"passed","message":"","name":"C:/Users/gomd9/Downloads/nexysys_1/nexyfab.com/worktrees/platform/src/lib/i18n/adminTranslations.test.ts"},{"assertionResults":[{"ancestorTitles":["createCatalogLocalizer bare count placeholders"],"fullName":"createCatalogLocalizer bare count placeholders localizes numeric values while leaving units and identifiers unchanged","status":"passed","title":"localizes numeric values while leaving units and identifiers unchanged","duration":2.1499999999999773,"failureMessages":[],"meta":{},"tags":[]},{"ancestorTitles":["createCatalogLocalizer bare count placeholders"],"fullName":"createCatalogLocalizer bare count placeholders applies the same numeric-only guard to flat locale catalogs","status":"passed","title":"applies the same numeric-only guard to flat locale catalogs","duration":0.4855000000000018,"failureMessages":[],"meta":{},"tags":[]}],"startTime":1787755922452,"endTime":1787755922454.4856,"status":"passed","message":"","name":"C:/Users/gomd9/Downloads/nexysys_1/nexyfab.com/worktrees/platform/src/lib/i18n/catalogLocalizer.test.ts"},{"assertionResults":[{"ancestorTitles":["manufacturing display vocabulary"],"fullName":"manufacturing display vocabulary localizes stable product and process values for every supported locale","status":"passed","title":"localizes stable product and process values for every supported locale","duration":1.8330999999999449,"failureMessages":[],"meta":{},"tags":[]},{"ancestorTitles":["manufacturing display vocabulary"],"fullName":"manufacturing display vocabulary normalizes route aliases for region labels and preserves unknown identifiers","status":"passed","title":"normalizes route aliases for region labels and preserves unknown identifiers","duration":0.25299999999992906,"failureMessages":[],"meta":{},"tags":[]},{"ancestorTitles":["manufacturing display vocabulary"],"fullName":"manufacturing display vocabulary covers profile taxonomy labels in every route locale without changing identifiers","status":"passed","title":"covers profile taxonomy labels in every route locale without changing identifiers","duration":2.989599999999996,"failureMessages":[],"meta":{},"tags":[]}],"startTime":1787755919329,"endTime":1787755919334.9895,"status":"passed","message":"","name":"C:/Users/gomd9/Downloads/nexysys_1/nexyfab.com/worktrees/platform/src/lib/i18n/manufacturingTerms.test.ts"},{"assertionResults":[{"ancestorTitles":["locale normalization"],"fullName":"locale normalization maps stored ISO locales to canonical route locales","status":"passed","title":"maps stored ISO locales to canonical route locales","duration":2.1643000000000256,"failureMessages":[],"meta":{},"tags":[]},{"ancestorTitles":["locale normalization"],"fullName":"locale normalization normalizes regional and script locale values from browsers and OAuth providers","status":"passed","title":"normalizes regional and script locale values from browsers and OAuth providers","duration":0.4938999999999396,"failureMessages":[],"meta":{},"tags":[]},{"ancestorTitles":["locale normalization"],"fullName":"locale normalization canonicalizes legacy locale URL segments without touching other paths","status":"passed","title":"canonicalizes legacy locale URL segments without touching other paths","duration":0.4595000000000482,"failureMessages":[],"meta":{},"tags":[]},{"ancestorTitles":["locale normalization"],"fullName":"locale normalization keeps UI language and direction helpers compatible with legacy values","status":"passed","title":"keeps UI language and direction helpers compatible with legacy values","duration":0.4329999999999927,"failureMessages":[],"meta":{},"tags":[]}],"startTime":1787755921057,"endTime":1787755921060.4595,"status":"passed","message":"","name":"C:/Users/gomd9/Downloads/nexysys_1/nexyfab.com/worktrees/platform/src/lib/i18n/normalize.test.ts"},{"assertionResults":[{"ancestorTitles":["server locale resolution"],"fullName":"server locale resolution normalizes kr","status":"passed","title":"normalizes kr","duration":18.579200000000014,"failureMessages":[],"meta":{},"tags":[]},{"ancestorTitles":["server locale resolution"],"fullName":"server locale resolution normalizes ko","status":"passed","title":"normalizes ko","duration":0.2617999999999938,"failureMessages":[],"meta":{},"tags":[]},{"ancestorTitles":["server locale resolution"],"fullName":"server locale resolution normalizes ko-KR","status":"passed","title":"normalizes ko-KR","duration":0.35450000000003,"failureMessages":[],"meta":{},"tags":[]},{"ancestorTitles":["server locale resolution"],"fullName":"server locale resolution normalizes cn","status":"passed","title":"normalizes cn","duration":0.15359999999998308,"failureMessages":[],"meta":{},"tags":[]},{"ancestorTitles":["server locale resolution"],"fullName":"server locale resolution normalizes zh","status":"passed","title":"normalizes zh","duration":0.181699999999978,"failureMessages":[],"meta":{},"tags":[]},{"ancestorTitles":["server locale resolution"],"fullName":"server locale resolution normalizes zh-CN","status":"passed","title":"normalizes zh-CN","duration":0.1430000000000291,"failureMessages":[],"meta":{},"tags":[]},{"ancestorTitles":["server locale resolution"],"fullName":"server locale resolution normalizes en","status":"passed","title":"normalizes en","duration":0.1493000000000393,"failureMessages":[],"meta":{},"tags":[]},{"ancestorTitles":["server locale resolution"],"fullName":"server locale resolution normalizes jp","status":"passed","title":"normalizes jp","duration":0.15949999999998,"failureMessages":[],"meta":{},"tags":[]},{"ancestorTitles":["server locale resolution"],"fullName":"server locale resolution normalizes ja-JP","status":"passed","title":"normalizes ja-JP","duration":0.185799999999972,"failureMessages":[],"meta":{},"tags":[]},{"ancestorTitles":["server locale resolution"],"fullName":"server locale resolution normalizes es-ES","status":"passed","title":"normalizes es-ES","duration":0.20669999999995525,"failureMessages":[],"meta":{},"tags":[]},{"ancestorTitles":["server locale resolution"],"fullName":"server locale resolution normalizes ar-SA","status":"passed","title":"normalizes ar-SA","duration":0.16240000000004784,"failureMessages":[],"meta":{},"tags":[]},{"ancestorTitles":["server locale resolution"],"fullName":"server locale resolution uses the highest-priority supported Accept-Language value","status":"passed","title":"uses the highest-priority supported Accept-Language value","duration":1.0756000000000085,"failureMessages":[],"meta":{},"tags":[]},{"ancestorTitles":["server locale resolution"],"fullName":"server locale resolution prefers an explicit body locale over the header","status":"passed","title":"prefers an explicit body locale over the header","duration":0.14819999999997435,"failureMessages":[],"meta":{},"tags":[]},{"ancestorTitles":["server locale resolution"],"fullName":"server locale resolution provides localized API messages for every supported route locale","status":"passed","title":"provides localized API messages for every supported route locale","duration":0.3265999999999849,"failureMessages":[],"meta":{},"tags":[]}],"startTime":1787755916803,"endTime":1787755916825.3267,"status":"passed","message":"","name":"C:/Users/gomd9/Downloads/nexysys_1/nexyfab.com/worktrees/platform/src/lib/i18n/serverLocale.test.ts"},{"assertionResults":[{"ancestorTitles":["spatial exact clash job copy"],"fullName":"spatial exact clash job copy keeps active usage and cancellation copy in all six locale paths","status":"passed","title":"keeps active usage and cancellation copy in all six locale paths","duration":2.3250999999999067,"failureMessages":[],"meta":{},"tags":[]}],"startTime":1787755925048,"endTime":1787755925050.3252,"status":"passed","message":"","name":"C:/Users/gomd9/Downloads/nexysys_1/nexyfab.com/worktrees/platform/src/lib/i18n/spatialCadJobTranslations.test.ts"},{"assertionResults":[{"ancestorTitles":["SSO commercial UI contract"],"fullName":"SSO commercial UI contract does not entitle SSO through any advertised plan","status":"passed","title":"does not entitle SSO through any advertised plan","duration":1.6363000000000056,"failureMessages":[],"meta":{},"tags":[]},{"ancestorTitles":["SSO commercial UI contract"],"fullName":"SSO commercial UI contract ships an explicit localized HOLD disclosure for all six routes","status":"passed","title":"ships an explicit localized HOLD disclosure for all six routes","duration":1.7726999999999862,"failureMessages":[],"meta":{},"tags":[]}],"startTime":1787755920324,"endTime":1787755920327.7727,"status":"passed","message":"","name":"C:/Users/gomd9/Downloads/nexysys_1/nexyfab.com/worktrees/platform/src/lib/i18n/ssoCommercialStatus.test.ts"},{"assertionResults":[{"ancestorTitles":["DashboardPage — lang gate matches the real route segment"],"fullName":"DashboardPage — lang gate matches the real route segment lang=kr (the real Korean route segment): renders the Korean dict","status":"passed","title":"lang=kr (the real Korean route segment): renders the Korean dict","duration":67.63349999999991,"failureMessages":[],"meta":{},"tags":[]},{"ancestorTitles":["DashboardPage — lang gate matches the real route segment"],"fullName":"DashboardPage — lang gate matches the real route segment lang=ko (legacy ISO form): also renders the Korean dict","status":"passed","title":"lang=ko (legacy ISO form): also renders the Korean dict","duration":16.757699999999886,"failureMessages":[],"meta":{},"tags":[]},{"ancestorTitles":["DashboardPage — lang gate matches the real route segment"],"fullName":"DashboardPage — lang gate matches the real route segment lang=en: renders the English dict, no leftover Korean","status":"passed","title":"lang=en: renders the English dict, no leftover Korean","duration":17.738999999999805,"failureMessages":[],"meta":{},"tags":[]}],"startTime":1787755909209,"endTime":1787755909311.739,"status":"passed","message":"","name":"C:/Users/gomd9/Downloads/nexysys_1/nexyfab.com/worktrees/platform/src/app/[lang]/dashboard/page.i18n.test.tsx"},{"assertionResults":[{"ancestorTitles":["★AutoQuoteCard dict 가 6개 site 언어 모두 applyPrimary/applyAlt 를 갖는다"],"fullName":"★AutoQuoteCard dict 가 6개 site 언어 모두 applyPrimary/applyAlt 를 갖는다 ★모든 언어가 applyPrimary/applyAlt 를 갖는다","status":"passed","title":"★모든 언어가 applyPrimary/applyAlt 를 갖는다","duration":2.1987000000000307,"failureMessages":[],"meta":{},"tags":[]},{"ancestorTitles":["★AutoQuoteCard dict 가 6개 site 언어 모두 applyPrimary/applyAlt 를 갖는다"],"fullName":"★AutoQuoteCard dict 가 6개 site 언어 모두 applyPrimary/applyAlt 를 갖는다 ★ko 를 제외한 모든 언어에서 한글이 남지 않는다 — 이게 실제 결함이었다","status":"passed","title":"★ko 를 제외한 모든 언어에서 한글이 남지 않는다 — 이게 실제 결함이었다","duration":0.37429999999994834,"failureMessages":[],"meta":{},"tags":[]},{"ancestorTitles":["★AutoQuoteCard dict 가 6개 site 언어 모두 applyPrimary/applyAlt 를 갖는다"],"fullName":"★AutoQuoteCard dict 가 6개 site 언어 모두 applyPrimary/applyAlt 를 갖는다 ko 값은 원본과 같다","status":"passed","title":"ko 값은 원본과 같다","duration":0.40830000000005384,"failureMessages":[],"meta":{},"tags":[]}],"startTime":1787755912703,"endTime":1787755912706.4082,"status":"passed","message":"","name":"C:/Users/gomd9/Downloads/nexysys_1/nexyfab.com/worktrees/platform/src/app/[lang]/quick-quote/AutoQuoteCard.i18n.test.tsx"},{"assertionResults":[{"ancestorTitles":["WorkflowStepper — step labels follow lang, not hardcoded to ko/en"],"fullName":"WorkflowStepper — step labels follow lang, not hardcoded to ko/en lang=ko: shows Korean labels","status":"passed","title":"lang=ko: shows Korean labels","duration":44.286099999999806,"failureMessages":[],"meta":{},"tags":[]},{"ancestorTitles":["WorkflowStepper — step labels follow lang, not hardcoded to ko/en"],"fullName":"WorkflowStepper — step labels follow lang, not hardcoded to ko/en lang=en: shows English labels","status":"passed","title":"lang=en: shows English labels","duration":6.333300000000008,"failureMessages":[],"meta":{},"tags":[]},{"ancestorTitles":["WorkflowStepper — step labels follow lang, not hardcoded to ko/en"],"fullName":"WorkflowStepper — step labels follow lang, not hardcoded to ko/en lang=ja: shows Japanese labels, not the bare English word","status":"passed","title":"lang=ja: shows Japanese labels, not the bare English word","duration":6.396199999999908,"failureMessages":[],"meta":{},"tags":[]},{"ancestorTitles":["WorkflowStepper — step labels follow lang, not hardcoded to ko/en"],"fullName":"WorkflowStepper — step labels follow lang, not hardcoded to ko/en lang=cn: shows Chinese labels, not the bare English word","status":"passed","title":"lang=cn: shows Chinese labels, not the bare English word","duration":6.616999999999962,"failureMessages":[],"meta":{},"tags":[]},{"ancestorTitles":["WorkflowStepper — step labels follow lang, not hardcoded to ko/en"],"fullName":"WorkflowStepper — step labels follow lang, not hardcoded to ko/en lang=es: shows Spanish labels, not the bare English word","status":"passed","title":"lang=es: shows Spanish labels, not the bare English word","duration":7.402700000000095,"failureMessages":[],"meta":{},"tags":[]},{"ancestorTitles":["WorkflowStepper — step labels follow lang, not hardcoded to ko/en"],"fullName":"WorkflowStepper — step labels follow lang, not hardcoded to ko/en lang=ar: shows Arabic labels, not the bare English word","status":"passed","title":"lang=ar: shows Arabic labels, not the bare English word","duration":6.045700000000124,"failureMessages":[],"meta":{},"tags":[]}],"startTime":1787755905287,"endTime":1787755905365.0457,"status":"passed","message":"","name":"C:/Users/gomd9/Downloads/nexysys_1/nexyfab.com/worktrees/platform/src/app/[lang]/shape-generator/WorkflowStepper.i18n.test.tsx"},{"assertionResults":[{"ancestorTitles":["WorkspaceLoading i18n"],"fullName":"WorkspaceLoading i18n renders the page loading message for kr","status":"passed","title":"renders the page loading message for kr","duration":45.83349999999996,"failureMessages":[],"meta":{},"tags":[]},{"ancestorTitles":["WorkspaceLoading i18n"],"fullName":"WorkspaceLoading i18n renders the page loading message for en","status":"passed","title":"renders the page loading message for en","duration":4.868199999999888,"failureMessages":[],"meta":{},"tags":[]},{"ancestorTitles":["WorkspaceLoading i18n"],"fullName":"WorkspaceLoading i18n renders the page loading message for ja","status":"passed","title":"renders the page loading message for ja","duration":3.5144000000000233,"failureMessages":[],"meta":{},"tags":[]},{"ancestorTitles":["WorkspaceLoading i18n"],"fullName":"WorkspaceLoading i18n renders the page loading message for cn","status":"passed","title":"renders the page loading message for cn","duration":2.8618999999998778,"failureMessages":[],"meta":{},"tags":[]},{"ancestorTitles":["WorkspaceLoading i18n"],"fullName":"WorkspaceLoading i18n renders the page loading message for es","status":"passed","title":"renders the page loading message for es","duration":3.564000000000078,"failureMessages":[],"meta":{},"tags":[]},{"ancestorTitles":["WorkspaceLoading i18n"],"fullName":"WorkspaceLoading i18n renders the page loading message for ar","status":"passed","title":"renders the page loading message for ar","duration":1.9752000000000862,"failureMessages":[],"meta":{},"tags":[]}],"startTime":1787755923772,"endTime":1787755923834.975,"status":"passed","message":"","name":"C:/Users/gomd9/Downloads/nexysys_1/nexyfab.com/worktrees/platform/src/app/[lang]/shape-generator/WorkspaceLoading.i18n.test.tsx"},{"assertionResults":[{"ancestorTitles":["canonical sketch issue i18n adapter"],"fullName":"canonical sketch issue i18n adapter maps stable issue families without putting locale text in the machine issue","status":"passed","title":"maps stable issue families without putting locale text in the machine issue","duration":3.7828000000000657,"failureMessages":[],"meta":{},"tags":[]},{"ancestorTitles":["canonical sketch issue i18n adapter"],"fullName":"canonical sketch issue i18n adapter resolves deterministically across all six locales with fallback","status":"passed","title":"resolves deterministically across all six locales with fallback","duration":1.502299999999991,"failureMessages":[],"meta":{},"tags":[]},{"ancestorTitles":["canonical sketch issue i18n adapter"],"fullName":"canonical sketch issue i18n adapter fails closed for hidden, symbol, getter, proxy, cycle, unknown and oversize values","status":"passed","title":"fails closed for hidden, symbol, getter, proxy, cycle, unknown and oversize values","duration":0.8042000000000371,"failureMessages":[],"meta":{},"tags":[]},{"ancestorTitles":["canonical sketch issue i18n adapter"],"fullName":"canonical sketch issue i18n adapter preserves stable machine issues in list order and keeps no release claim","status":"passed","title":"preserves stable machine issues in list order and keeps no release claim","duration":0.2677999999999656,"failureMessages":[],"meta":{},"tags":[]}],"startTime":1787755895051,"endTime":1787755895057.2678,"status":"passed","message":"","name":"C:/Users/gomd9/Downloads/nexysys_1/nexyfab.com/worktrees/platform/src/lib/cad/i18n/canonicalSketchIssues.test.ts"},{"assertionResults":[{"ancestorTitles":["CAD local catalog"],"fullName":"CAD local catalog has six-locale parity and matching placeholders","status":"passed","title":"has six-locale parity and matching placeholders","duration":2.9220000000000255,"failureMessages":[],"meta":{},"tags":[]},{"ancestorTitles":["CAD local catalog"],"fullName":"CAD local catalog falls back to English with explicit metadata","status":"passed","title":"falls back to English with explicit metadata","duration":1.679300000000012,"failureMessages":[],"meta":{},"tags":[]},{"ancestorTitles":["CAD local catalog"],"fullName":"CAD local catalog marks unreviewed locales and preserves typed placeholders","status":"passed","title":"marks unreviewed locales and preserves typed placeholders","duration":0.501700000000028,"failureMessages":[],"meta":{},"tags":[]},{"ancestorTitles":["CAD local catalog"],"fullName":"CAD local catalog marks missing locale keys and falls back to English explicitly","status":"passed","title":"marks missing locale keys and falls back to English explicitly","duration":0.3444999999999254,"failureMessages":[],"meta":{},"tags":[]},{"ancestorTitles":["CAD local catalog"],"fullName":"CAD local catalog escapes placeholder text and rejects malformed catalogs without throwing","status":"passed","title":"escapes placeholder text and rejects malformed catalogs without throwing","duration":0.9261999999999944,"failureMessages":[],"meta":{},"tags":[]}],"startTime":1787755919592,"endTime":1787755919598.9263,"status":"passed","message":"","name":"C:/Users/gomd9/Downloads/nexysys_1/nexyfab.com/worktrees/platform/src/lib/cad/i18n/catalog.test.ts"},{"assertionResults":[{"ancestorTitles":["CAD locale-neutral display formatting"],"fullName":"CAD locale-neutral display formatting does not mutate canonical quantities","status":"passed","title":"does not mutate canonical quantities","duration":27.409299999999917,"failureMessages":[],"meta":{},"tags":[]},{"ancestorTitles":["CAD locale-neutral display formatting"],"fullName":"CAD locale-neutral display formatting uses locale display rules only","status":"passed","title":"uses locale display rules only","duration":2.125699999999938,"failureMessages":[],"meta":{},"tags":[]},{"ancestorTitles":["CAD locale-neutral display formatting"],"fullName":"CAD locale-neutral display formatting formats an ISO instant in its declared timezone","status":"passed","title":"formats an ISO instant in its declared timezone","duration":10.196900000000028,"failureMessages":[],"meta":{},"tags":[]}],"startTime":1787755919720,"endTime":1787755919760.197,"status":"passed","message":"","name":"C:/Users/gomd9/Downloads/nexysys_1/nexyfab.com/worktrees/platform/src/lib/cad/i18n/format.test.ts"},{"assertionResults":[{"ancestorTitles":["CAD machine messages"],"fullName":"CAD machine messages accepts stable codes and typed params","status":"passed","title":"accepts stable codes and typed params","duration":2.388300000000072,"failureMessages":[],"meta":{},"tags":[]},{"ancestorTitles":["CAD machine messages"],"fullName":"CAD machine messages covers each GP02-GP05 failure boundary with a stable code","status":"passed","title":"covers each GP02-GP05 failure boundary with a stable code","duration":1.1947999999999865,"failureMessages":[],"meta":{},"tags":[]},{"ancestorTitles":["CAD machine messages"],"fullName":"CAD machine messages rejects unknown codes and invalid params","status":"passed","title":"rejects unknown codes and invalid params","duration":2.148900000000026,"failureMessages":[],"meta":{},"tags":[]},{"ancestorTitles":["CAD machine messages"],"fullName":"CAD machine messages rejects accessors, throwing proxies, and non-plain prototypes","status":"passed","title":"rejects accessors, throwing proxies, and non-plain prototypes","duration":0.6801000000000386,"failureMessages":[],"meta":{},"tags":[]},{"ancestorTitles":["CAD machine messages"],"fullName":"CAD machine messages detaches accepted values for safe placeholder rendering","status":"passed","title":"detaches accepted values for safe placeholder rendering","duration":0.5506000000000313,"failureMessages":[],"meta":{},"tags":[]},{"ancestorTitles":["CAD machine messages"],"fullName":"CAD machine messages keeps locale and code guards narrow","status":"passed","title":"keeps locale and code guards narrow","duration":0.19929999999999382,"failureMessages":[],"meta":{},"tags":[]}],"startTime":1787755903886,"endTime":1787755903894.1992,"status":"passed","message":"","name":"C:/Users/gomd9/Downloads/nexysys_1/nexyfab.com/worktrees/platform/src/lib/cad/i18n/message.test.ts"},{"assertionResults":[{"ancestorTitles":["buildLocalizedTabularExport"],"fullName":"buildLocalizedTabularExport localizes every tabular surface for kr","status":"passed","title":"localizes every tabular surface for kr","duration":20.750600000000077,"failureMessages":[],"meta":{},"tags":[]},{"ancestorTitles":["buildLocalizedTabularExport"],"fullName":"buildLocalizedTabularExport localizes every tabular surface for en","status":"passed","title":"localizes every tabular surface for en","duration":2.1849999999999454,"failureMessages":[],"meta":{},"tags":[]},{"ancestorTitles":["buildLocalizedTabularExport"],"fullName":"buildLocalizedTabularExport localizes every tabular surface for ja","status":"passed","title":"localizes every tabular surface for ja","duration":1.755800000000022,"failureMessages":[],"meta":{},"tags":[]},{"ancestorTitles":["buildLocalizedTabularExport"],"fullName":"buildLocalizedTabularExport localizes every tabular surface for cn","status":"passed","title":"localizes every tabular surface for cn","duration":1.884800000000041,"failureMessages":[],"meta":{},"tags":[]},{"ancestorTitles":["buildLocalizedTabularExport"],"fullName":"buildLocalizedTabularExport localizes every tabular surface for es","status":"passed","title":"localizes every tabular surface for es","duration":2.43730000000005,"failureMessages":[],"meta":{},"tags":[]},{"ancestorTitles":["buildLocalizedTabularExport"],"fullName":"buildLocalizedTabularExport localizes every tabular surface for ar","status":"passed","title":"localizes every tabular surface for ar","duration":1.667599999999993,"failureMessages":[],"meta":{},"tags":[]}],"startTime":1787755909941,"endTime":1787755909971.6675,"status":"passed","message":"","name":"C:/Users/gomd9/Downloads/nexysys_1/nexyfab.com/worktrees/platform/src/app/api/nexyfab/export/i18n.test.ts"},{"assertionResults":[{"ancestorTitles":["quote accuracy rule fallback"],"fullName":"quote accuracy rule fallback returns primary narrative in ko","status":"passed","title":"returns primary narrative in ko","duration":23.258199999999988,"failureMessages":[],"meta":{},"tags":[]},{"ancestorTitles":["quote accuracy rule fallback"],"fullName":"quote accuracy rule fallback returns primary narrative in en","status":"passed","title":"returns primary narrative in en","duration":1.0449000000000979,"failureMessages":[],"meta":{},"tags":[]},{"ancestorTitles":["quote accuracy rule fallback"],"fullName":"quote accuracy rule fallback returns primary narrative in ja","status":"passed","title":"returns primary narrative in ja","duration":0.7372000000000298,"failureMessages":[],"meta":{},"tags":[]},{"ancestorTitles":["quote accuracy rule fallback"],"fullName":"quote accuracy rule fallback returns primary narrative in zh","status":"passed","title":"returns primary narrative in zh","duration":0.6204000000000178,"failureMessages":[],"meta":{},"tags":[]},{"ancestorTitles":["quote accuracy rule fallback"],"fullName":"quote accuracy rule fallback returns primary narrative in es","status":"passed","title":"returns primary narrative in es","duration":0.646199999999908,"failureMessages":[],"meta":{},"tags":[]},{"ancestorTitles":["quote accuracy rule fallback"],"fullName":"quote accuracy rule fallback returns primary narrative in ar","status":"passed","title":"returns primary narrative in ar","duration":0.6173999999998614,"failureMessages":[],"meta":{},"tags":[]}],"startTime":1787755918809,"endTime":1787755918836.6174,"status":"passed","message":"","name":"C:/Users/gomd9/Downloads/nexysys_1/nexyfab.com/worktrees/platform/src/app/api/nexyfab/quote-accuracy/route.i18n.test.ts"},{"assertionResults":[{"ancestorTitles":["fmtKRW — currency unit suffix is language-branched"],"fullName":"fmtKRW — currency unit suffix is language-branched isKo=false (lang=ja): \"KRW\" suffix, no 원","status":"passed","title":"isKo=false (lang=ja): \"KRW\" suffix, no 원","duration":20.60579999999993,"failureMessages":[],"meta":{},"tags":[]},{"ancestorTitles":["fmtKRW — currency unit suffix is language-branched"],"fullName":"fmtKRW — currency unit suffix is language-branched isKo=false (lang=cn): \"KRW\" suffix, no 원","status":"passed","title":"isKo=false (lang=cn): \"KRW\" suffix, no 원","duration":0.40790000000004056,"failureMessages":[],"meta":{},"tags":[]},{"ancestorTitles":["fmtKRW — currency unit suffix is language-branched"],"fullName":"fmtKRW — currency unit suffix is language-branched isKo=false (lang=es): \"KRW\" suffix, no 원","status":"passed","title":"isKo=false (lang=es): \"KRW\" suffix, no 원","duration":0.3888000000000602,"failureMessages":[],"meta":{},"tags":[]},{"ancestorTitles":["fmtKRW — currency unit suffix is language-branched"],"fullName":"fmtKRW — currency unit suffix is language-branched isKo=false (lang=ar): \"KRW\" suffix, no 원","status":"passed","title":"isKo=false (lang=ar): \"KRW\" suffix, no 원","duration":0.38179999999999836,"failureMessages":[],"meta":{},"tags":[]},{"ancestorTitles":["fmtKRW — currency unit suffix is language-branched"],"fullName":"fmtKRW — currency unit suffix is language-branched isKo=false (lang=en): \"KRW\" suffix, no 원","status":"passed","title":"isKo=false (lang=en): \"KRW\" suffix, no 원","duration":0.4539000000000897,"failureMessages":[],"meta":{},"tags":[]},{"ancestorTitles":["fmtKRW — currency unit suffix is language-branched"],"fullName":"fmtKRW — currency unit suffix is language-branched isKo=true: keeps the original 원 suffix","status":"passed","title":"isKo=true: keeps the original 원 suffix","duration":0.27940000000000964,"failureMessages":[],"meta":{},"tags":[]},{"ancestorTitles":["fmtKRW — currency unit suffix is language-branched"],"fullName":"fmtKRW — currency unit suffix is language-branched zero/null price still branches on isKo (무료/Free), not currency-suffixed","status":"passed","title":"zero/null price still branches on isKo (무료/Free), not currency-suffixed","duration":0.3226999999999407,"failureMessages":[],"meta":{},"tags":[]},{"ancestorTitles":["fmtKRW — currency unit suffix is language-branched"],"fullName":"fmtKRW — currency unit suffix is language-branched localizes free labels for every supported locale","status":"passed","title":"localizes free labels for every supported locale","duration":0.2823000000000775,"failureMessages":[],"meta":{},"tags":[]}],"startTime":1787755907646,"endTime":1787755907669.3228,"status":"passed","message":"","name":"C:/Users/gomd9/Downloads/nexysys_1/nexyfab.com/worktrees/platform/src/app/[lang]/nexyfab/billing/page.i18n.test.tsx"},{"assertionResults":[{"ancestorTitles":["CodeCheckPanel — non-ko renders carry no leftover Korean"],"fullName":"CodeCheckPanel — non-ko renders carry no leftover Korean lang=en: group titles/field labels/units are English, not Korean","status":"passed","title":"lang=en: group titles/field labels/units are English, not Korean","duration":117.05090000000018,"failureMessages":[],"meta":{},"tags":[]},{"ancestorTitles":["CodeCheckPanel — non-ko renders carry no leftover Korean"],"fullName":"CodeCheckPanel — non-ko renders carry no leftover Korean lang=ja: group titles/field labels/units are English, not Korean","status":"passed","title":"lang=ja: group titles/field labels/units are English, not Korean","duration":42.82960000000003,"failureMessages":[],"meta":{},"tags":[]},{"ancestorTitles":["CodeCheckPanel — non-ko renders carry no leftover Korean"],"fullName":"CodeCheckPanel — non-ko renders carry no leftover Korean lang=cn: group titles/field labels/units are English, not Korean","status":"passed","title":"lang=cn: group titles/field labels/units are English, not Korean","duration":44.769900000000234,"failureMessages":[],"meta":{},"tags":[]},{"ancestorTitles":["CodeCheckPanel — non-ko renders carry no leftover Korean"],"fullName":"CodeCheckPanel — non-ko renders carry no leftover Korean lang=es: group titles/field labels/units are English, not Korean","status":"passed","title":"lang=es: group titles/field labels/units are English, not Korean","duration":42.95539999999983,"failureMessages":[],"meta":{},"tags":[]},{"ancestorTitles":["CodeCheckPanel — non-ko renders carry no leftover Korean"],"fullName":"CodeCheckPanel — non-ko renders carry no leftover Korean lang=ar: group titles/field labels/units are English, not Korean","status":"passed","title":"lang=ar: group titles/field labels/units are English, not Korean","duration":27.181300000000192,"failureMessages":[],"meta":{},"tags":[]},{"ancestorTitles":["CodeCheckPanel — non-ko renders carry no leftover Korean"],"fullName":"CodeCheckPanel — non-ko renders carry no leftover Korean lang=kr: group titles/field labels/units stay Korean (unchanged originals)","status":"passed","title":"lang=kr: group titles/field labels/units stay Korean (unchanged originals)","duration":40.18469999999979,"failureMessages":[],"meta":{},"tags":[]},{"ancestorTitles":["CodeCheckPanel — non-ko renders carry no leftover Korean"],"fullName":"CodeCheckPanel — non-ko renders carry no leftover Korean lang=en: select option labels are English (e.g. stair usage dropdown)","status":"passed","title":"lang=en: select option labels are English (e.g. stair usage dropdown)","duration":41.48070000000007,"failureMessages":[],"meta":{},"tags":[]},{"ancestorTitles":["CodeCheckPanel — non-ko renders carry no leftover Korean"],"fullName":"CodeCheckPanel — non-ko renders carry no leftover Korean lang=en: a rendered report shows the \"statute\" badge, not 법령","status":"passed","title":"lang=en: a rendered report shows the \"statute\" badge, not 법령","duration":105.17900000000009,"failureMessages":[],"meta":{},"tags":[]},{"ancestorTitles":["CodeCheckPanel — non-ko renders carry no leftover Korean"],"fullName":"CodeCheckPanel — non-ko renders carry no leftover Korean lang=kr: a rendered report shows the 법령 badge (unchanged)","status":"passed","title":"lang=kr: a rendered report shows the 법령 badge (unchanged)","duration":88.05130000000008,"failureMessages":[],"meta":{},"tags":[]}],"startTime":1787755902652,"endTime":1787755903202.0513,"status":"passed","message":"","name":"C:/Users/gomd9/Downloads/nexysys_1/nexyfab.com/worktrees/platform/src/app/[lang]/nexyfab/design/CodeCheckPanel.i18n.test.tsx"},{"assertionResults":[{"ancestorTitles":["DesignInner localization wiring"],"fullName":"DesignInner localization wiring does not keep executable ko/en ternary UI branches","status":"passed","title":"does not keep executable ko/en ternary UI branches","duration":2.0698999999999614,"failureMessages":[],"meta":{},"tags":[]},{"ancestorTitles":["DesignInner localization wiring"],"fullName":"DesignInner localization wiring normalizes kr/cn route aliases through the shared copy helper","status":"passed","title":"normalizes kr/cn route aliases through the shared copy helper","duration":0.4615999999999758,"failureMessages":[],"meta":{},"tags":[]}],"startTime":1787755924804,"endTime":1787755924806.4617,"status":"passed","message":"","name":"C:/Users/gomd9/Downloads/nexysys_1/nexyfab.com/worktrees/platform/src/app/[lang]/nexyfab/design/DesignInner.i18n.test.ts"},{"assertionResults":[{"ancestorTitles":["FabPanel — rate card labels are language-branched, not fixed Korean"],"fullName":"FabPanel — rate card labels are language-branched, not fixed Korean lang=en: rate card uses the six-language catalog, no leftover Korean","status":"passed","title":"lang=en: rate card uses the six-language catalog, no leftover Korean","duration":101.57020000000011,"failureMessages":[],"meta":{},"tags":[]},{"ancestorTitles":["FabPanel — rate card labels are language-branched, not fixed Korean"],"fullName":"FabPanel — rate card labels are language-branched, not fixed Korean lang=ja: rate card uses the six-language catalog, no leftover Korean","status":"passed","title":"lang=ja: rate card uses the six-language catalog, no leftover Korean","duration":31.16859999999906,"failureMessages":[],"meta":{},"tags":[]},{"ancestorTitles":["FabPanel — rate card labels are language-branched, not fixed Korean"],"fullName":"FabPanel — rate card labels are language-branched, not fixed Korean lang=cn: rate card uses the six-language catalog, no leftover Korean","status":"passed","title":"lang=cn: rate card uses the six-language catalog, no leftover Korean","duration":30.29570000000058,"failureMessages":[],"meta":{},"tags":[]},{"ancestorTitles":["FabPanel — rate card labels are language-branched, not fixed Korean"],"fullName":"FabPanel — rate card labels are language-branched, not fixed Korean lang=es: rate card uses the six-language catalog, no leftover Korean","status":"passed","title":"lang=es: rate card uses the six-language catalog, no leftover Korean","duration":29.13420000000042,"failureMessages":[],"meta":{},"tags":[]},{"ancestorTitles":["FabPanel — rate card labels are language-branched, not fixed Korean"],"fullName":"FabPanel — rate card labels are language-branched, not fixed Korean lang=ar: rate card uses the six-language catalog, no leftover Korean","status":"passed","title":"lang=ar: rate card uses the six-language catalog, no leftover Korean","duration":30.29490000000078,"failureMessages":[],"meta":{},"tags":[]},{"ancestorTitles":["FabPanel — rate card labels are language-branched, not fixed Korean"],"fullName":"FabPanel — rate card labels are language-branched, not fixed Korean lang=kr: rate card keeps original Korean labels","status":"passed","title":"lang=kr: rate card keeps original Korean labels","duration":21.325000000000728,"failureMessages":[],"meta":{},"tags":[]},{"ancestorTitles":["FabPanel — FF&E seat-count suffix is language-branched"],"fullName":"FabPanel — FF&E seat-count suffix is language-branched lang=en: seat suffix reads \"seats\", not 석","status":"passed","title":"lang=en: seat suffix reads \"seats\", not 석","duration":22.43039999999928,"failureMessages":[],"meta":{},"tags":[]},{"ancestorTitles":["FabPanel — FF&E seat-count suffix is language-branched"],"fullName":"FabPanel — FF&E seat-count suffix is language-branched lang=kr: seat suffix reads 석","status":"passed","title":"lang=kr: seat suffix reads 석","duration":14.49749999999949,"failureMessages":[],"meta":{},"tags":[]}],"startTime":1787755902860,"endTime":1787755903141.4976,"status":"passed","message":"","name":"C:/Users/gomd9/Downloads/nexysys_1/nexyfab.com/worktrees/platform/src/app/[lang]/nexyfab/design/FabPanel.i18n.test.tsx"},{"assertionResults":[{"ancestorTitles":["Precision CAD agent i18n"],"fullName":"Precision CAD agent i18n covers every supported locale for controls, status, artifacts, and exact-promotion truth","status":"passed","title":"covers every supported locale for controls, status, artifacts, and exact-promotion truth","duration":3.8602999999999383,"failureMessages":[],"meta":{},"tags":[]}],"startTime":1787755921782,"endTime":1787755921785.8604,"status":"passed","message":"","name":"C:/Users/gomd9/Downloads/nexysys_1/nexyfab.com/worktrees/platform/src/app/[lang]/nexyfab/design/PrecisionCadAgentPanel.i18n.test.ts"},{"assertionResults":[{"ancestorTitles":["levelLabel — DFM issue badge label is language-branched"],"fullName":"levelLabel — DFM issue badge label is language-branched isKo=true: Korean labels","status":"passed","title":"isKo=true: Korean labels","duration":5.641899999999964,"failureMessages":[],"meta":{},"tags":[]},{"ancestorTitles":["levelLabel — DFM issue badge label is language-branched"],"fullName":"levelLabel — DFM issue badge label is language-branched isKo=false: English labels, no leaked Korean","status":"passed","title":"isKo=false: English labels, no leaked Korean","duration":8.095299999999952,"failureMessages":[],"meta":{},"tags":[]}],"startTime":1787755912026,"endTime":1787755912040.0952,"status":"passed","message":"","name":"C:/Users/gomd9/Downloads/nexysys_1/nexyfab.com/worktrees/platform/src/app/[lang]/nexyfab/dfm/page.i18n.test.ts"},{"assertionResults":[{"ancestorTitles":["fmtKRW — currency unit suffix is language-branched"],"fullName":"fmtKRW — currency unit suffix is language-branched isKo=false (lang=ja): \"KRW\" suffix, no 원","status":"passed","title":"isKo=false (lang=ja): \"KRW\" suffix, no 원","duration":22.422500000000014,"failureMessages":[],"meta":{},"tags":[]},{"ancestorTitles":["fmtKRW — currency unit suffix is language-branched"],"fullName":"fmtKRW — currency unit suffix is language-branched isKo=false (lang=cn): \"KRW\" suffix, no 원","status":"passed","title":"isKo=false (lang=cn): \"KRW\" suffix, no 원","duration":0.5037999999999556,"failureMessages":[],"meta":{},"tags":[]},{"ancestorTitles":["fmtKRW — currency unit suffix is language-branched"],"fullName":"fmtKRW — currency unit suffix is language-branched isKo=false (lang=es): \"KRW\" suffix, no 원","status":"passed","title":"isKo=false (lang=es): \"KRW\" suffix, no 원","duration":0.4701000000000022,"failureMessages":[],"meta":{},"tags":[]},{"ancestorTitles":["fmtKRW — currency unit suffix is language-branched"],"fullName":"fmtKRW — currency unit suffix is language-branched isKo=false (lang=ar): \"KRW\" suffix, no 원","status":"passed","title":"isKo=false (lang=ar): \"KRW\" suffix, no 원","duration":0.38639999999998054,"failureMessages":[],"meta":{},"tags":[]},{"ancestorTitles":["fmtKRW — currency unit suffix is language-branched"],"fullName":"fmtKRW — currency unit suffix is language-branched isKo=false (lang=en): \"KRW\" suffix, no 원","status":"passed","title":"isKo=false (lang=en): \"KRW\" suffix, no 원","duration":0.440900000000056,"failureMessages":[],"meta":{},"tags":[]},{"ancestorTitles":["fmtKRW — currency unit suffix is language-branched"],"fullName":"fmtKRW — currency unit suffix is language-branched isKo=true: keeps the original 원 suffix","status":"passed","title":"isKo=true: keeps the original 원 suffix","duration":0.330600000000004,"failureMessages":[],"meta":{},"tags":[]},{"ancestorTitles":["getDemoOrders — demo part/manufacturer names are language-branched"],"fullName":"getDemoOrders — demo part/manufacturer names are language-branched isKo=true: returns the original Korean names unchanged","status":"passed","title":"isKo=true: returns the original Korean names unchanged","duration":1.110400000000027,"failureMessages":[],"meta":{},"tags":[]},{"ancestorTitles":["getDemoOrders — demo part/manufacturer names are language-branched"],"fullName":"getDemoOrders — demo part/manufacturer names are language-branched isKo=false: returns English names, no Korean (Hangul) leakage","status":"passed","title":"isKo=false: returns English names, no Korean (Hangul) leakage","duration":1.0233999999999241,"failureMessages":[],"meta":{},"tags":[]},{"ancestorTitles":["getDemoOrders — demo part/manufacturer names are language-branched"],"fullName":"getDemoOrders — demo part/manufacturer names are language-branched isKo=false: every other order field is unchanged from the ko dataset","status":"passed","title":"isKo=false: every other order field is unchanged from the ko dataset","duration":0.5121000000000322,"failureMessages":[],"meta":{},"tags":[]},{"ancestorTitles":["getDemoOrders — demo part/manufacturer names are language-branched"],"fullName":"getDemoOrders — demo part/manufacturer names are language-branched localizes product names for every supported non-English locale","status":"passed","title":"localizes product names for every supported non-English locale","duration":0.502399999999966,"failureMessages":[],"meta":{},"tags":[]}],"startTime":1787755903825,"endTime":1787755903852.5122,"status":"passed","message":"","name":"C:/Users/gomd9/Downloads/nexysys_1/nexyfab.com/worktrees/platform/src/app/[lang]/nexyfab/orders/page.i18n.test.tsx"},{"assertionResults":[{"ancestorTitles":["formatQuoteAmount — currency unit suffix is language-branched"],"fullName":"formatQuoteAmount — currency unit suffix is language-branched isKo=false (lang=ja): \"KRW\" suffix, no 원","status":"passed","title":"isKo=false (lang=ja): \"KRW\" suffix, no 원","duration":17.366299999999683,"failureMessages":[],"meta":{},"tags":[]},{"ancestorTitles":["formatQuoteAmount — currency unit suffix is language-branched"],"fullName":"formatQuoteAmount — currency unit suffix is language-branched isKo=false (lang=cn): \"KRW\" suffix, no 원","status":"passed","title":"isKo=false (lang=cn): \"KRW\" suffix, no 원","duration":0.5192999999999302,"failureMessages":[],"meta":{},"tags":[]},{"ancestorTitles":["formatQuoteAmount — currency unit suffix is language-branched"],"fullName":"formatQuoteAmount — currency unit suffix is language-branched isKo=false (lang=es): \"KRW\" suffix, no 원","status":"passed","title":"isKo=false (lang=es): \"KRW\" suffix, no 원","duration":0.4157000000013795,"failureMessages":[],"meta":{},"tags":[]},{"ancestorTitles":["formatQuoteAmount — currency unit suffix is language-branched"],"fullName":"formatQuoteAmount — currency unit suffix is language-branched isKo=false (lang=ar): \"KRW\" suffix, no 원","status":"passed","title":"isKo=false (lang=ar): \"KRW\" suffix, no 원","duration":0.31890000000021246,"failureMessages":[],"meta":{},"tags":[]},{"ancestorTitles":["formatQuoteAmount — currency unit suffix is language-branched"],"fullName":"formatQuoteAmount — currency unit suffix is language-branched isKo=false (lang=en): \"KRW\" suffix, no 원","status":"passed","title":"isKo=false (lang=en): \"KRW\" suffix, no 원","duration":0.34249999999883585,"failureMessages":[],"meta":{},"tags":[]},{"ancestorTitles":["formatQuoteAmount — currency unit suffix is language-branched"],"fullName":"formatQuoteAmount — currency unit suffix is language-branched isKo=true: keeps the original 원 suffix","status":"passed","title":"isKo=true: keeps the original 원 suffix","duration":0.2864000000008673,"failureMessages":[],"meta":{},"tags":[]},{"ancestorTitles":["QuoteAcceptSection — quote amount currency unit is language-branched"],"fullName":"QuoteAcceptSection — quote amount currency unit is language-branched lang=en (isKo=false): quote amount shows a \"KRW\" suffix, not the Korean word 원","status":"passed","title":"lang=en (isKo=false): quote amount shows a \"KRW\" suffix, not the Korean word 원","duration":67.97600000000057,"failureMessages":[],"meta":{},"tags":[]},{"ancestorTitles":["QuoteAcceptSection — quote amount currency unit is language-branched"],"fullName":"QuoteAcceptSection — quote amount currency unit is language-branched lang=ja (isKo=false): quote amount shows a \"KRW\" suffix, not the Korean word 원","status":"passed","title":"lang=ja (isKo=false): quote amount shows a \"KRW\" suffix, not the Korean word 원","duration":30.16699999999946,"failureMessages":[],"meta":{},"tags":[]},{"ancestorTitles":["QuoteAcceptSection — quote amount currency unit is language-branched"],"fullName":"QuoteAcceptSection — quote amount currency unit is language-branched lang=cn (isKo=false): quote amount shows a \"KRW\" suffix, not the Korean word 원","status":"passed","title":"lang=cn (isKo=false): quote amount shows a \"KRW\" suffix, not the Korean word 원","duration":14.868200000000797,"failureMessages":[],"meta":{},"tags":[]},{"ancestorTitles":["QuoteAcceptSection — quote amount currency unit is language-branched"],"fullName":"QuoteAcceptSection — quote amount currency unit is language-branched lang=es (isKo=false): quote amount shows a \"KRW\" suffix, not the Korean word 원","status":"passed","title":"lang=es (isKo=false): quote amount shows a \"KRW\" suffix, not the Korean word 원","duration":30.23960000000079,"failureMessages":[],"meta":{},"tags":[]},{"ancestorTitles":["QuoteAcceptSection — quote amount currency unit is language-branched"],"fullName":"QuoteAcceptSection — quote amount currency unit is language-branched lang=ar (isKo=false): quote amount shows a \"KRW\" suffix, not the Korean word 원","status":"passed","title":"lang=ar (isKo=false): quote amount shows a \"KRW\" suffix, not the Korean word 원","duration":30.14509999999973,"failureMessages":[],"meta":{},"tags":[]},{"ancestorTitles":["QuoteAcceptSection — quote amount currency unit is language-branched"],"fullName":"QuoteAcceptSection — quote amount currency unit is language-branched lang=kr (isKo=true): quote amount keeps the original 원 suffix","status":"passed","title":"lang=kr (isKo=true): quote amount keeps the original 원 suffix","duration":30.23320000000058,"failureMessages":[],"meta":{},"tags":[]},{"ancestorTitles":["QuoteAcceptSection — post-accept order link preserves the real route locale"],"fullName":"QuoteAcceptSection — post-accept order link preserves the real route locale lang=en: \"view order progress\" link uses the real lang segment, not a hardcoded kr/en split","status":"passed","title":"lang=en: \"view order progress\" link uses the real lang segment, not a hardcoded kr/en split","duration":90.75979999999981,"failureMessages":[],"meta":{},"tags":[]},{"ancestorTitles":["QuoteAcceptSection — post-accept order link preserves the real route locale"],"fullName":"QuoteAcceptSection — post-accept order link preserves the real route locale lang=ja: \"view order progress\" link uses the real lang segment, not a hardcoded kr/en split","status":"passed","title":"lang=ja: \"view order progress\" link uses the real lang segment, not a hardcoded kr/en split","duration":46.12279999999919,"failureMessages":[],"meta":{},"tags":[]},{"ancestorTitles":["QuoteAcceptSection — post-accept order link preserves the real route locale"],"fullName":"QuoteAcceptSection — post-accept order link preserves the real route locale lang=cn: \"view order progress\" link uses the real lang segment, not a hardcoded kr/en split","status":"passed","title":"lang=cn: \"view order progress\" link uses the real lang segment, not a hardcoded kr/en split","duration":59.38659999999982,"failureMessages":[],"meta":{},"tags":[]},{"ancestorTitles":["QuoteAcceptSection — post-accept order link preserves the real route locale"],"fullName":"QuoteAcceptSection — post-accept order link preserves the real route locale lang=es: \"view order progress\" link uses the real lang segment, not a hardcoded kr/en split","status":"passed","title":"lang=es: \"view order progress\" link uses the real lang segment, not a hardcoded kr/en split","duration":45.42540000000008,"failureMessages":[],"meta":{},"tags":[]},{"ancestorTitles":["QuoteAcceptSection — post-accept order link preserves the real route locale"],"fullName":"QuoteAcceptSection — post-accept order link preserves the real route locale lang=ar: \"view order progress\" link uses the real lang segment, not a hardcoded kr/en split","status":"passed","title":"lang=ar: \"view order progress\" link uses the real lang segment, not a hardcoded kr/en split","duration":45.29730000000018,"failureMessages":[],"meta":{},"tags":[]},{"ancestorTitles":["QuoteAcceptSection — post-accept order link preserves the real route locale"],"fullName":"QuoteAcceptSection — post-accept order link preserves the real route locale lang=kr: \"view order progress\" link uses the real lang segment, not a hardcoded kr/en split","status":"passed","title":"lang=kr: \"view order progress\" link uses the real lang segment, not a hardcoded kr/en split","duration":44.67979999999989,"failureMessages":[],"meta":{},"tags":[]}],"startTime":1787755902857,"endTime":1787755903411.6797,"status":"passed","message":"","name":"C:/Users/gomd9/Downloads/nexysys_1/nexyfab.com/worktrees/platform/src/app/[lang]/nexyfab/rfq/page.i18n.test.tsx"},{"assertionResults":[{"ancestorTitles":["Settings page six-language card contract"],"fullName":"Settings page six-language card contract has a complete title/description pair for every supported locale","status":"passed","title":"has a complete title/description pair for every supported locale","duration":3.080699999999979,"failureMessages":[],"meta":{},"tags":[]},{"ancestorTitles":["Settings page six-language card contract"],"fullName":"Settings page six-language card contract renders all card pairs for ko without falling back to English","status":"passed","title":"renders all card pairs for ko without falling back to English","duration":79.7772,"failureMessages":[],"meta":{},"tags":[]},{"ancestorTitles":["Settings page six-language card contract"],"fullName":"Settings page six-language card contract renders all card pairs for en without falling back to English","status":"passed","title":"renders all card pairs for en without falling back to English","duration":27.914399999999887,"failureMessages":[],"meta":{},"tags":[]},{"ancestorTitles":["Settings page six-language card contract"],"fullName":"Settings page six-language card contract renders all card pairs for ja without falling back to English","status":"passed","title":"renders all card pairs for ja without falling back to English","duration":29.74070000000006,"failureMessages":[],"meta":{},"tags":[]},{"ancestorTitles":["Settings page six-language card contract"],"fullName":"Settings page six-language card contract renders all card pairs for zh without falling back to English","status":"passed","title":"renders all card pairs for zh without falling back to English","duration":27.386600000000044,"failureMessages":[],"meta":{},"tags":[]},{"ancestorTitles":["Settings page six-language card contract"],"fullName":"Settings page six-language card contract renders all card pairs for es without falling back to English","status":"passed","title":"renders all card pairs for es without falling back to English","duration":28.58269999999993,"failureMessages":[],"meta":{},"tags":[]},{"ancestorTitles":["Settings page six-language card contract"],"fullName":"Settings page six-language card contract renders all card pairs for ar without falling back to English","status":"passed","title":"renders all card pairs for ar without falling back to English","duration":22.57030000000009,"failureMessages":[],"meta":{},"tags":[]}],"startTime":1787755915527,"endTime":1787755915746.5703,"status":"passed","message":"","name":"C:/Users/gomd9/Downloads/nexysys_1/nexyfab.com/worktrees/platform/src/app/[lang]/nexyfab/settings/page.i18n.test.tsx"},{"assertionResults":[{"ancestorTitles":["FloatingAiPrompt six-language and RTL surface"],"fullName":"FloatingAiPrompt six-language and RTL surface renders localized prompt copy for every supported language","status":"passed","title":"renders localized prompt copy for every supported language","duration":178.74049999999988,"failureMessages":[],"meta":{},"tags":[]},{"ancestorTitles":["FloatingAiPrompt six-language and RTL surface"],"fullName":"FloatingAiPrompt six-language and RTL surface uses RTL direction and logical edge placement for Arabic","status":"passed","title":"uses RTL direction and logical edge placement for Arabic","duration":15.325600000000122,"failureMessages":[],"meta":{},"tags":[]}],"startTime":1787755913988,"endTime":1787755914182.3257,"status":"passed","message":"","name":"C:/Users/gomd9/Downloads/nexysys_1/nexyfab.com/worktrees/platform/src/app/[lang]/shape-generator/ai/FloatingAiPrompt.i18n.test.tsx"},{"assertionResults":[{"ancestorTitles":["useVoiceInput locale routing"],"fullName":"useVoiceInput locale routing selects a speech locale for every supported UI language, including Arabic","status":"passed","title":"selects a speech locale for every supported UI language, including Arabic","duration":20.198200000000043,"failureMessages":[],"meta":{},"tags":[]},{"ancestorTitles":["useVoiceInput locale routing"],"fullName":"useVoiceInput locale routing keeps an explicit recognition locale override intact","status":"passed","title":"keeps an explicit recognition locale override intact","duration":1.2132000000001426,"failureMessages":[],"meta":{},"tags":[]}],"startTime":1787755911221,"endTime":1787755911243.2131,"status":"passed","message":"","name":"C:/Users/gomd9/Downloads/nexysys_1/nexyfab.com/worktrees/platform/src/app/[lang]/shape-generator/ai/useVoiceInput.i18n.test.ts"},{"assertionResults":[{"ancestorTitles":["DFM PDF client errors"],"fullName":"DFM PDF client errors maps stable server errors to actionable ko copy","status":"passed","title":"maps stable server errors to actionable ko copy","duration":3.2174999999999727,"failureMessages":[],"meta":{},"tags":[]},{"ancestorTitles":["DFM PDF client errors"],"fullName":"DFM PDF client errors maps stable server errors to actionable en copy","status":"passed","title":"maps stable server errors to actionable en copy","duration":0.4188000000000329,"failureMessages":[],"meta":{},"tags":[]},{"ancestorTitles":["DFM PDF client errors"],"fullName":"DFM PDF client errors maps stable server errors to actionable ja copy","status":"passed","title":"maps stable server errors to actionable ja copy","duration":0.38389999999992597,"failureMessages":[],"meta":{},"tags":[]},{"ancestorTitles":["DFM PDF client errors"],"fullName":"DFM PDF client errors maps stable server errors to actionable zh copy","status":"passed","title":"maps stable server errors to actionable zh copy","duration":0.3210000000000264,"failureMessages":[],"meta":{},"tags":[]},{"ancestorTitles":["DFM PDF client errors"],"fullName":"DFM PDF client errors maps stable server errors to actionable es copy","status":"passed","title":"maps stable server errors to actionable es copy","duration":0.2743999999999005,"failureMessages":[],"meta":{},"tags":[]},{"ancestorTitles":["DFM PDF client errors"],"fullName":"DFM PDF client errors maps stable server errors to actionable ar copy","status":"passed","title":"maps stable server errors to actionable ar copy","duration":0.3120999999999867,"failureMessages":[],"meta":{},"tags":[]},{"ancestorTitles":["DFM PDF client errors"],"fullName":"DFM PDF client errors normalizes public route aliases and does not expose an unknown server error","status":"passed","title":"normalizes public route aliases and does not expose an unknown server error","duration":0.4209000000000742,"failureMessages":[],"meta":{},"tags":[]}],"startTime":1787755922265,"endTime":1787755922270.421,"status":"passed","message":"","name":"C:/Users/gomd9/Downloads/nexysys_1/nexyfab.com/worktrees/platform/src/app/[lang]/shape-generator/analysis/dfmPdfClientI18n.test.ts"},{"assertionResults":[{"ancestorTitles":["AwarenessPresencePanel i18n"],"fullName":"AwarenessPresencePanel i18n renders localized presence state for kr","status":"passed","title":"renders localized presence state for kr","duration":56.28039999999987,"failureMessages":[],"meta":{},"tags":[]},{"ancestorTitles":["AwarenessPresencePanel i18n"],"fullName":"AwarenessPresencePanel i18n renders localized presence state for en","status":"passed","title":"renders localized presence state for en","duration":6.487100000000055,"failureMessages":[],"meta":{},"tags":[]},{"ancestorTitles":["AwarenessPresencePanel i18n"],"fullName":"AwarenessPresencePanel i18n renders localized presence state for ja","status":"passed","title":"renders localized presence state for ja","duration":5.270400000000109,"failureMessages":[],"meta":{},"tags":[]},{"ancestorTitles":["AwarenessPresencePanel i18n"],"fullName":"AwarenessPresencePanel i18n renders localized presence state for cn","status":"passed","title":"renders localized presence state for cn","duration":4.504500000000007,"failureMessages":[],"meta":{},"tags":[]},{"ancestorTitles":["AwarenessPresencePanel i18n"],"fullName":"AwarenessPresencePanel i18n renders localized presence state for es","status":"passed","title":"renders localized presence state for es","duration":4.682600000000093,"failureMessages":[],"meta":{},"tags":[]},{"ancestorTitles":["AwarenessPresencePanel i18n"],"fullName":"AwarenessPresencePanel i18n renders localized presence state for ar","status":"passed","title":"renders localized presence state for ar","duration":3.9338000000000193,"failureMessages":[],"meta":{},"tags":[]}],"startTime":1787755921997,"endTime":1787755922077.9338,"status":"passed","message":"","name":"C:/Users/gomd9/Downloads/nexysys_1/nexyfab.com/worktrees/platform/src/app/[lang]/shape-generator/collab/AwarenessPresencePanel.i18n.test.tsx"},{"assertionResults":[{"ancestorTitles":["CAMWorkspacePanel i18n"],"fullName":"CAMWorkspacePanel i18n renders localized workspace chrome for kr","status":"passed","title":"renders localized workspace chrome for kr","duration":84.0458000000001,"failureMessages":[],"meta":{},"tags":[]},{"ancestorTitles":["CAMWorkspacePanel i18n"],"fullName":"CAMWorkspacePanel i18n renders localized workspace chrome for en","status":"passed","title":"renders localized workspace chrome for en","duration":13.772199999999884,"failureMessages":[],"meta":{},"tags":[]},{"ancestorTitles":["CAMWorkspacePanel i18n"],"fullName":"CAMWorkspacePanel i18n renders localized workspace chrome for ja","status":"passed","title":"renders localized workspace chrome for ja","duration":13.281400000000076,"failureMessages":[],"meta":{},"tags":[]},{"ancestorTitles":["CAMWorkspacePanel i18n"],"fullName":"CAMWorkspacePanel i18n renders localized workspace chrome for cn","status":"passed","title":"renders localized workspace chrome for cn","duration":9.256000000000085,"failureMessages":[],"meta":{},"tags":[]},{"ancestorTitles":["CAMWorkspacePanel i18n"],"fullName":"CAMWorkspacePanel i18n renders localized workspace chrome for es","status":"passed","title":"renders localized workspace chrome for es","duration":10.580999999999904,"failureMessages":[],"meta":{},"tags":[]},{"ancestorTitles":["CAMWorkspacePanel i18n"],"fullName":"CAMWorkspacePanel i18n renders localized workspace chrome for ar","status":"passed","title":"renders localized workspace chrome for ar","duration":7.807099999999991,"failureMessages":[],"meta":{},"tags":[]}],"startTime":1787755923966,"endTime":1787755924104.8071,"status":"passed","message":"","name":"C:/Users/gomd9/Downloads/nexysys_1/nexyfab.com/worktrees/platform/src/app/[lang]/shape-generator/cam/CAMWorkspacePanel.i18n.test.tsx"},{"assertionResults":[{"ancestorTitles":["CommandPaletteShell localization"],"fullName":"CommandPaletteShell localization uses the route locale for its dialog and search control","status":"passed","title":"uses the route locale for its dialog and search control","duration":81.18599999999992,"failureMessages":[],"meta":{},"tags":[]}],"startTime":1787755925362,"endTime":1787755925443.186,"status":"passed","message":"","name":"C:/Users/gomd9/Downloads/nexysys_1/nexyfab.com/worktrees/platform/src/app/[lang]/shape-generator/featureCatalog/CommandPaletteShell.i18n.test.tsx"},{"assertionResults":[{"ancestorTitles":["Shape Generator Precision i18n adapter"],"fullName":"Shape Generator Precision i18n adapter maps route aliases through the existing public normalizer","status":"passed","title":"maps route aliases through the existing public normalizer","duration":2.1265999999999394,"failureMessages":[],"meta":{},"tags":[]},{"ancestorTitles":["Shape Generator Precision i18n adapter"],"fullName":"Shape Generator Precision i18n adapter exposes Arabic RTL metadata","status":"passed","title":"exposes Arabic RTL metadata","duration":0.2622000000000071,"failureM
[...]
ed","title":"prefers an explicit body locale and normalizes browser aliases","duration":0.2819000000000642,"failureMessages":[],"meta":{},"tags":[]}],"startTime":1787755921562,"endTime":1787755921589.282,"status":"passed","message":"","name":"C:/Users/gomd9/Downloads/nexysys_1/nexyfab.com/worktrees/platform/src/app/api/nexyfab/shape-generator/dfm-pdf/dfmPdfI18n.test.ts"},{"assertionResults":[{"ancestorTitles":["pickRefGeomDict (6-lang dict selector)"],"fullName":"pickRefGeomDict (6-lang dict selector) returns the English dict when lang is undefined","status":"passed","title":"returns the English dict when lang is undefined","duration":1.570600000000013,"failureMessages":[],"meta":{},"tags":[]},{"ancestorTitles":["pickRefGeomDict (6-lang dict selector)"],"fullName":"pickRefGeomDict (6-lang dict selector) returns the English dict for unknown lang codes","status":"passed","title":"returns the English dict for unknown lang codes","duration":0.17200000000002547,"failureMessages":[],"meta":{},"tags":[]},{"ancestorTitles":["pickRefGeomDict (6-lang dict selector)"],"fullName":"pickRefGeomDict (6-lang dict selector) returns each canonical lang for the 6 supported codes","status":"passed","title":"returns each canonical lang for the 6 supported codes","duration":0.6594000000000051,"failureMessages":[],"meta":{},"tags":[]},{"ancestorTitles":["pickRefGeomDict (6-lang dict selector)"],"fullName":"pickRefGeomDict (6-lang dict selector) aliases kr → ko and cn → zh","status":"passed","title":"aliases kr → ko and cn → zh","duration":0.21810000000004948,"failureMessages":[],"meta":{},"tags":[]},{"ancestorTitles":["Korean canonical strings (spec §13.4)"],"fullName":"Korean canonical strings (spec §13.4) top-level group label is \"참조 형상\"","status":"passed","title":"top-level group label is \"참조 형상\"","duration":0.1406000000001768,"failureMessages":[],"meta":{},"tags":[]},{"ancestorTitles":["Korean canonical strings (spec §13.4)"],"fullName":"Korean canonical strings (spec §13.4) kind labels follow the spec §13.4 canon","status":"passed","title":"kind labels follow the spec §13.4 canon","duration":0.2078999999998814,"failureMessages":[],"meta":{},"tags":[]},{"ancestorTitles":["Korean canonical strings (spec §13.4)"],"fullName":"Korean canonical strings (spec §13.4) plane methods follow the spec §13.4 list","status":"passed","title":"plane methods follow the spec §13.4 list","duration":0.24879999999984648,"failureMessages":[],"meta":{},"tags":[]},{"ancestorTitles":["Korean canonical strings (spec §13.4)"],"fullName":"Korean canonical strings (spec §13.4) PlaneRef kind labels follow the project policy (참조/표준/면/직접 입력)","status":"passed","title":"PlaneRef kind labels follow the project policy (참조/표준/면/직접 입력)","duration":0.155100000000175,"failureMessages":[],"meta":{},"tags":[]},{"ancestorTitles":["Korean canonical strings (spec §13.4)"],"fullName":"Korean canonical strings (spec §13.4) dialog button labels are localised","status":"passed","title":"dialog button labels are localised","duration":0.18319999999994252,"failureMessages":[],"meta":{},"tags":[]},{"ancestorTitles":["Method-label helpers translate every method"],"fullName":"Method-label helpers translate every method plane methods all map to a non-empty Korean label","status":"passed","title":"plane methods all map to a non-empty Korean label","duration":0.3512000000000626,"failureMessages":[],"meta":{},"tags":[]},{"ancestorTitles":["Method-label helpers translate every method"],"fullName":"Method-label helpers translate every method axis methods all map to a non-empty Korean label","status":"passed","title":"axis methods all map to a non-empty Korean label","duration":0.22839999999996508,"failureMessages":[],"meta":{},"tags":[]},{"ancestorTitles":["Method-label helpers translate every method"],"fullName":"Method-label helpers translate every method point methods all map to a non-empty Korean label","status":"passed","title":"point methods all map to a non-empty Korean label","duration":0.2137000000000171,"failureMessages":[],"meta":{},"tags":[]},{"ancestorTitles":["Method-label helpers translate every method"],"fullName":"Method-label helpers translate every method csys methods all map to a non-empty Korean label","status":"passed","title":"csys methods all map to a non-empty Korean label","duration":0.16270000000008622,"failureMessages":[],"meta":{},"tags":[]},{"ancestorTitles":["Method-label helpers translate every method"],"fullName":"Method-label helpers translate every method English labels match the existing UI (regression check)","status":"passed","title":"English labels match the existing UI (regression check)","duration":0.22289999999998145,"failureMessages":[],"meta":{},"tags":[]},{"ancestorTitles":["errorCodeLabel (spec §7.4)"],"fullName":"errorCodeLabel (spec §7.4) translates each error code","status":"passed","title":"translates each error code","duration":0.1492000000000644,"failureMessages":[],"meta":{},"tags":[]}],"startTime":1787755887986,"endTime":1787755887991.223,"status":"passed","message":"","name":"C:/Users/gomd9/Downloads/nexysys_1/nexyfab.com/worktrees/platform/src/app/[lang]/shape-generator/referenceGeometry/__tests__/i18n.test.ts"},{"assertionResults":[{"ancestorTitles":["pickSheetMetalDict — 6-lang dict selector"],"fullName":"pickSheetMetalDict — 6-lang dict selector returns the English dict when lang is undefined","status":"passed","title":"returns the English dict when lang is undefined","duration":1.8510999999998603,"failureMessages":[],"meta":{},"tags":[]},{"ancestorTitles":["pickSheetMetalDict — 6-lang dict selector"],"fullName":"pickSheetMetalDict — 6-lang dict selector returns the English dict for unknown lang codes","status":"passed","title":"returns the English dict for unknown lang codes","duration":0.20239999999989777,"failureMessages":[],"meta":{},"tags":[]},{"ancestorTitles":["pickSheetMetalDict — 6-lang dict selector"],"fullName":"pickSheetMetalDict — 6-lang dict selector returns each canonical lang for the 6 supported codes","status":"passed","title":"returns each canonical lang for the 6 supported codes","duration":0.5278999999998177,"failureMessages":[],"meta":{},"tags":[]},{"ancestorTitles":["pickSheetMetalDict — 6-lang dict selector"],"fullName":"pickSheetMetalDict — 6-lang dict selector aliases kr→ko, cn→zh, jp→ja (route segment normalisation)","status":"passed","title":"aliases kr→ko, cn→zh, jp→ja (route segment normalisation)","duration":0.1951000000001386,"failureMessages":[],"meta":{},"tags":[]},{"ancestorTitles":["Korean canonical strings (spec §6.6)"],"fullName":"Korean canonical strings (spec §6.6) bend line = 절곡선","status":"passed","title":"bend line = 절곡선","duration":0.15330000000017208,"failureMessages":[],"meta":{},"tags":[]},{"ancestorTitles":["Korean canonical strings (spec §6.6)"],"fullName":"Korean canonical strings (spec §6.6) flat pattern = 전개도","status":"passed","title":"flat pattern = 전개도","duration":0.11979999999994106,"failureMessages":[],"meta":{},"tags":[]},{"ancestorTitles":["Korean canonical strings (spec §6.6)"],"fullName":"Korean canonical strings (spec §6.6) K-factor = K-팩터","status":"passed","title":"K-factor = K-팩터","duration":0.13440000000014152,"failureMessages":[],"meta":{},"tags":[]},{"ancestorTitles":["Korean canonical strings (spec §6.6)"],"fullName":"Korean canonical strings (spec §6.6) bend allowance = 절곡 허용량","status":"passed","title":"bend allowance = 절곡 허용량","duration":0.13560000000006767,"failureMessages":[],"meta":{},"tags":[]},{"ancestorTitles":["Korean canonical strings (spec §6.6)"],"fullName":"Korean canonical strings (spec §6.6) outline = 외곽선","status":"passed","title":"outline = 외곽선","duration":0.13570000000004256,"failureMessages":[],"meta":{},"tags":[]},{"ancestorTitles":["Korean canonical strings (spec §6.6)"],"fullName":"Korean canonical strings (spec §6.6) auto-drawing button = 자동 도면 생성","status":"passed","title":"auto-drawing button = 자동 도면 생성","duration":0.17830000000003565,"failureMessages":[],"meta":{},"tags":[]},{"ancestorTitles":["Korean canonical strings (spec §6.6)"],"fullName":"Korean canonical strings (spec §6.6) springback = 스프링백","status":"passed","title":"springback = 스프링백","duration":0.10989999999992506,"failureMessages":[],"meta":{},"tags":[]},{"ancestorTitles":["All 6 langs populate every key (no missing strings)"],"fullName":"All 6 langs populate every key (no missing strings) ko has every key populated","status":"passed","title":"ko has every key populated","duration":1.3742999999999483,"failureMessages":[],"meta":{},"tags":[]},{"ancestorTitles":["All 6 langs populate every key (no missing strings)"],"fullName":"All 6 langs populate every key (no missing strings) en has every key populated","status":"passed","title":"en has every key populated","duration":1.549600000000055,"failureMessages":[],"meta":{},"tags":[]},{"ancestorTitles":["All 6 langs populate every key (no missing strings)"],"fullName":"All 6 langs populate every key (no missing strings) ja has every key populated","status":"passed","title":"ja has every key populated","duration":1.465599999999995,"failureMessages":[],"meta":{},"tags":[]},{"ancestorTitles":["All 6 langs populate every key (no missing strings)"],"fullName":"All 6 langs populate every key (no missing strings) zh has every key populated","status":"passed","title":"zh has every key populated","duration":1.7431000000001404,"failureMessages":[],"meta":{},"tags":[]},{"ancestorTitles":["All 6 langs populate every key (no missing strings)"],"fullName":"All 6 langs populate every key (no missing strings) es has every key populated","status":"passed","title":"es has every key populated","duration":2.322200000000066,"failureMessages":[],"meta":{},"tags":[]},{"ancestorTitles":["All 6 langs populate every key (no missing strings)"],"fullName":"All 6 langs populate every key (no missing strings) ar has every key populated","status":"passed","title":"ar has every key populated","duration":1.6476999999999862,"failureMessages":[],"meta":{},"tags":[]},{"ancestorTitles":["Per-language native translations of the canonical terms"],"fullName":"Per-language native translations of the canonical terms Japanese: bend line = 曲げ線","status":"passed","title":"Japanese: bend line = 曲げ線","duration":0.15660000000002583,"failureMessages":[],"meta":{},"tags":[]},{"ancestorTitles":["Per-language native translations of the canonical terms"],"fullName":"Per-language native translations of the canonical terms Chinese: bend line = 折弯线","status":"passed","title":"Chinese: bend line = 折弯线","duration":0.10439999999994143,"failureMessages":[],"meta":{},"tags":[]},{"ancestorTitles":["Per-language native translations of the canonical terms"],"fullName":"Per-language native translations of the canonical terms Spanish: bend line = Línea de doblado","status":"passed","title":"Spanish: bend line = Línea de doblado","duration":0.08010000000012951,"failureMessages":[],"meta":{},"tags":[]},{"ancestorTitles":["Per-language native translations of the canonical terms"],"fullName":"Per-language native translations of the canonical terms Arabic: bend line = خط الانثناء","status":"passed","title":"Arabic: bend line = خط الانثناء","duration":0.07110000000011496,"failureMessages":[],"meta":{},"tags":[]},{"ancestorTitles":["Per-language native translations of the canonical terms"],"fullName":"Per-language native translations of the canonical terms Japanese: flat pattern = 展開図","status":"passed","title":"Japanese: flat pattern = 展開図","duration":0.0646999999999025,"failureMessages":[],"meta":{},"tags":[]},{"ancestorTitles":["Per-language native translations of the canonical terms"],"fullName":"Per-language native translations of the canonical terms Chinese: flat pattern = 展开图","status":"passed","title":"Chinese: flat pattern = 展开图","duration":0.062300000000050204,"failureMessages":[],"meta":{},"tags":[]},{"ancestorTitles":["Per-language native translations of the canonical terms"],"fullName":"Per-language native translations of the canonical terms Auto-drawing translates per spec table (each lang non-empty)","status":"passed","title":"Auto-drawing translates per spec table (each lang non-empty)","duration":0.233600000000024,"failureMessages":[],"meta":{},"tags":[]},{"ancestorTitles":["English regression check — common labels"],"fullName":"English regression check — common labels Auto-drawing English label is the canonical button text","status":"passed","title":"Auto-drawing English label is the canonical button text","duration":0.07450000000017099,"failureMessages":[],"meta":{},"tags":[]},{"ancestorTitles":["English regression check — common labels"],"fullName":"English regression check — common labels K-factor table column headers are Material / R/t / K","status":"passed","title":"K-factor table column headers are Material / R/t / K","duration":0.09009999999989304,"failureMessages":[],"meta":{},"tags":[]},{"ancestorTitles":["English regression check — common labels"],"fullName":"English regression check — common labels Deferred-worker note references the K-factor table fallback","status":"passed","title":"Deferred-worker note references the K-factor table fallback","duration":0.08130000000005566,"failureMessages":[],"meta":{},"tags":[]},{"ancestorTitles":["English regression check — common labels"],"fullName":"English regression check — common labels Material labels match the existing sheetMetalTables.ts catalog","status":"passed","title":"Material labels match the existing sheetMetalTables.ts catalog","duration":0.10239999999998872,"failureMessages":[],"meta":{},"tags":[]}],"startTime":1787755888084,"endTime":1787755888099.2336,"status":"passed","message":"","name":"C:/Users/gomd9/Downloads/nexysys_1/nexyfab.com/worktrees/platform/src/app/[lang]/shape-generator/features/sheetmetal/__tests__/sheetMetalI18n.test.ts"},{"assertionResults":[{"ancestorTitles":["pickThreadsDict (6-lang dict selector)"],"fullName":"pickThreadsDict (6-lang dict selector) returns the English dict when lang is undefined","status":"passed","title":"returns the English dict when lang is undefined","duration":2.0573000000000548,"failureMessages":[],"meta":{},"tags":[]},{"ancestorTitles":["pickThreadsDict (6-lang dict selector)"],"fullName":"pickThreadsDict (6-lang dict selector) returns the English dict for unknown lang codes","status":"passed","title":"returns the English dict for unknown lang codes","duration":0.2094000000000733,"failureMessages":[],"meta":{},"tags":[]},{"ancestorTitles":["pickThreadsDict (6-lang dict selector)"],"fullName":"pickThreadsDict (6-lang dict selector) returns each canonical lang for the 6 supported codes","status":"passed","title":"returns each canonical lang for the 6 supported codes","duration":0.7974000000000387,"failureMessages":[],"meta":{},"tags":[]},{"ancestorTitles":["pickThreadsDict (6-lang dict selector)"],"fullName":"pickThreadsDict (6-lang dict selector) aliases kr→ko, cn→zh, jp→ja (route segment normalisation)","status":"passed","title":"aliases kr→ko, cn→zh, jp→ja (route segment normalisation)","duration":0.29179999999996653,"failureMessages":[],"meta":{},"tags":[]},{"ancestorTitles":["Korean canonical strings (spec §10.5)"],"fullName":"Korean canonical strings (spec §10.5) thread = 나사산","status":"passed","title":"thread = 나사산","duration":0.14750000000003638,"failureMessages":[],"meta":{},"tags":[]},{"ancestorTitles":["Korean canonical strings (spec §10.5)"],"fullName":"Korean canonical strings (spec §10.5) male/external = 수나사, female/internal = 암나사","status":"passed","title":"male/external = 수나사, female/internal = 암나사","duration":0.13730000000009568,"failureMessages":[],"meta":{},"tags":[]},{"ancestorTitles":["Korean canonical strings (spec §10.5)"],"fullName":"Korean canonical strings (spec §10.5) right-hand = 오른나사, left-hand = 왼나사","status":"passed","title":"right-hand = 오른나사, left-hand = 왼나사","duration":0.29200000000003,"failureMessages":[],"meta":{},"tags":[]},{"ancestorTitles":["Korean canonical strings (spec §10.5)"],"fullName":"Korean canonical strings (spec §10.5) pitch = 피치, tap drill = 탭 드릴","status":"passed","title":"pitch = 피치, tap drill = 탭 드릴","duration":0.17589999999995598,"failureMessages":[],"meta":{},"tags":[]},{"ancestorTitles":["Korean canonical strings (spec §10.5)"],"fullName":"Korean canonical strings (spec §10.5) save = 저장, cancel = 취소, delete = 삭제","status":"passed","title":"save = 저장, cancel = 취소, delete = 삭제","duration":0.24959999999998672,"failureMessages":[],"meta":{},"tags":[]},{"ancestorTitles":["Series-label translator"],"fullName":"Series-label translator returns a non-empty label for every series in every lang","status":"passed","title":"returns a non-empty label for every series in every lang","duration":2.0597000000000207,"failureMessages":[],"meta":{},"tags":[]},{"ancestorTitles":["Series-label translator"],"fullName":"Series-label translator ISO M coarse/fine labels are distinct (no collision)","status":"passed","title":"ISO M coarse/fine labels are distinct (no collision)","duration":0.7096000000000231,"failureMessages":[],"meta":{},"tags":[]},{"ancestorTitles":["All 6 langs populate every key (no missing strings)"],"fullName":"All 6 langs populate every key (no missing strings) ko has every key populated","status":"passed","title":"ko has every key populated","duration":1.9787000000000035,"failureMessages":[],"meta":{},"tags":[]},{"ancestorTitles":["All 6 langs populate every key (no missing strings)"],"fullName":"All 6 langs populate every key (no missing strings) en has every key populated","status":"passed","title":"en has every key populated","duration":2.0527000000000726,"failureMessages":[],"meta":{},"tags":[]},{"ancestorTitles":["All 6 langs populate every key (no missing strings)"],"fullName":"All 6 langs populate every key (no missing strings) ja has every key populated","status":"passed","title":"ja has every key populated","duration":1.9732999999999947,"failureMessages":[],"meta":{},"tags":[]},{"ancestorTitles":["All 6 langs populate every key (no missing strings)"],"fullName":"All 6 langs populate every key (no missing strings) zh has every key populated","status":"passed","title":"zh has every key populated","duration":1.8985000000000127,"failureMessages":[],"meta":{},"tags":[]},{"ancestorTitles":["All 6 langs populate every key (no missing strings)"],"fullName":"All 6 langs populate every key (no missing strings) es has every key populated","status":"passed","title":"es has every key populated","duration":1.3129999999999882,"failureMessages":[],"meta":{},"tags":[]},{"ancestorTitles":["All 6 langs populate every key (no missing strings)"],"fullName":"All 6 langs populate every key (no missing strings) ar has every key populated","status":"passed","title":"ar has every key populated","duration":1.836400000000026,"failureMessages":[],"meta":{},"tags":[]},{"ancestorTitles":["English regression check — common labels"],"fullName":"English regression check — common labels Add Thread is the canonical button label","status":"passed","title":"Add Thread is the canonical button label","duration":0.13930000000004839,"failureMessages":[],"meta":{},"tags":[]},{"ancestorTitles":["English regression check — common labels"],"fullName":"English regression check — common labels badge labels are the lowercase 1-word forms used in §10.1 mock","status":"passed","title":"badge labels are the lowercase 1-word forms used in §10.1 mock","duration":0.10050000000001091,"failureMessages":[],"meta":{},"tags":[]},{"ancestorTitles":["English regression check — common labels"],"fullName":"English regression check — common labels cancel/save match SolidWorks-style modal language","status":"passed","title":"cancel/save match SolidWorks-style modal language","duration":0.10469999999997981,"failureMessages":[],"meta":{},"tags":[]}],"startTime":1787755888776,"endTime":1787755888796.1047,"status":"passed","message":"","name":"C:/Users/gomd9/Downloads/nexysys_1/nexyfab.com/worktrees/platform/src/app/[lang]/shape-generator/features/threads/__tests__/i18n.test.ts"}]}